Load "..\\OBJ\\Template.axf" 
Set JLink Project File to "d:\Èð±¦¿Æ\new2\stm32\USER\JLinkSettings.ini"* JLink Info: Device "STM32F103RC" selected.

JLink info:
------------
DLL: V6.10i, compiled Oct 25 2016 19:31:51
Firmware: J-Link V9 compiled May  7 2021 16:26:12
Hardware: V9.70
S/N : 20730101 
Feature(s) : GDB, RDI, FlashBP, FlashDL, JFlash 

* JLink Info: Found SWD-DP with ID 0x1BA01477
* JLink Info: Found SWD-DP with ID 0x1BA01477
* JLink Info: AP-IDR: 0x14770011, Type: AHB-AP
* JLink Info: Found Cortex-M3 r1p1, Little endian.
* JLink Info: FPUnit: 6 code (BP) slots and 2 literal slots
* JLink Info: CoreSight components:
* JLink Info: ROMTbl 0 @ E00FF000
* JLink Info: ROMTbl 0 [0]: FFF0F000, CID: B105E00D, PID: 001BB000 SCS
* JLink Info: ROMTbl 0 [1]: FFF02000, CID: B105E00D, PID: 001BB002 DWT
* JLink Info: ROMTbl 0 [2]: FFF03000, CID: B105E00D, PID: 000BB003 FPB
* JLink Info: ROMTbl 0 [3]: FFF01000, CID: B105E00D, PID: 001BB001 ITM
* JLink Info: ROMTbl 0 [4]: FFF41000, CID: B105900D, PID: 001BB923 TPIU-Lite
* JLink Info: ROMTbl 0 [5]: FFF42000, CID: B105900D, PID: 101BB924 ETM-M3
ROMTableAddr = 0xE00FF000

Target info:
------------
Device: STM32F103RC
VTarget = 3.277V
State of Pins: TCK: 0, TDI: 1, TDO: 0, TMS: 1, TRES: 1, TRST: 1
Hardware-Breakpoints: 6
Software-Breakpoints: 8192
Watchpoints:          4
JTAG speed: 12000 kHz

Full Chip Erase Done.Programming Done.Application running ...
Flash Load finished at 16:59:50
