C251 COMPILER V5.60.0,  APP                                                                19/09/23  21:23:33  PAGE 1   


C251 COMPILER V5.60.0, COMPILATION OF MODULE APP
OBJECT MODULE PLACED IN .\list\APP.obj
COMPILER INVOKED BY: D:\keilc251\C251\BIN\C251.EXE ..\App\src\APP.c LARGE INTR2 ROM(HUGE) BROWSE INCDIR(..\Driver\inc;..
                    -\User;..\App\inc) DEBUG PRINT(.\list\APP.lst) TABS(2) OBJECT(.\list\APP.obj) 

stmt  level    source

    1          /*---------------------------------------------------------------------*/
    2          /* --- STC MCU Limited ------------------------------------------------*/
    3          /* --- STC 1T Series MCU Demo Programme -------------------------------*/
    4          /* --- Mobile: (86)13922805190 ----------------------------------------*/
    5          /* --- Fax: 86-0513-55012956,55012947,55012969 ------------------------*/
    6          /* --- Tel: 86-0513-55012928,55012929,55012966 ------------------------*/
    7          /* --- Web: www.STCMCU.com --------------------------------------------*/
    8          /* --- Web: www.STCMCUDATA.com  ---------------------------------------*/
    9          /* --- QQ:  800003751 -------------------------------------------------*/
   10          /* 如果要在程序中使用此代码,请在程序中注明使用了STC的资料及程序            */
   11          /*---------------------------------------------------------------------*/
   12          
   13          #include  "APP.h"
*** WARNING C317 IN LINE 89 OF \瑞宝科\new2\lcd显示屏_33.1776\App\inc\APP_Lamp.h: attempt to redefine macro 'WHITE'
*** WARNING C317 IN LINE 91 OF \瑞宝科\new2\lcd显示屏_33.1776\App\inc\APP_Lamp.h: attempt to redefine macro 'BLUE'
*** WARNING C317 IN LINE 95 OF \瑞宝科\new2\lcd显示屏_33.1776\App\inc\APP_Lamp.h: attempt to redefine macro 'RED'
*** WARNING C317 IN LINE 97 OF \瑞宝科\new2\lcd显示屏_33.1776\App\inc\APP_Lamp.h: attempt to redefine macro 'GREEN'
   14          
   15          //========================================================================
   16          //                               本地常量声明 
   17          //========================================================================
   18          
   19          //u8 code t_display[]={                       //标准字库
   20          ////   0    1    2    3    4    5    6    7    8    9    A    B    C    D    E    F
   21          //    0x3F,0x06,0x5B,0x4F,0x66,0x6D,0x7D,0x07,0x7F,0x6F,0x77,0x7C,0x39,0x5E,0x79,0x71,
   22          ////black  -     H    J    K    L    N    o   P    U     t    G    Q    r   M    y
   23          //    0x00,0x40,0x76,0x1E,0x70,0x38,0x37,0x5C,0x73,0x3E,0x78,0x3d,0x67,0x50,0x37,0x6e,
   24          //    0xBF,0x86,0xDB,0xCF,0xE6,0xED,0xFD,0x87,0xFF,0xEF,0x46};    //0. 1. 2. 3. 4. 5. 6. 7. 8. 9. -1
   25          
   26          //u8 code T_COM[]={0x01,0x02,0x04,0x08,0x10,0x20,0x40,0x80};      //位码
   27          
   28          //u8 code T_KeyTable[16] = {0,1,2,0,3,0,0,0,4,0,0,0,0,0,0,0};
   29          
   30          //========================================================================
   31          //                               本地变量声明
   32          //========================================================================
   33          
   34          
   35          
   36          //========================================================================
   37          // 函数: APP_config
   38          // 描述: 用户应用程序初始化.
   39          // 参数: None.
   40          // 返回: None.
   41          // 版本: V1.0, 2020-09-24
   42          //========================================================================
   43          void APP_config(void)
   44          {
   45   1        Lamp_init();
   46   1      //  LCD_Init();
   47   1      //  ADtoUART_init();
   48   1      //  INTtoUART_init();
   49   1      //  RTC_init();
   50   1      //  I2C_PS_init();
   51   1      //  SPI_PS_init();
   52   1      //  EEPROM_init();
   53   1      //  WDT_init();
   54   1      //  PWMA_Output_init();
C251 COMPILER V5.60.0,  APP                                                                19/09/23  21:23:33  PAGE 2   

   55   1      //  PWMB_Output_init();
   56   1      //  DMA_AD_init();
   57   1      //  DMA_M2M_init();
   58   1      //  DMA_UART_init();
   59   1      //  DMA_SPI_PS_init();
   60   1      //  DMA_LCM_init();
   61   1      //  DMA_I2C_init();
   62   1      //  CAN_init();
   63   1      //  LIN_init();
   64   1      //  USART_LIN_init();
   65   1      //  USART2_LIN_init();
   66   1      //  HSSPI_init();
   67   1      //  HSPWM_init();
   68   1      }
   69          
   70          


Module Information          Static   Overlayable
------------------------------------------------
  code size            =    ------     ------
  ecode size           =         4     ------
  data size            =    ------     ------
  idata size           =    ------     ------
  pdata size           =    ------     ------
  xdata size           =    ------     ------
  xdata-const size     =    ------     ------
  edata size           =    ------     ------
  bit size             =    ------     ------
  ebit size            =    ------     ------
  bitaddressable size  =    ------     ------
  ebitaddressable size =    ------     ------
  far data size        =    ------     ------
  huge data size       =    ------     ------
  const size           =    ------     ------
  hconst size          =    ------     ------
End of Module Information.


C251 COMPILATION COMPLETE.  4 WARNING(S),  0 ERROR(S)
