C251 COMPILER V5.60.0,  STC32G_CAN_Isr                                                     19/09/23  21:23:38  PAGE 1   


C251 COMPILER V5.60.0, COMPILATION OF MODULE STC32G_CAN_Isr
OBJECT MODULE PLACED IN .\list\STC32G_CAN_Isr.obj
COMPILER INVOKED BY: D:\keilc251\C251\BIN\C251.EXE ..\Driver\isr\STC32G_CAN_Isr.c LARGE INTR2 ROM(HUGE) BROWSE INCDIR(..
                    -\Driver\inc;..\User;..\App\inc) DEBUG PRINT(.\list\STC32G_CAN_Isr.lst) TABS(2) OBJECT(.\list\STC32G_CAN_Isr.obj) 

stmt  level    source

    1          /*---------------------------------------------------------------------*/
    2          /* --- STC MCU Limited ------------------------------------------------*/
    3          /* --- STC 1T Series MCU Demo Programme -------------------------------*/
    4          /* --- Mobile: (86)13922805190 ----------------------------------------*/
    5          /* --- Fax: 86-0513-55012956,55012947,55012969 ------------------------*/
    6          /* --- Tel: 86-0513-55012928,55012929,55012966 ------------------------*/
    7          /* --- Web: www.STCAI.com ---------------------------------------------*/
    8          /* --- Web: www.STCMCUDATA.com  ---------------------------------------*/
    9          /* --- BBS: www.STCAIMCU.com  -----------------------------------------*/
   10          /* --- QQ:  800003751 -------------------------------------------------*/
   11          /* 如果要在程序中使用此代码,请在程序中注明使用了STC的资料及程序            */
   12          /*---------------------------------------------------------------------*/
   13          
   14          #include  "STC32G_CAN.h"
   15          
   16          bit B_Can1Send;     //CAN1 发送完成标志
   17          bit B_Can2Send;     //CAN2 发送完成标志
   18          bit B_Can1Read;     //CAN1 收到数据标志
   19          bit B_Can2Read;     //CAN2 收到数据标志
   20          
   21          //========================================================================
   22          // 函数: CAN1_ISR_Handler
   23          // 描述: CAN1中断函数.
   24          // 参数: none.
   25          // 返回: none.
   26          // 版本: V1.0, 2022-03-27
   27          //========================================================================
   28          void CAN1_ISR_Handler (void) interrupt CAN1_VECTOR
   29          {
   30   1      
   31   1      }
   32          
   33          //========================================================================
   34          // 函数: CAN2_ISR_Handler
   35          // 描述: CAN2中断函数.
   36          // 参数: none.
   37          // 返回: none.
   38          // 版本: V1.0, 2022-03-27
   39          //========================================================================
   40          void CAN2_ISR_Handler (void) interrupt CAN2_VECTOR
   41          {
   42   1        
   43   1      }
   44          
   45          


Module Information          Static   Overlayable
------------------------------------------------
  code size            =         8     ------
  ecode size           =         2     ------
  data size            =    ------     ------
  idata size           =    ------     ------
  pdata size           =    ------     ------
  xdata size           =    ------     ------
  xdata-const size     =    ------     ------
  edata size           =    ------     ------
  bit size             =         4     ------
  ebit size            =    ------     ------
C251 COMPILER V5.60.0,  STC32G_CAN_Isr                                                     19/09/23  21:23:38  PAGE 2   

  bitaddressable size  =    ------     ------
  ebitaddressable size =    ------     ------
  far data size        =    ------     ------
  huge data size       =    ------     ------
  const size           =    ------     ------
  hconst size          =    ------     ------
End of Module Information.


C251 COMPILATION COMPLETE.  0 WARNING(S),  0 ERROR(S)
