C251 COMPILER V5.60.0,  STC32G_I2C_Isr                                                     31/07/23  21:38:32  PAGE 1   


C251 COMPILER V5.60.0, COMPILATION OF MODULE STC32G_I2C_Isr
OBJECT MODULE PLACED IN .\list\STC32G_I2C_Isr.obj
COMPILER INVOKED BY: D:\keilc251\C251\BIN\C251.EXE ..\Driver\isr\STC32G_I2C_Isr.c LARGE INTR2 ROM(HUGE) BROWSE INCDIR(..
                    -\Driver\inc;..\User;..\App\inc) DEBUG PRINT(.\list\STC32G_I2C_Isr.lst) TABS(2) OBJECT(.\list\STC32G_I2C_Isr.obj) 

stmt  level    source

    1          /*---------------------------------------------------------------------*/
    2          /* --- STC MCU Limited ------------------------------------------------*/
    3          /* --- STC 1T Series MCU Demo Programme -------------------------------*/
    4          /* --- Mobile: (86)13922805190 ----------------------------------------*/
    5          /* --- Fax: 86-0513-55012956,55012947,55012969 ------------------------*/
    6          /* --- Tel: 86-0513-55012928,55012929,55012966 ------------------------*/
    7          /* --- Web: www.STCAI.com ---------------------------------------------*/
    8          /* --- Web: www.STCMCUDATA.com  ---------------------------------------*/
    9          /* --- BBS: www.STCAIMCU.com  -----------------------------------------*/
   10          /* --- QQ:  800003751 -------------------------------------------------*/
   11          /* 如果要在程序中使用此代码,请在程序中注明使用了STC的资料及程序            */
   12          /*---------------------------------------------------------------------*/
   13          
   14          #include  "STC32G_I2C.h"
   15          
   16          //========================================================================
   17          //                               本地变量声明
   18          //========================================================================
   19          
   20          I2C_IsrTypeDef I2CIsr;
   21          bit DisplayFlag;
   22          
   23          //========================================================================
   24          //                            外部函数和变量声明
   25          //========================================================================
   26          
   27          
   28          //========================================================================
   29          // 函数: I2C_ISR_Handler
   30          // 描述: I2C中断函数.
   31          // 参数: none.
   32          // 返回: none.
   33          // 版本: V1.0, 2020-09-23
   34          //========================================================================
   35          void I2C_ISR_Handler() interrupt I2C_VECTOR
   36          {
   37   1        // TODO: 在此处添加用户代码
   38   1      
   39   1      }
   40          


Module Information          Static   Overlayable
------------------------------------------------
  code size            =         4     ------
  ecode size           =         1     ------
  data size            =    ------     ------
  idata size           =    ------     ------
  pdata size           =    ------     ------
  xdata size           =         3     ------
  xdata-const size     =    ------     ------
  edata size           =    ------     ------
  bit size             =         1     ------
  ebit size            =    ------     ------
  bitaddressable size  =    ------     ------
  ebitaddressable size =    ------     ------
  far data size        =    ------     ------
  huge data size       =    ------     ------
  const size           =    ------     ------
C251 COMPILER V5.60.0,  STC32G_I2C_Isr                                                     31/07/23  21:38:32  PAGE 2   

  hconst size          =    ------     ------
End of Module Information.


C251 COMPILATION COMPLETE.  0 WARNING(S),  0 ERROR(S)
