C251 COMPILER V5.60.0,  STC32G_UART                                                        31/07/23  21:55:30  PAGE 1   


C251 COMPILER V5.60.0, COMPILATION OF MODULE STC32G_UART
OBJECT MODULE PLACED IN .\list\STC32G_UART.obj
COMPILER INVOKED BY: D:\keilc251\C251\BIN\C251.EXE ..\Driver\src\STC32G_UART.c LARGE INTR2 ROM(HUGE) BROWSE INCDIR(..\Dr
                    -iver\inc;..\User;..\App\inc) DEBUG PRINT(.\list\STC32G_UART.lst) TABS(2) OBJECT(.\list\STC32G_UART.obj) 

stmt  level    source

    1          /*---------------------------------------------------------------------*/
    2          /* --- STC MCU Limited ------------------------------------------------*/
    3          /* --- STC 1T Series MCU Demo Programme -------------------------------*/
    4          /* --- Mobile: (86)13922805190 ----------------------------------------*/
    5          /* --- Fax: 86-0513-55012956,55012947,55012969 ------------------------*/
    6          /* --- Tel: 86-0513-55012928,55012929,55012966 ------------------------*/
    7          /* --- Web: www.STCAI.com ---------------------------------------------*/
    8          /* --- Web: www.STCMCUDATA.com  ---------------------------------------*/
    9          /* --- BBS: www.STCAIMCU.com  -----------------------------------------*/
   10          /* --- QQ:  800003751 -------------------------------------------------*/
   11          /* 如果要在程序中使用此代码,请在程序中注明使用了STC的资料及程序            */
   12          /*---------------------------------------------------------------------*/
   13          
   14          #include "STC32G_UART.h"
   15          
   16          //========================================================================
   17          //                               本地变量声明
   18          //========================================================================
   19          
   20          #ifdef UART1
   21          COMx_Define COM1;
   22          u8  UART_BUF_type TX1_Buffer[COM_TX1_Lenth];  //发送缓冲
   23          u8  UART_BUF_type RX1_Buffer[COM_RX1_Lenth];  //接收缓冲
   24          #endif
   25          #ifdef UART2
   26          COMx_Define COM2;
   27          u8  UART_BUF_type TX2_Buffer[COM_TX2_Lenth];  //发送缓冲
   28          u8  UART_BUF_type RX2_Buffer[COM_RX2_Lenth];  //接收缓冲
   29          #endif
   30          #ifdef UART3
   31          COMx_Define COM3;
   32          u8  UART_BUF_type TX3_Buffer[COM_TX3_Lenth];  //发送缓冲
   33          u8  UART_BUF_type RX3_Buffer[COM_RX3_Lenth];  //接收缓冲
   34          #endif
   35          #ifdef UART4
   36          COMx_Define COM4;
   37          u8  UART_BUF_type TX4_Buffer[COM_TX4_Lenth];  //发送缓冲
   38          u8  UART_BUF_type RX4_Buffer[COM_RX4_Lenth];  //接收缓冲
   39          #endif
   40          
   41          //========================================================================
   42          // 函数: UART_Configuration
   43          // 描述: UART初始化程序.
   44          // 参数: UARTx: UART组号, COMx结构参数,请参考UART.h里的定义.
   45          // 返回: none.
   46          // 版本: V1.0, 2012-10-22
   47          //========================================================================
   48          u8 UART_Configuration(u8 UARTx, COMx_InitDefine *COMx)
   49          {
   50   1      #if  defined( UART1 ) || defined( UART2 ) || defined( UART3 ) || defined( UART4 )
   51   1        u16 i;
   52   1        u32 j;
   53   1      #else
                 UARTx = NULL;
                 COMx = NULL;
               #endif
   57   1      
   58   1      #ifdef UART1
C251 COMPILER V5.60.0,  STC32G_UART                                                        31/07/23  21:55:30  PAGE 2   

   59   1        if(UARTx == UART1)
   60   1        {
   61   2          COM1.TX_send    = 0;
   62   2          COM1.TX_write   = 0;
   63   2          COM1.B_TX_busy  = 0;
   64   2          COM1.RX_Cnt     = 0;
   65   2          COM1.RX_TimeOut = 0;
   66   2          
   67   2          for(i=0; i<COM_TX1_Lenth; i++)  TX1_Buffer[i] = 0;
   68   2          for(i=0; i<COM_RX1_Lenth; i++)  RX1_Buffer[i] = 0;
   69   2      
   70   2          SCON = (SCON & 0x3f) | COMx->UART_Mode; //模式设置
   71   2          if((COMx->UART_Mode == UART_9bit_BRTx) || (COMx->UART_Mode == UART_8bit_BRTx))  //可变波特率
   72   2          {
   73   3            j = (MAIN_Fosc / 4) / COMx->UART_BaudRate;  //按1T计算
   74   3            if(j >= 65536UL)  return FAIL;  //错误
   75   3            j = 65536UL - j;
   76   3            if(COMx->UART_BRT_Use == BRT_Timer2)
   77   3            {
   78   4              T2R = 0;    //Timer stop
   79   4              S1BRT = 1;  //S1 BRT Use Timer2;
   80   4              T2_CT = 0;  //Timer2 set As Timer
   81   4              T2x12 = 1;  //Timer2 set as 1T mode
   82   4              T2H = (u8)(j>>8);
   83   4              T2L = (u8)j;
   84   4              T2R = 1;    //Timer run enable
   85   4            }
   86   3            else
   87   3            {
   88   4              TR1 = 0;
   89   4              S1BRT = 0;    //S1 BRT Use Timer1;
   90   4              T1_CT = 0;    //Timer1 set As Timer
   91   4              TMOD &= ~0x30;//Timer1_16bitAutoReload;
   92   4              T1x12 = 1;    //Timer1 set as 1T mode
   93   4              TH1 = (u8)(j>>8);
   94   4              TL1 = (u8)j;
   95   4              TR1  = 1;
   96   4            }
   97   3          }
   98   2          else if(COMx->UART_Mode == UART_ShiftRight)
   99   2          {
  100   3            if(COMx->BaudRateDouble == ENABLE)  S1M0x6 = 1; //固定波特率SysClk/2
  101   3            else                S1M0x6 = 0; //固定波特率SysClk/12
  102   3          }
  103   2          else if(COMx->UART_Mode == UART_9bit) //固定波特率SysClk*2^SMOD/64
  104   2          {
  105   3            if(COMx->BaudRateDouble == ENABLE)  SMOD = 1; //固定波特率SysClk/32
  106   3            else                SMOD = 0; //固定波特率SysClk/64
  107   3          }
  108   2          UART1_RxEnable(COMx->UART_RxEnable);  //UART接收使能
  109   2      
  110   2          return SUCCESS;
  111   2        }
  112   1      #endif
  113   1      #ifdef UART2
  114   1        if(UARTx == UART2)
  115   1        {
  116   2          COM2.TX_send    = 0;
  117   2          COM2.TX_write   = 0;
  118   2          COM2.B_TX_busy  = 0;
  119   2          COM2.RX_Cnt     = 0;
  120   2          COM2.RX_TimeOut = 0;
  121   2      
  122   2          for(i=0; i<COM_TX2_Lenth; i++)  TX2_Buffer[i] = 0;
  123   2          for(i=0; i<COM_RX2_Lenth; i++)  RX2_Buffer[i] = 0;
  124   2      
C251 COMPILER V5.60.0,  STC32G_UART                                                        31/07/23  21:55:30  PAGE 3   

  125   2          S2CON = (S2CON & 0x3f) | COMx->UART_Mode; //模式设置
  126   2          if((COMx->UART_Mode == UART_9bit_BRTx) ||(COMx->UART_Mode == UART_8bit_BRTx)) //可变波特率
  127   2          {
  128   3            j = (MAIN_Fosc / 4) / COMx->UART_BaudRate;  //按1T计算
  129   3            if(j >= 65536UL)  return FAIL;  //错误
  130   3            j = 65536UL - j;
  131   3            T2R = 0;    //Timer stop
  132   3            T2_CT = 0;  //Timer2 set As Timer
  133   3            T2x12 = 1;  //Timer2 set as 1T mode
  134   3            T2H = (u8)(j>>8);
  135   3            T2L = (u8)j;
  136   3            T2R = 1;    //Timer run enable
  137   3          }
  138   2          else  return FAIL;  //模式错误
  139   2          UART2_RxEnable(COMx->UART_RxEnable);  //UART接收使能
  140   2      
  141   2          return SUCCESS;
  142   2        }
  143   1      #endif
  144   1      #ifdef UART3
  145   1        if(UARTx == UART3)
  146   1        {
  147   2          COM3.TX_send    = 0;
  148   2          COM3.TX_write   = 0;
  149   2          COM3.B_TX_busy  = 0;
  150   2          COM3.RX_Cnt     = 0;
  151   2          COM3.RX_TimeOut = 0;
  152   2          for(i=0; i<COM_TX3_Lenth; i++)  TX3_Buffer[i] = 0;
  153   2          for(i=0; i<COM_RX3_Lenth; i++)  RX3_Buffer[i] = 0;
  154   2      
  155   2          if((COMx->UART_Mode == UART_9bit_BRTx) || (COMx->UART_Mode == UART_8bit_BRTx))  //可变波特率
  156   2          {
  157   3            if(COMx->UART_Mode == UART_9bit_BRTx) S3_9bit();  //9bit
  158   3            else                  S3_8bit();  //8bit
  159   3            j = (MAIN_Fosc / 4) / COMx->UART_BaudRate;  //按1T计算
  160   3            if(j >= 65536UL)  return FAIL;  //错误
  161   3            j = 65536UL - j;
  162   3            if(COMx->UART_BRT_Use == BRT_Timer2)
  163   3            {
  164   4              T2R = 0;    //Timer stop
  165   4              S3_BRT_UseTimer2(); //S3 BRT Use Timer2;
  166   4              T2_CT = 0;  //Timer2 set As Timer
  167   4              T2x12 = 1;  //Timer2 set as 1T mode
  168   4              T2H = (u8)(j>>8);
  169   4              T2L = (u8)j;
  170   4              T2R = 1;    //Timer run enable
  171   4            }
  172   3            else
  173   3            {
  174   4              T3R = 0;    //Timer stop
  175   4              S3_BRT_UseTimer3();   //S3 BRT Use Timer3;
  176   4              T3H = (u8)(j>>8);
  177   4              T3L = (u8)j;
  178   4              T3_CT = 0;  //Timer3 set As Timer
  179   4              T3x12 = 1;  //Timer3 set as 1T mode
  180   4              T3R = 1;    //Timer run enable
  181   4            }
  182   3          }
  183   2          else  return FAIL;  //模式错误
  184   2          UART3_RxEnable(COMx->UART_RxEnable);  //UART接收使能
  185   2      
  186   2          return SUCCESS;
  187   2        }
  188   1      #endif
  189   1      #ifdef UART4
  190   1        if(UARTx == UART4)
C251 COMPILER V5.60.0,  STC32G_UART                                                        31/07/23  21:55:30  PAGE 4   

  191   1        {
  192   2          COM4.TX_send    = 0;
  193   2          COM4.TX_write   = 0;
  194   2          COM4.B_TX_busy  = 0;
  195   2          COM4.RX_Cnt     = 0;
  196   2          COM4.RX_TimeOut = 0;
  197   2          for(i=0; i<COM_TX4_Lenth; i++)  TX4_Buffer[i] = 0;
  198   2          for(i=0; i<COM_RX4_Lenth; i++)  RX4_Buffer[i] = 0;
  199   2      
  200   2          if((COMx->UART_Mode == UART_9bit_BRTx) || (COMx->UART_Mode == UART_8bit_BRTx))  //可变波特率
  201   2          {
  202   3            if(COMx->UART_Mode == UART_9bit_BRTx) S4_9bit();  //9bit
  203   3            else                  S4_8bit();  //8bit
  204   3            j = (MAIN_Fosc / 4) / COMx->UART_BaudRate;  //按1T计算
  205   3            if(j >= 65536UL)  return FAIL;  //错误
  206   3            j = 65536UL - j;
  207   3            if(COMx->UART_BRT_Use == BRT_Timer2)
  208   3            {
  209   4              T2R = 0;    //Timer stop
  210   4              S4_BRT_UseTimer2(); //S4 BRT Use Timer2;
  211   4              T2_CT = 0;  //Timer2 set As Timer
  212   4              T2x12 = 1;  //Timer2 set as 1T mode
  213   4              T2H = (u8)(j>>8);
  214   4              T2L = (u8)j;
  215   4              T2R = 1;    //Timer run enable
  216   4            }
  217   3            else
  218   3            {
  219   4              T4R = 0;    //Timer stop
  220   4              S4_BRT_UseTimer4();   //S4 BRT Use Timer4;
  221   4              T4H = (u8)(j>>8);
  222   4              T4L = (u8)j;
  223   4              T4_CT = 0;  //Timer4 set As Timer
  224   4              T4x12 = 1;  //Timer4 set as 1T mode
  225   4              T4R = 1;    //Timer run enable
  226   4            }
  227   3          }
  228   2          else  return FAIL;  //模式错误
  229   2          UART4_RxEnable(COMx->UART_RxEnable);  //UART接收使能
  230   2          
  231   2          return SUCCESS;
  232   2        }
  233   1      #endif
  234   1        return FAIL;  //错误
  235   1      }
  236          
  237          /*********************************************************/
  238          
  239          /********************* UART1 函数 ************************/
  240          // #ifdef UART1
  241          // void TX1_write2buff(u8 dat)  //串口1发送函数
  242          // {
  243          //     #if(UART_QUEUE_MODE == 1)
  244          //  TX1_Buffer[COM1.TX_write] = dat;  //装发送缓冲，使用队列式数据发送，一次性发送数据长度不要超过缓冲区大
             -小（COM_TXn_Lenth）
  245          //  if(++COM1.TX_write >= COM_TX1_Lenth)  COM1.TX_write = 0;
  246          
  247          //  if(COM1.B_TX_busy == 0)   //空闲
  248          //  {  
  249          //    COM1.B_TX_busy = 1;   //标志忙
  250          //    TI = 1;         //触发发送中断
  251          //  }
  252          //     #else
  253          //     //以下是阻塞方式发送方法
  254          //  SBUF = dat;
  255          //  COM1.B_TX_busy = 1;   //标志忙
C251 COMPILER V5.60.0,  STC32G_UART                                                        31/07/23  21:55:30  PAGE 5   

  256          //  while(COM1.B_TX_busy);
  257          //     #endif
  258          // }
  259          
  260          // void PrintString1(u8 *puts)
  261          // {
  262          //     for (; *puts != 0; puts++)  TX1_write2buff(*puts);   //遇到停止符0结束
  263          // }
  264          
  265          // #endif
  266          
  267          // /********************* UART2 函数 ************************/
  268          // #ifdef UART2
  269          // void TX2_write2buff(u8 dat)  //串口2发送函数
  270          // {
  271          //     #if(UART_QUEUE_MODE == 1)
  272          //  TX2_Buffer[COM2.TX_write] = dat;  //装发送缓冲，使用队列式数据发送，一次性发送数据长度不要超过缓冲区大
             -小（COM_TXn_Lenth）
  273          //  if(++COM2.TX_write >= COM_TX2_Lenth)  COM2.TX_write = 0;
  274          
  275          //  if(COM2.B_TX_busy == 0)   //空闲
  276          //  {  
  277          //    COM2.B_TX_busy = 1;   //标志忙
  278          //    S2TI = 1;       //触发发送中断
  279          //  }
  280          //     #else
  281          //     //以下是阻塞方式发送方法
  282          //  S2BUF = dat;
  283          //  COM2.B_TX_busy = 1;   //标志忙
  284          //  while(COM2.B_TX_busy);
  285          //     #endif
  286          // }
  287          
  288          // void PrintString2(u8 *puts)
  289          // {
  290          //     for (; *puts != 0; puts++)  TX2_write2buff(*puts);   //遇到停止符0结束
  291          // }
  292          
  293          // #endif
  294          
  295          // /********************* UART3 函数 ************************/
  296          // #ifdef UART3
  297          // void TX3_write2buff(u8 dat)  //串口3发送函数
  298          // {
  299          //     #if(UART_QUEUE_MODE == 1)
  300          //  TX3_Buffer[COM3.TX_write] = dat;  //装发送缓冲，使用队列式数据发送，一次性发送数据长度不要超过缓冲区大
             -小（COM_TXn_Lenth）
  301          //  if(++COM3.TX_write >= COM_TX3_Lenth)  COM3.TX_write = 0;
  302          
  303          //  if(COM3.B_TX_busy == 0)   //空闲
  304          //  {  
  305          //    COM3.B_TX_busy = 1;   //标志忙
  306          //    S3TI = 1;       //触发发送中断
  307          //  }
  308          //     #else
  309          //     //以下是阻塞方式发送方法
  310          //  S3BUF = dat;
  311          //  COM3.B_TX_busy = 1;   //标志忙
  312          //  while(COM3.B_TX_busy);
  313          //     #endif
  314          // }
  315          
  316          // void PrintString3(u8 *puts)
  317          // {
  318          //     for (; *puts != 0; puts++)  TX3_write2buff(*puts);   //遇到停止符0结束
  319          // }
C251 COMPILER V5.60.0,  STC32G_UART                                                        31/07/23  21:55:30  PAGE 6   

  320          
  321          // #endif
  322          
  323          // /********************* UART4 函数 ************************/
  324          // #ifdef UART4
  325          // void TX4_write2buff(u8 dat)  //串口4发送函数
  326          // {
  327          //     #if(UART_QUEUE_MODE == 1)
  328          //  TX4_Buffer[COM4.TX_write] = dat;  //装发送缓冲，使用队列式数据发送，一次性发送数据长度不要超过缓冲区大
             -小（COM_TXn_Lenth）
  329          //  if(++COM4.TX_write >= COM_TX4_Lenth)  COM4.TX_write = 0;
  330          
  331          //  if(COM4.B_TX_busy == 0)   //空闲
  332          //  {  
  333          //    COM4.B_TX_busy = 1;   //标志忙
  334          //    S4TI = 1;       //触发发送中断
  335          //  }
  336          //     #else
  337          //     //以下是阻塞方式发送方法
  338          //  S4BUF = dat;
  339          //  COM4.B_TX_busy = 1;   //标志忙
  340          //  while(COM4.B_TX_busy);
  341          //     #endif
  342          // }
  343          
  344          // void PrintString4(u8 *puts)
  345          // {
  346          //     for (; *puts != 0; puts++)  TX4_write2buff(*puts);   //遇到停止符0结束
  347          // }
  348          
  349          // #endif
  350          
  351          // /*********************************************************/
  352          // /*
  353          // void COMx_write2buff(u8 UARTx, u8 dat)  //UART1/UART2/UART3/UART4
  354          // {
  355          //  if(UARTx == UART1)  TX1_write2buff(dat);
  356          //  if(UARTx == UART2)  TX2_write2buff(dat);
  357          //  if(UARTx == UART3)  TX3_write2buff(dat);
  358          //  if(UARTx == UART4)  TX4_write2buff(dat);
  359          // }
  360          
  361          // void PrintString(u8 UARTx, u8 *puts)
  362          // {
  363          //     for (; *puts != 0; puts++)  COMx_write2buff(UARTx,*puts);  //遇到停止符0结束
  364          // }
  365          // */
  366          
  367          // /********************* Printf 函数 ************************/
  368          
  369          
  370          //#endif


Module Information          Static   Overlayable
------------------------------------------------
  code size            =    ------     ------
  ecode size           =       836     ------
  data size            =    ------     ------
  idata size           =    ------     ------
  pdata size           =    ------     ------
  xdata size           =        20     ------
  xdata-const size     =    ------     ------
  edata size           =       768     ------
  bit size             =    ------     ------
  ebit size            =    ------     ------
  bitaddressable size  =    ------     ------
C251 COMPILER V5.60.0,  STC32G_UART                                                        31/07/23  21:55:30  PAGE 7   

  ebitaddressable size =    ------     ------
  far data size        =    ------     ------
  huge data size       =    ------     ------
  const size           =    ------     ------
  hconst size          =    ------     ------
End of Module Information.


C251 COMPILATION COMPLETE.  0 WARNING(S),  0 ERROR(S)
