C251 COMPILER V5.60.0,  STC32G_LIN_Isr                                                     31/07/23  21:38:34  PAGE 1   


C251 COMPILER V5.60.0, COMPILATION OF MODULE STC32G_LIN_Isr
OBJECT MODULE PLACED IN .\list\STC32G_LIN_Isr.obj
COMPILER INVOKED BY: D:\keilc251\C251\BIN\C251.EXE ..\Driver\isr\STC32G_LIN_Isr.c LARGE INTR2 ROM(HUGE) BROWSE INCDIR(..
                    -\Driver\inc;..\User;..\App\inc) DEBUG PRINT(.\list\STC32G_LIN_Isr.lst) TABS(2) OBJECT(.\list\STC32G_LIN_Isr.obj) 

stmt  level    source

    1          /*---------------------------------------------------------------------*/
    2          /* --- STC MCU Limited ------------------------------------------------*/
    3          /* --- STC 1T Series MCU Demo Programme -------------------------------*/
    4          /* --- Mobile: (86)13922805190 ----------------------------------------*/
    5          /* --- Fax: 86-0513-55012956,55012947,55012969 ------------------------*/
    6          /* --- Tel: 86-0513-55012928,55012929,55012966 ------------------------*/
    7          /* --- Web: www.STCMCU.com --------------------------------------------*/
    8          /* --- Web: www.STCMCUDATA.com  ---------------------------------------*/
    9          /* --- QQ:  800003751 -------------------------------------------------*/
   10          /* 如果要在程序中使用此代码,请在程序中注明使用了STC的资料及程序            */
   11          /*---------------------------------------------------------------------*/
   12          
   13          #include  "STC32G_LIN.h"
   14          
   15          bit LinRxFlag;
   16          
   17          //========================================================================
   18          // 函数: LIN_ISR_Handler
   19          // 描述: LIN中断函数.
   20          // 参数: none.
   21          // 返回: none.
   22          // 版本: V1.0, 2022-03-28
   23          //========================================================================
   24          void LIN_ISR_Handler (void) interrupt LIN_VECTOR
   25          {
   26   1        
   27   1      }
   28          
   29          


Module Information          Static   Overlayable
------------------------------------------------
  code size            =         4     ------
  ecode size           =         1     ------
  data size            =    ------     ------
  idata size           =    ------     ------
  pdata size           =    ------     ------
  xdata size           =    ------     ------
  xdata-const size     =    ------     ------
  edata size           =    ------     ------
  bit size             =         1     ------
  ebit size            =    ------     ------
  bitaddressable size  =    ------     ------
  ebitaddressable size =    ------     ------
  far data size        =    ------     ------
  huge data size       =    ------     ------
  const size           =    ------     ------
  hconst size          =    ------     ------
End of Module Information.


C251 COMPILATION COMPLETE.  0 WARNING(S),  0 ERROR(S)
