C251 COMPILER V5.60.0,  STC32G_DMA_Isr                                                     19/09/23  21:23:38  PAGE 1   


C251 COMPILER V5.60.0, COMPILATION OF MODULE STC32G_DMA_Isr
OBJECT MODULE PLACED IN .\list\STC32G_DMA_Isr.obj
COMPILER INVOKED BY: D:\keilc251\C251\BIN\C251.EXE ..\Driver\isr\STC32G_DMA_Isr.c LARGE INTR2 ROM(HUGE) BROWSE INCDIR(..
                    -\Driver\inc;..\User;..\App\inc) DEBUG PRINT(.\list\STC32G_DMA_Isr.lst) TABS(2) OBJECT(.\list\STC32G_DMA_Isr.obj) 

stmt  level    source

    1          /*---------------------------------------------------------------------*/
    2          /* --- STC MCU Limited ------------------------------------------------*/
    3          /* --- STC 1T Series MCU Demo Programme -------------------------------*/
    4          /* --- Mobile: (86)13922805190 ----------------------------------------*/
    5          /* --- Fax: 86-0513-55012956,55012947,55012969 ------------------------*/
    6          /* --- Tel: 86-0513-55012928,55012929,55012966 ------------------------*/
    7          /* --- Web: www.STCMCU.com --------------------------------------------*/
    8          /* --- Web: www.STCMCUDATA.com  ---------------------------------------*/
    9          /* --- QQ:  800003751 -------------------------------------------------*/
   10          /* 如果要在程序中使用此代码,请在程序中注明使用了STC的资料及程序            */
   11          /*---------------------------------------------------------------------*/
   12          
   13          #include "STC32G_DMA.h"
   14          #include "STC32G_SPI.h"
   15          #include "STC32G_LCM.h"
   16          
   17          
   18          //========================================================================
   19          // 函数: DMA_ADC_ISR_Handler
   20          // 描述: DMA ADC 中断函数.
   21          // 参数: none.
   22          // 返回: none.
   23          // 版本: V1.0, 2022-03-23
   24          //========================================================================
   25          void DMA_ADC_ISR_Handler (void) interrupt DMA_ADC_VECTOR
   26          {
   27   1        // TODO: 在此处添加用户代码
   28   1      
   29   1      }
   30          
   31          //========================================================================
   32          // 函数: DMA_M2M_ISR_Handler
   33          // 描述: DMA M2M 中断函数.
   34          // 参数: none.
   35          // 返回: none.
   36          // 版本: V1.0, 2022-03-23
   37          //========================================================================
   38          void DMA_M2M_ISR_Handler (void) interrupt DMA_M2M_VECTOR
   39          {
   40   1        // TODO: 在此处添加用户代码
   41   1      
   42   1      }
   43          
   44          //========================================================================
   45          // 函数: DMA_UART1TX_ISR_Handler
   46          // 描述: DMA UART1 TX 中断函数.
   47          // 参数: none.
   48          // 返回: none.
   49          // 版本: V1.0, 2022-03-23
   50          //========================================================================
   51          void DMA_UART1TX_ISR_Handler (void) interrupt DMA_UR1T_VECTOR
   52          {
   53   1        // TODO: 在此处添加用户代码
   54   1      
   55   1      }
   56          
   57          //========================================================================
   58          // 函数: DMA_UART1RX_ISR_Handler
C251 COMPILER V5.60.0,  STC32G_DMA_Isr                                                     19/09/23  21:23:38  PAGE 2   

   59          // 描述: DMA UART1 RX 中断函数.
   60          // 参数: none.
   61          // 返回: none.
   62          // 版本: V1.0, 2022-03-23
   63          //========================================================================
   64          void DMA_UART1RX_ISR_Handler (void) interrupt DMA_UR1R_VECTOR
   65          {
   66   1        // TODO: 在此处添加用户代码
   67   1      
   68   1      }
   69          
   70          //========================================================================
   71          // 函数: DMA_UART2TX_ISR_Handler
   72          // 描述: DMA UART2 TX 中断函数.
   73          // 参数: none.
   74          // 返回: none.
   75          // 版本: V1.0, 2022-03-23
   76          //========================================================================
   77          void DMA_UART2TX_ISR_Handler (void) interrupt DMA_UR2T_VECTOR
   78          {
   79   1        // TODO: 在此处添加用户代码
   80   1      
   81   1      }
   82          
   83          //========================================================================
   84          // 函数: DMA_UART2RX_ISR_Handler
   85          // 描述: DMA UART2 RX 中断函数.
   86          // 参数: none.
   87          // 返回: none.
   88          // 版本: V1.0, 2022-03-23
   89          //========================================================================
   90          void DMA_UART2RX_ISR_Handler (void) interrupt DMA_UR2R_VECTOR
   91          {
   92   1        // TODO: 在此处添加用户代码
   93   1      
   94   1      }
   95          
   96          //========================================================================
   97          // 函数: DMA_UART3TX_ISR_Handler
   98          // 描述: DMA UART3 TX 中断函数.
   99          // 参数: none.
  100          // 返回: none.
  101          // 版本: V1.0, 2022-03-23
  102          //========================================================================
  103          void DMA_UART3TX_ISR_Handler (void) interrupt DMA_UR3T_VECTOR
  104          {
  105   1        // TODO: 在此处添加用户代码
  106   1      
  107   1      }
  108          
  109          //========================================================================
  110          // 函数: DMA_UART3RX_ISR_Handler
  111          // 描述: DMA UART3 RX 中断函数.
  112          // 参数: none.
  113          // 返回: none.
  114          // 版本: V1.0, 2022-03-23
  115          //========================================================================
  116          void DMA_UART3RX_ISR_Handler (void) interrupt DMA_UR3R_VECTOR
  117          {
  118   1        // TODO: 在此处添加用户代码
  119   1      
  120   1      }
  121          
  122          //========================================================================
  123          // 函数: DMA_UART4TX_ISR_Handler
  124          // 描述: DMA UART4 TX 中断函数.
C251 COMPILER V5.60.0,  STC32G_DMA_Isr                                                     19/09/23  21:23:38  PAGE 3   

  125          // 参数: none.
  126          // 返回: none.
  127          // 版本: V1.0, 2022-03-23
  128          //========================================================================
  129          void DMA_UART4TX_ISR_Handler (void) interrupt DMA_UR4T_VECTOR
  130          {
  131   1        // TODO: 在此处添加用户代码
  132   1      
  133   1      }
  134          
  135          //========================================================================
  136          // 函数: DMA_UART4RX_ISR_Handler
  137          // 描述: DMA UART4 RX 中断函数.
  138          // 参数: none.
  139          // 返回: none.
  140          // 版本: V1.0, 2022-03-23
  141          //========================================================================
  142          void DMA_UART4RX_ISR_Handler (void) interrupt DMA_UR4R_VECTOR
  143          {
  144   1        // TODO: 在此处添加用户代码
  145   1      
  146   1      }
  147          
  148          //========================================================================
  149          // 函数: DMA_SPI_ISR_Handler
  150          // 描述: DMA SPI 中断函数.
  151          // 参数: none.
  152          // 返回: none.
  153          // 版本: V1.0, 2022-03-23
  154          //========================================================================
  155          void DMA_SPI_ISR_Handler (void) interrupt DMA_SPI_VECTOR
  156          {
  157   1        // TODO: 在此处添加用户代码
  158   1      
  159   1      }
  160          
  161          //========================================================================
  162          // 函数: DMA_I2C_ISR_Handler
  163          // 描述: DMA I2C 发送中断函数.
  164          // 参数: none.
  165          // 返回: none.
  166          // 版本: V1.0, 2022-03-25
  167          //========================================================================
  168          void DMA_I2CT_ISR_Handler (void) interrupt DMA_I2CT_VECTOR
  169          {
  170   1        // TODO: 在此处添加用户代码
  171   1      
  172   1      }
  173          
  174          //========================================================================
  175          // 函数: DMA_I2CR_ISR_Handler
  176          // 描述: DMA I2C 接收中断函数.
  177          // 参数: none.
  178          // 返回: none.
  179          // 版本: V1.0, 2022-03-25
  180          //========================================================================
  181          void DMA_I2CR_ISR_Handler (void) interrupt DMA_I2CR_VECTOR
  182          {
  183   1        // TODO: 在此处添加用户代码
  184   1      
  185   1      }
  186          
  187          //========================================================================
  188          // 函数: DMA_LCM_ISR_Handler
  189          // 描述: DMA LCM 中断函数.
  190          // 参数: none.
C251 COMPILER V5.60.0,  STC32G_DMA_Isr                                                     19/09/23  21:23:38  PAGE 4   

  191          // 返回: none.
  192          // 版本: V1.0, 2022-03-23
  193          //========================================================================
  194          void DMA_LCM_ISR_Handler (void) interrupt DMA_LCM_VECTOR
  195          {
  196   1        // TODO: 在此处添加用户代码
  197   1      
  198   1      }
  199          
  200          //========================================================================
  201          // 函数: DMA_ISR_Handler
  202          // 描述: DMA中断函数.
  203          // 参数: none.
  204          // 返回: none.
  205          // 版本: V1.0, 2021-05-25
  206          //========================================================================
  207          void DMA_ISR_Handler (void) interrupt 13
  208          {
  209   1        // TODO: 在此处添加用户代码
  210   1        
  211   1      
  212   1      }


Module Information          Static   Overlayable
------------------------------------------------
  code size            =        60     ------
  ecode size           =        15     ------
  data size            =    ------     ------
  idata size           =    ------     ------
  pdata size           =    ------     ------
  xdata size           =    ------     ------
  xdata-const size     =    ------     ------
  edata size           =    ------     ------
  bit size             =    ------     ------
  ebit size            =    ------     ------
  bitaddressable size  =    ------     ------
  ebitaddressable size =    ------     ------
  far data size        =    ------     ------
  huge data size       =    ------     ------
  const size           =    ------     ------
  hconst size          =    ------     ------
End of Module Information.


C251 COMPILATION COMPLETE.  0 WARNING(S),  0 ERROR(S)
