C251 COMPILER V5.60.0,  Word_stock                                                         26/07/23  13:29:52  PAGE 1   


C251 COMPILER V5.60.0, COMPILATION OF MODULE Word_stock
OBJECT MODULE PLACED IN .\list\Word_stock.obj
COMPILER INVOKED BY: D:\Program Files (x86)\Keil_v5 c251\C251\BIN\C251.EXE ..\App\src\Word_stock.c XSMALL INTR2 BROWSE I
                    -NCDIR(..\Driver\inc;..\User;..\App\inc) DEBUG PRINT(.\list\Word_stock.lst) OBJECT(.\list\Word_stock.obj) 

stmt  level    source

    1          unsigned char code vale1[]={
    2          0xFF,0xFF,0xFF,0xFF,0xFF,0xFF,0xFF,0x00,0x00,0x00,0xFF,0xFF,0xFF,0xFF,0xFF,0xFF,0xFF,0x00,0x00,0x00,0xFF,
             -0xFF,0xFF,0xFF,0xFF,0xFF,0xFF,0x00,0x00,0x00,0xFF,0xFF,0xFF,0xFF,0xFF,0xFF,0xFF,0x00,0x00,0x00,0xFF,0xFF,0xFF,0xFF,0xFF,
             -0xFF,0xFF,0x00,0x00,0x00,0x1F,0x00,0x00,0x00,0x00,0x00,0xF8,0x00,0x00,0x00,0x1F,0x00,0x00,0x00,0x00,0x00,0xF8,0x00,0x00,
             -0x00,0x1F,0x00,0x00,0x00,0x00,0x00,0xF8,0x00,0x00,0x00,
    3          0x1F,0x00,0x00,0x00,0x00,0x00,0xF8,0x00,0xFF,0x00,0x1F,0x00,0x00,0x00,0x00,0x00,0xF8,0xC0,0xFF,0x03,0x1F,
             -0x00,0x00,0x00,0x00,0x00,0xF8,0xE0,0xFF,0x07,0x1F,0x00,0x00,0x00,0x00,0x00,0xF8,0x60,0x00,0x0E,0x1F,0x00,0x00,0x00,0x00,
             -0x00,0xF8,0x30,0x00,0x08,0x1F,0x00,0x00,0x00,0x00,0x00,0xF8,0x30,0x00,0x08,0x1F,0x00,0x00,0x00,0x00,0x00,0xF8,0x20,0x00,
             -0x0C,0x1F,0x00,0x00,0x00,0x00,0x00,0xF8,0xE0,0xC7,0x0F,
    4          0x1F,0x00,0x00,0x00,0x00,0x00,0xF8,0xC0,0xFF,0x07,0x1F,0x00,0x00,0x00,0x00,0x00,0xF8,0x00,0xFF,0x01,0x1F,
             -0x00,0x00,0x00,0x00,0x00,0xF8,0x00,0x00,0x00,0x1F,0x00,0x00,0x00,0x00,0x00,0xF8,0x00,0x00,0x00,0x1F,0x00,0x00,0x00,0x00,
             -0x00,0xF8,0x00,0x00,0x00,0x1F,0x00,0x00,0x00,0x00,0x00,0xF8,0x00,0x00,0x00,0x1F,0x00,0x00,0x00,0x00,0x00,0xF8,0x00,0x00,
             -0x00,0x1F,0x00,0x00,0x00,0x00,0x00,0xF8,0x00,0x00,0x00,
    5          0x1F,0x00,0x00,0x00,0x00,0x00,0xF8,0x00,0x00,0x00,0x1F,0x00,0x00,0x00,0x00,0x00,0xF8,0x00,0x00,0x00,0x1F,
             -0x00,0x00,0x00,0x00,0x00,0xF8,0x00,0x00,0x00,0x1F,0x00,0x00,0x00,0x00,0x00,0xF8,0x00,0x00,0x00,0x1F,0x00,0x00,0x00,0x00,
             -0x00,0xF8,0x00,0x00,0x00,0x1F,0x00,0x00,0x00,0x00,0x00,0xF8,0x00,0x00,0x00,0x1F,0x00,0x00,0x00,0x00,0x00,0xF8,0x00,0x00,
             -0x00,0x1F,0x00,0x00,0x00,0x00,0x00,0xF8,0x00,0x00,0x00,
    6          0x1F,0x00,0x00,0x00,0x00,0x00,0xF8,0x00,0x00,0x00,0x1F,0x00,0x00,0x00,0x00,0x00,0xF8,0x00,0x00,0x00,0x1F,
             -0x00,0x00,0x00,0x00,0x00,0xF8,0x00,0x00,0x00,0x1F,0x00,0x00,0x00,0x00,0x00,0xF8,0x00,0x00,0x00,0x1F,0x00,0x00,0x00,0x00,
             -0x00,0xF8,0x00,0x00,0x00,0x1F,0x00,0x00,0x00,0x00,0x00,0xF8,0x00,0x00,0x00,0x1F,0x00,0x00,0x00,0x00,0x00,0xF8,0x00,0x00,
             -0x00,0x1F,0x00,0x00,0x00,0x00,0x00,0xF8,0x00,0x00,0x00,
    7          0x1F,0x00,0x00,0x00,0x00,0x00,0xF8,0x00,0x00,0x00,0x1F,0x00,0x00,0x00,0x00,0x00,0xF8,0x00,0x00,0x00,0x1F,
             -0x00,0x00,0x00,0x00,0x00,0xF8,0x00,0x00,0x00,0x1F,0x00,0x00,0x00,0x00,0x00,0xF8,0x00,0x00,0x00,0x1F,0x00,0x00,0x00,0x00,
             -0x00,0xF8,0x00,0x00,0x00,0x1F,0x00,0x00,0x00,0x00,0x00,0xF8,0x00,0x00,0x00,0x1F,0x00,0x00,0x00,0x00,0x00,0xF8,0x00,0x00,
             -0x00,0x1F,0x00,0x00,0x00,0x00,0x00,0xF8,0x00,0x00,0x00,
    8          0x1F,0x00,0x00,0x00,0x00,0x00,0xF8,0x00,0x00,0x00,0x1F,0x00,0x00,0x00,0x00,0x00,0xF8,0x00,0x00,0x00,0x1F,
             -0x00,0x00,0x00,0x00,0x00,0xF8,0x00,0x00,0x00,0x1F,0x00,0x00,0x00,0x00,0x00,0xF8,0x00,0x00,0x00,0x1F,0x00,0x00,0x00,0x00,
             -0x00,0xF8,0x00,0x00,0x00,0x1F,0x00,0x00,0x00,0x00,0x00,0xF8,0x00,0x00,0x00,0x1F,0x00,0x00,0x00,0x00,0x00,0xF8,0x00,0x00,
             -0x00,0x1F,0x00,0x00,0x00,0x00,0x00,0xF8,0x00,0x00,0x00,
    9          0x1F,0x00,0x00,0x00,0x00,0x00,0xF8,0x00,0x00,0x00,0x1F,0x00,0x00,0x00,0x00,0x00,0xF8,0x00,0x00,0x00,0x1F,
             -0x00,0x00,0x00,0x00,0x00,0xF8,0x00,0x00,0x00,0x1F,0x00,0x00,0x00,0x00,0x00,0xF8,0x00,0x00,0x00,0x1F,0x00,0x00,0x00,0x00,
             -0x00,0xF8,0x00,0x00,0x00,0x1F,0x00,0x00,0x00,0x00,0x00,0xF8,0x00,0x00,0x00,0x1F,0x00,0x00,0x00,0x00,0x00,0xF8,0x00,0x00,
             -0x00,0x1F,0x00,0x00,0x00,0x00,0x00,0xF8,0x00,0x00,0x00,
   10          0x1F,0x00,0x00,0x00,0x00,0x00,0xF8,0x00,0x00,0x00,0x1F,0x00,0x00,0x00,0x00,0x00,0xF8,0x00,0x00,0x00,0x1F,
             -0x00,0x00,0x00,0x00,0x00,0xF8,0x00,0x00,0x00,0x1F,0x00,0x00,0x00,0x00,0x00,0xF8,0x00,0x00,0x00,0x1F,0x00,0x00,0x00,0x00,
             -0x00,0xF8,0x00,0x00,0x00,0x1F,0x00,0x00,0x00,0x00,0x00,0xF8,0x00,0x00,0x00,0x1F,0x00,0x00,0x00,0x00,0x00,0xF8,0x00,0x00,
             -0x00,0x1F,0x00,0x00,0x00,0x00,0x00,0xF8,0x00,0x00,0x00,
   11          0x1F,0x00,0x00,0x00,0x00,0x00,0xF8,0x00,0x00,0x00,0x1F,0x00,0x00,0x00,0x00,0x00,0xF8,0x00,0x00,0x00,0x1F,
             -0x00,0x00,0x00,0x00,0x00,0xF8,0x00,0x00,0x00,0x1F,0x00,0x00,0x00,0x00,0x00,0xF8,0x00,0x00,0x00,0x1F,0x00,0x00,0x00,0x00,
             -0x00,0xF8,0x00,0x00,0x00,0x1F,0x00,0x00,0x00,0x00,0x00,0xF8,0x00,0x00,0x00,0x1F,0x00,0x00,0x00,0x00,0x00,0xF8,0x00,0x00,
             -0x00,0x1F,0x00,0x00,0x00,0x00,0x00,0xF8,0x00,0x00,0x00,
   12          0x1F,0x00,0x00,0x00,0x00,0x00,0xF8,0x00,0x00,0x00,0x1F,0x00,0x00,0x00,0x00,0x00,0xF8,0x00,0x00,0x00,0x1F,
             -0x00,0x00,0x00,0x00,0x00,0xF8,0x00,0x00,0x00,0x1F,0x00,0x00,0x00,0x00,0x00,0xF8,0x00,0x00,0x00,0x1F,0x00,0x00,0x00,0x00,
             -0x00,0xF8,0x00,0x00,0x00,0x1F,0x00,0x00,0x00,0x00,0x00,0xF8,0x00,0x00,0x00,0x1F,0x00,0x00,0x00,0x00,0x00,0xF8,0x00,0x00,
             -0x00,0x1F,0x00,0x00,0x00,0x00,0x00,0xF8,0x00,0x00,0x00,
   13          0x1F,0x00,0x00,0x00,0x00,0x00,0xF8,0x00,0x00,0x00,0x1F,0x00,0x00,0x00,0x00,0x00,0xF8,0x00,0x00,0x00,0x1F,
             -0x00,0x00,0x00,0x00,0x00,0xF8,0x00,0x00,0x00,0x1F,0x00,0x00,0x00,0x00,0x00,0xF8,0x00,0x00,0x00,0x1F,0x00,0x00,0x00,0x00,
             -0x00,0xF8,0x00,0x00,0x00,0x1F,0x00,0x00,0x00,0x00,0x00,0xF8,0x00,0x00,0x00,0x1F,0x00,0x00,0x00,0x00,0x00,0xF8,0x00,0x00,
             -0x00,0x1F,0x00,0x00,0x00,0x00,0x00,0xF8,0x00,0x00,0x00,
   14          0x1F,0x00,0x00,0x00,0x00,0x00,0xF8,0x00,0x00,0x00,0x1F,0x00,0x00,0x00,0x00,0x00,0xF8,0x00,0x00,0x00,0x1F,
             -0x00,0x00,0x00,0x00,0x00,0xF8,0x00,0x00,0x00,0x1F,0x00,0x00,0x00,0x00,0x00,0xF8,0x00,0x00,0x00,0x1F,0x00,0x00,0x00,0x00,
             -0x00,0xF8,0x00,0x00,0x00,0x1F,0x00,0x00,0x00,0x00,0x00,0xF8,0x00,0x00,0x00,0x1F,0x00,0x00,0x00,0x00,0x00,0xF8,0x00,0x00,
             -0x00,0x1F,0x00,0x00,0x00,0x00,0x00,0xF8,0x00,0x00,0x00,
   15          0x1F,0x00,0x00,0x00,0x00,0x00,0xF8,0x00,0x00,0x00,0x1F,0x00,0x00,0x00,0x00,0x00,0xF8,0x00,0x00,0x00,0x1F,
             -0x00,0x00,0x00,0x00,0x00,0xF8,0x00,0x00,0x00,0x1F,0x00,0x00,0x00,0x00,0x00,0xF8,0x00,0x00,0x00,0x1F,0x00,0x00,0x00,0x00,
             -0x00,0xF8,0x00,0x00,0x00,0x1F,0x00,0x00,0x00,0x00,0x00,0xF8,0x00,0x00,0x00,0x1F,0x00,0x00,0x00,0x00,0x00,0xF8,0x00,0x00,
             -0x00,0x1F,0x00,0x00,0x00,0x00,0x00,0xF8,0x00,0x00,0x00,
   16          0x1F,0x00,0x00,0x00,0x00,0x00,0xF8,0x00,0x00,0x00,0x1F,0x00,0x00,0x00,0x00,0x00,0xF8,0x00,0x00,0x00,0x1F,
C251 COMPILER V5.60.0,  Word_stock                                                         26/07/23  13:29:52  PAGE 2   

             -0x00,0x00,0x00,0x00,0x00,0xF8,0x00,0x00,0x00,0x1F,0x00,0x00,0x00,0x00,0x00,0xF8,0x00,0x00,0x00,0x1F,0x00,0x00,0x00,0x00,
             -0x00,0xF8,0x00,0x00,0x00,0x1F,0x00,0x00,0x00,0x00,0x00,0xF8,0x00,0x00,0x00,0x1F,0x00,0x00,0x00,0x00,0x00,0xF8,0x00,0x00,
             -0x00,0x1F,0x00,0x00,0x00,0x00,0x00,0xF8,0x00,0x00,0x00,
   17          0x1F,0x00,0x00,0x00,0x00,0x00,0xF8,0x00,0x00,0x00,0x1F,0x00,0x00,0x00,0x00,0x00,0xF8,0x00,0x00,0x00,0x1F,
             -0x00,0x00,0x00,0x00,0x00,0xF8,0x00,0x00,0x00,0x1F,0x00,0x00,0x00,0x00,0x00,0xF8,0x00,0x00,0x00,0x1F,0x00,0x00,0x00,0x00,
             -0x00,0xF8,0x00,0x00,0x00,0x1F,0x00,0x00,0x00,0x00,0x00,0xF8,0x00,0x00,0x00,0x1F,0x00,0x00,0x00,0x00,0x00,0xF8,0x00,0x00,
             -0x08,0x1F,0x00,0x00,0x00,0x00,0x00,0xF8,0x40,0x00,0x08,
   18          0x1F,0x00,0x00,0x00,0x00,0x00,0xF8,0xE0,0xFF,0x0F,0x1F,0x00,0x00,0x00,0x00,0x00,0xF8,0xE0,0xFF,0x0F,0x1F,
             -0x00,0x00,0x00,0x00,0x00,0xF8,0x00,0x00,0x0C,0x1F,0x00,0x00,0x00,0x00,0x00,0xF8,0x00,0x00,0x08,0x1F,0x00,0x00,0x00,0x00,
             -0x00,0xF8,0x00,0x00,0x08,0x1F,0x00,0x00,0x00,0x00,0x00,0xF8,0x00,0x00,0x00,0x1F,0x00,0x00,0x00,0x00,0x00,0xF8,0x00,0x00,
             -0x00,0x1F,0x00,0x00,0x00,0x00,0x00,0xF8,0x00,0x00,0x00,
   19          0x1F,0x00,0x00,0x00,0x00,0x00,0xF8,0x00,0x00,0x00,0x1F,0x00,0x00,0x00,0x00,0x00,0xF8,0x00,0x00,0x00,0x1F,
             -0x00,0x00,0x00,0x00,0x00,0xF8,0x00,0x00,0x00,0x1F,0x00,0x00,0x00,0x00,0x00,0xF8,0x00,0x00,0x08,0x1F,0x00,0x00,0x00,0x00,
             -0x00,0xF8,0x40,0x00,0x08,0x1F,0x00,0x00,0x00,0x00,0x00,0xF8,0xE0,0xFF,0x0F,0x1F,0x00,0x00,0x00,0x00,0x00,0xF8,0xE0,0xFF,
             -0x0F,0x1F,0x00,0x00,0x00,0x00,0x00,0xF8,0x00,0x00,0x0C,
   20          0x1F,0x00,0x00,0x00,0x00,0x00,0xF8,0x00,0x00,0x08,0x1F,0x00,0x00,0x00,0x00,0x00,0xF8,0x00,0x00,0x08,0x1F,
             -0x00,0x00,0x00,0x00,0x00,0xF8,0x00,0x00,0x00,0x1F,0x00,0x00,0x00,0x00,0x00,0xF8,0x00,0x00,0x00,0x1F,0x00,0x00,0x00,0x00,
             -0x00,0xF8,0x00,0x00,0x00,0x1F,0x00,0x00,0x00,0x00,0x00,0xF8,0x00,0x00,0x00,0x1F,0x00,0x00,0x00,0x00,0x00,0xF8,0x00,0x00,
             -0x00,0x1F,0x00,0x00,0x00,0x00,0x00,0xF8,0x00,0x00,0x00,
   21          0x1F,0x00,0x00,0x00,0x00,0x00,0xF8,0x00,0x00,0x00,0x1F,0x00,0x00,0x00,0x00,0x00,0xF8,0x00,0x00,0x00,0x1F,
             -0x00,0x00,0x00,0x00,0x00,0xF8,0x00,0x00,0x00,0x1F,0x00,0x00,0x00,0x00,0x00,0xF8,0x00,0x00,0x00,0x1F,0x00,0x00,0x00,0x00,
             -0x00,0xF8,0x00,0x00,0x00,0x1F,0x00,0x00,0x00,0x00,0x00,0xF8,0x00,0x00,0x00,0x1F,0x00,0x00,0x00,0x00,0x00,0xF8,0x00,0x00,
             -0x00,0x1F,0x00,0x00,0x00,0x00,0x00,0xF8,0x00,0x00,0x00,
   22          0x1F,0x00,0x00,0x00,0x00,0x00,0xF8,0x00,0x00,0x00,0x1F,0x00,0x00,0x00,0x00,0x00,0xF8,0x00,0x00,0x00,0x1F,
             -0x00,0x00,0x00,0x00,0x00,0xF8,0x00,0x00,0x00,0x1F,0x00,0x00,0x00,0x00,0x00,0xF8,0x20,0x00,0x00,0x1F,0x00,0x00,0x00,0x00,
             -0x00,0xF8,0xF0,0xFF,0x0F,0x1F,0x00,0x00,0x00,0x00,0x00,0xF8,0xF0,0xFF,0x0F,0x1F,0x00,0x00,0x00,0x00,0x00,0xF8,0x00,0x0C,
             -0x0C,0x1F,0x00,0x00,0x00,0x00,0x00,0xF8,0x00,0x04,0x08,
   23          0x1F,0x00,0x00,0x00,0x00,0x00,0xF8,0x00,0x04,0x08,0x1F,0x00,0x00,0x00,0x00,0x00,0xF8,0x00,0x04,0x08,0x1F,
             -0x00,0x00,0x00,0x00,0x00,0xF8,0x00,0x1C,0x0E,0x1F,0x00,0x00,0x00,0x00,0x00,0xF8,0x00,0xFC,0x07,0x1F,0x00,0x00,0x00,0x00,
             -0x00,0xF8,0x00,0xF0,0x03,0x1F,0x00,0x00,0x00,0x00,0x00,0xF8,0x00,0x00,0x00,0x1F,0x00,0x00,0x00,0x00,0x00,0xF8,0x00,0x00,
             -0x00,0x1F,0x00,0x00,0x00,0x00,0x00,0xF8,0x00,0x00,0x00,
   24          0x1F,0x00,0x00,0x00,0x00,0x00,0xF8,0x00,0x00,0x00,0x1F,0x00,0x00,0x00,0x00,0x00,0xF8,0x00,0x00,0x08,0x1F,
             -0x00,0x00,0x00,0x00,0x00,0xF8,0x00,0x04,0x08,0x1F,0x00,0x00,0x00,0x00,0x00,0xF8,0x20,0x04,0x08,0x1F,0x00,0x00,0x00,0x00,
             -0x00,0xF8,0x70,0xFC,0x0F,0x1F,0x00,0x00,0x00,0x00,0x00,0xF8,0x70,0xFC,0x0F,0x1F,0x00,0x00,0x00,0x00,0x00,0xF8,0x60,0x00,
             -0x08,0x1F,0x00,0x00,0x00,0x00,0x00,0xF8,0x00,0x00,0x08,
   25          0x1F,0x00,0x00,0x00,0x00,0x00,0xF8,0x00,0x00,0x08,0x1F,0x00,0x00,0x00,0x00,0x00,0xF8,0x00,0x00,0x00,0x1F,
             -0x00,0x00,0x00,0x00,0x00,0xF8,0x00,0x00,0x00,0x1F,0x00,0x00,0x00,0x00,0x00,0xF8,0x00,0x00,0x00,0x1F,0x00,0x00,0x00,0x00,
             -0x00,0xF8,0x00,0x00,0x00,0x1F,0x00,0x00,0x00,0x00,0x00,0xF8,0x00,0x00,0x00,0x1F,0x00,0x00,0x00,0x00,0x00,0xF8,0x00,0x04,
             -0x00,0x1F,0x00,0x00,0x00,0x00,0x00,0xF8,0x00,0x04,0x00,
   26          0x1F,0x00,0x00,0x00,0x00,0x00,0xF8,0x80,0xFF,0x07,0x1F,0x00,0x00,0x00,0x00,0x00,0xF8,0x80,0xFF,0x0F,0x1F,
             -0x00,0x00,0x00,0x00,0x00,0xF8,0x00,0x04,0x0C,0x1F,0x00,0x00,0x00,0x00,0x00,0xF8,0x00,0x04,0x08,0x1F,0x00,0x00,0x00,0x00,
             -0x00,0xF8,0x00,0x04,0x0C,0x1F,0x00,0x00,0x00,0x00,0x00,0xF8,0x00,0x00,0x0E,0x1F,0x00,0x00,0x00,0x00,0x00,0xF8,0x00,0x00,
             -0x02,0x1F,0x00,0x00,0x00,0x00,0x00,0xF8,0x00,0x00,0x00,
   27          0x1F,0x00,0x00,0x00,0x00,0x00,0xF8,0x00,0x00,0x00,0x1F,0x00,0x00,0x00,0x00,0x00,0xF8,0x00,0x00,0x00,0x1F,
             -0x00,0x00,0x00,0x00,0x00,0xF8,0x00,0x00,0x00,0x1F,0x00,0x00,0x00,0x00,0x00,0xF8,0x00,0x00,0x00,0x1F,0x00,0x00,0x00,0x00,
             -0x00,0xF8,0x00,0x00,0x00,0x1F,0x00,0x00,0x00,0x00,0x00,0xF8,0x00,0x00,0x00,0x1F,0x00,0x00,0x00,0x00,0x00,0xF8,0x00,0x00,
             -0x00,0x1F,0x00,0x00,0x00,0x00,0x00,0xF8,0x00,0x00,0x00,
   28          0x1F,0x00,0x00,0x00,0x00,0x00,0xF8,0x00,0x00,0x00,0x1F,0x00,0x00,0x00,0x00,0x00,0xF8,0x00,0x00,0x00,0x1F,
             -0x00,0x00,0x00,0x00,0x00,0xF8,0x00,0x00,0x00,0x1F,0x00,0x00,0x00,0x00,0x00,0xF8,0x00,0x00,0x00,0x1F,0x00,0x00,0x00,0x00,
             -0x00,0xF8,0x00,0x00,0x00,0x1F,0x00,0x00,0x00,0x00,0x00,0xF8,0x00,0x00,0x00,0x1F,0x00,0x00,0x00,0x00,0x00,0xF8,0x00,0x00,
             -0x00,0x1F,0x00,0x00,0x00,0x00,0x00,0xF8,0x00,0x00,0x00,
   29          0x1F,0x00,0x00,0x00,0x00,0x00,0xF8,0x00,0x00,0x00,0x1F,0x00,0x00,0x00,0x00,0x00,0xF8,0x00,0x00,0x00,0x1F,
             -0x00,0x00,0x00,0x00,0x00,0xF8,0x00,0x00,0x00,0x1F,0x00,0x00,0x00,0x00,0x00,0xF8,0x00,0x00,0x00,0x1F,0x00,0x00,0x00,0x00,
             -0x00,0xF8,0x00,0x00,0x00,0x1F,0x00,0x00,0x00,0x00,0x00,0xF8,0x00,0x00,0x00,0x1F,0x00,0x00,0x00,0x00,0x00,0xF8,0x00,0x00,
             -0x00,0x1F,0x00,0x00,0x00,0x00,0x00,0xF8,0x00,0x00,0x00,
   30          0x1F,0x00,0x00,0x00,0x00,0x00,0xF8,0x00,0x00,0x00,0x1F,0x00,0x00,0x00,0x00,0x00,0xF8,0x00,0x00,0x00,0x1F,
             -0x00,0x00,0x00,0x00,0x00,0xF8,0x00,0x00,0x00,0x1F,0x00,0x00,0x00,0x00,0x00,0xF8,0x00,0x00,0x00,0x1F,0x00,0x00,0x00,0x00,
             -0x00,0xF8,0x00,0x00,0x00,0x1F,0x00,0x00,0x00,0x00,0x00,0xF8,0x00,0x00,0x00,0x1F,0x00,0x00,0x00,0x00,0x00,0xF8,0x00,0x00,
             -0x00,0x1F,0x00,0x00,0x00,0x00,0x00,0xF8,0x00,0x00,0x00,
   31          0x1F,0x00,0x00,0x00,0x00,0x00,0xF8,0x00,0x00,0x00,0x1F,0x00,0x00,0x00,0x00,0x00,0xF8,0x00,0x00,0x00,0x1F,
             -0x00,0x00,0x00,0x00,0x00,0xF8,0x00,0x00,0x00,0x1F,0x00,0x00,0x00,0x00,0x00,0xF8,0x00,0x00,0x00,0x1F,0x00,0x00,0x00,0x00,
             -0x00,0xF8,0x00,0x00,0x00,0x1F,0x00,0x00,0x00,0x00,0x00,0xF8,0x00,0x00,0x00,0x1F,0x00,0x00,0x00,0x00,0x00,0xF8,0x00,0x00,
             -0x00,0x1F,0x00,0x00,0x00,0x00,0x00,0xF8,0x00,0x00,0x00,
   32          0x1F,0x00,0x00,0x00,0x00,0x00,0xF8,0x00,0x00,0x00,0x1F,0x00,0x00,0x00,0x00,0x00,0xF8,0x00,0x00,0x00,0x1F,
             -0x00,0x00,0x00,0x00,0x00,0xF8,0x00,0x00,0x00,0x1F,0x00,0x00,0x00,0x00,0x00,0xF8,0x00,0x00,0x00,0x1F,0x00,0x00,0x00,0x00,
             -0x00,0xF8,0x00,0x00,0x00,0x1F,0x00,0x00,0x00,0x00,0x00,0xF8,0x00,0x00,0x00,0x1F,0x00,0x00,0x00,0x00,0x00,0xF8,0x00,0x00,
C251 COMPILER V5.60.0,  Word_stock                                                         26/07/23  13:29:52  PAGE 3   

             -0x00,0x1F,0x00,0x00,0x00,0x00,0x00,0xF8,0x00,0x00,0x00,
   33          0x1F,0x00,0x00,0x00,0x00,0x00,0xF8,0x00,0x00,0x00,0x1F,0x00,0x00,0x00,0x00,0x00,0xF8,0x00,0x00,0x00,0x1F,
             -0x00,0x00,0x00,0x00,0x00,0xF8,0x00,0x00,0x00,0x1F,0x00,0x00,0x00,0x00,0x00,0xF8,0x00,0x00,0x00,0x1F,0x00,0x00,0x00,0x00,
             -0x00,0xF8,0x00,0x00,0x00,0x1F,0x00,0x00,0x00,0x00,0x00,0xF8,0x00,0x00,0x00,0x1F,0x00,0x00,0x00,0x00,0x00,0xF8,0x00,0x00,
             -0x00,0x1F,0x00,0x00,0x00,0x00,0x00,0xF8,0x00,0x00,0x00,
   34          0x1F,0x00,0x00,0x00,0x00,0x00,0xF8,0x00,0x00,0x00,0x1F,0x00,0x00,0x00,0x00,0x00,0xF8,0x00,0x00,0x00,0x1F,
             -0x00,0x00,0x00,0x00,0x00,0xF8,0x00,0x00,0x00,0x1F,0x00,0x00,0x00,0x00,0x00,0xF8,0x00,0x00,0x00,0x1F,0x00,0x00,0x00,0x00,
             -0x00,0xF8,0x00,0x00,0x00,0x1F,0x00,0x00,0x00,0x00,0x00,0xF8,0x00,0x00,0x00,0x1F,0x00,0x00,0x00,0x00,0x00,0xF8,0x00,0x00,
             -0x00,0x1F,0x00,0x00,0x00,0x00,0x00,0xF8,0x00,0x00,0x00,
   35          0x1F,0x00,0x00,0x00,0x00,0x00,0xF8,0x00,0x00,0x00,0x1F,0x00,0x00,0x00,0x00,0x00,0xF8,0x00,0x00,0x00,0x1F,
             -0x00,0x00,0x00,0x00,0x00,0xF8,0x00,0x00,0x00,0x1F,0x00,0x00,0x00,0x00,0x00,0xF8,0x00,0x00,0x00,0x1F,0x00,0x00,0x00,0x00,
             -0x00,0xF8,0x00,0x00,0x00,0x1F,0x00,0x00,0x00,0x00,0x00,0xF8,0x80,0x01,0x0C,0x1F,0x00,0x00,0x00,0x00,0x00,0xF8,0xC0,0x03,
             -0x0E,0x1F,0x00,0x00,0x00,0x00,0x00,0xF8,0xE0,0x03,0x0B,
   36          0x1F,0x00,0x00,0x00,0x00,0x00,0xF8,0x20,0x80,0x09,0x1F,0x00,0x00,0x00,0x00,0x00,0xF8,0x30,0xC0,0x08,0x1F,
             -0x00,0x00,0x00,0x00,0x00,0xF8,0x30,0x70,0x08,0x1F,0x00,0x00,0x00,0x00,0x00,0xF8,0x20,0x38,0x08,0x1F,0x00,0x00,0x00,0x00,
             -0x00,0xF8,0xE0,0x1F,0x0C,0x1F,0x00,0x00,0x00,0x00,0x00,0xF8,0xE0,0x0F,0x0F,0x1F,0x00,0x00,0x00,0x00,0x00,0xF8,0x80,0x03,
             -0x0F,0x1F,0x00,0x00,0x00,0x00,0x00,0xF8,0x00,0x00,0x00,
   37          0x1F,0x00,0x00,0x00,0x00,0x00,0xF8,0x00,0x00,0x00,0x1F,0x00,0x00,0x00,0x00,0x00,0xF8,0x00,0x00,0x00,0x1F,
             -0x00,0x00,0x00,0x00,0x00,0xF8,0x00,0xFF,0x00,0x1F,0x00,0x00,0x00,0x00,0x00,0xF8,0xC0,0xFF,0x03,0x1F,0x00,0x00,0x00,0x00,
             -0x00,0xF8,0xE0,0xFF,0x07,0x1F,0x00,0x00,0x00,0x00,0x00,0xF8,0x60,0x00,0x0E,0x1F,0x00,0x00,0x00,0x00,0x00,0xF8,0x30,0x00,
             -0x08,0x1F,0x00,0x00,0x00,0x00,0x00,0xF8,0x30,0x00,0x08,
   38          0x1F,0x00,0x00,0x00,0x00,0x00,0xF8,0x20,0x00,0x0C,0x1F,0x00,0x00,0x00,0x00,0x00,0xF8,0xE0,0xC7,0x0F,0x1F,
             -0x00,0x00,0x00,0x00,0x00,0xF8,0xC0,0xFF,0x07,0x1F,0x00,0x00,0x00,0x00,0x00,0xF8,0x00,0xFF,0x01,0x1F,0x00,0x00,0x00,0x00,
             -0x00,0xF8,0x00,0x00,0x00,0x1F,0x00,0x00,0x00,0x00,0x00,0xF8,0x00,0x00,0x00,0x1F,0x00,0x00,0x00,0x00,0x00,0xF8,0x00,0x00,
             -0x00,0x1F,0x00,0x00,0x00,0x00,0x00,0xF8,0x00,0x60,0x00,
   39          0x1F,0x00,0x00,0x00,0x00,0x00,0xF8,0x00,0xF0,0x00,0x1F,0x00,0x00,0x00,0x00,0x00,0xF8,0x00,0x9C,0x00,0x1F,
             -0x00,0x00,0x00,0x00,0x00,0xF8,0x00,0x8E,0x08,0x1F,0x00,0x00,0x00,0x00,0x00,0xF8,0x80,0x83,0x08,0x1F,0x00,0x00,0x00,0x00,
             -0x00,0xF8,0xC0,0x81,0x08,0x1F,0x00,0x00,0x00,0x00,0x00,0xF8,0xF0,0xFF,0x0F,0x1F,0x00,0x00,0x00,0x00,0x00,0xF8,0xF0,0xFF,
             -0x0F,0x1F,0x00,0x00,0x00,0x00,0x00,0xF8,0x00,0x80,0x08,
   40          0x1F,0x00,0x00,0x00,0x00,0x00,0xF8,0x00,0x80,0x08,0x1F,0x00,0x00,0x00,0x00,0x00,0xF8,0x00,0x00,0x00,0x1F,
             -0x00,0x00,0x00,0x00,0x00,0xF8,0x00,0x00,0x00,0x1F,0x00,0x00,0x00,0x00,0x00,0xF8,0x00,0x00,0x00,0x1F,0x00,0x00,0x00,0x00,
             -0x00,0xF8,0x80,0xC1,0x03,0x1F,0x00,0x00,0x00,0x00,0x00,0xF8,0xE0,0xE7,0x07,0x1F,0x00,0x00,0x00,0x00,0x00,0xF8,0xE0,0x7F,
             -0x0C,0x1F,0x00,0x00,0x00,0x00,0x00,0xF8,0x20,0x1C,0x08,
   41          0x1F,0x00,0x00,0x00,0x00,0x00,0xF8,0x30,0x18,0x08,0x1F,0x00,0x00,0x00,0x00,0x00,0xF8,0x30,0x18,0x08,0x1F,
             -0x00,0x00,0x00,0x00,0x00,0xF8,0x20,0x38,0x08,0xFF,0xFF,0xFF,0xFF,0xFF,0xFF,0xFF,0x60,0x7E,0x0C,0xFF,0xFF,0xFF,0xFF,0xFF,
             -0xFF,0xFF,0xE0,0xE7,0x07,0xFF,0xFF,0xFF,0xFF,0xFF,0xFF,0xFF,0x80,0xC3,0x03,0xFF,0xFF,0xFF,0xFF,0xFF,0xFF,0xFF,0x00,0x00,
             -0x00,0xFF,0xFF,0xFF,0xFF,0xFF,0xFF,0xFF,0x00,0x00,0x00,/*"C:\Users\Administrator\Pictures\12\??13.bmp",0*/
   42          };
   43          unsigned char code vale3[]={
   44          0x00,0x00,0x00,0x00,0x00,0x00,0x00,0x00,0x00,0x00,0x00,0x00,0x00,0x00,0x00,0x00,0x00,0x00,0x00,0x00,0x00,
             -0x00,0x00,0x00,0x00,0x00,0x00,0x00,0x00,0x00,0x00,0x00,0x00,0x00,0x00,0x00,0x00,0x00,0x00,0x00,0x00,0x00,0x00,0x00,0x00,
             -0x00,0x00,0x00,0x00,0x00,0x00,0x00,0x00,0x00,0x00,0x00,0x00,0x00,0x00,0x00,0x00,0x00,0x00,0x00,0x00,0x00,0x00,0x00,0x00,
             -0x00,0x00,0x00,0x00,0x00,0x00,0x00,0x00,0x00,0x00,0x00,
   45          0x00,0x00,0x00,0x00,0x00,0x00,0x00,0x00,0x00,0x00,0x00,0x00,0x00,0x00,0x00,0x00,0x00,0x00,0x00,0x00,0x00,
             -0xC0,0x3F,0x00,0x00,0x00,0x00,0x00,0x00,0xE0,0xFF,0x00,0x00,0x00,0x00,0x00,0x00,0xF0,0xE0,0x01,0x00,0x00,0x00,0x00,0x00,
             -0x10,0x00,0x01,0x00,0x00,0x00,0x00,0x00,0x10,0x00,0x01,0x00,0x00,0x00,0x00,0x00,0x10,0x80,0x01,0x00,0x00,0x00,0x00,0x00,
             -0xF0,0xFF,0x01,0x00,0x00,0x00,0x00,0x00,0xE0,0xFF,0x00,
   46          0x00,0x00,0x00,0x00,0x00,0x80,0x3F,0x00,0x00,0x00,0x00,0x00,0x00,0x00,0x00,0x00,0x00,0x00,0x00,0x00,0x00,
             -0x00,0x00,0x00,0x00,0x00,0x00,0x00,0x00,0x00,0x00,0x00,0x00,0x00,0x00,0x00,0x00,0x00,0x00,0x00,0x00,0x00,0x00,0x00,0x00,
             -0x00,0x00,0x00,0x00,0x00,0x00,0x00,0x00,0x00,0x00,0x00,0x00,0x00,0x00,0x00,0x00,0x00,0x00,0x00,0x00,0x00,0x00,0x00,0x00,
             -0x00,0x00,0x00,0x00,0x00,0x00,0x00,0x00,0x00,0x00,0x00,
   47          0x00,0x00,0x00,0x00,0x00,0x00,0x00,0x00,0x00,0x00,0x00,0x00,0x00,0x00,0x00,0x00,0x00,0x00,0x00,0x00,0x00,
             -0x00,0x00,0x00,0x00,0x00,0x00,0x00,0x00,0x00,0x00,0x00,0x00,0x00,0x00,0x00,0x00,0x00,0x00,0x00,0x00,0x00,0x00,0x00,0x00,
             -0x00,0x00,0x00,0x00,0x00,0x00,0x00,0x00,0x00,0x00,0x00,0x00,0x00,0x00,0x00,0x00,0x00,0x00,0x00,0x00,0x00,0x00,0x00,0x00,
             -0x00,0x00,0x00,0x00,0x00,0x00,0x00,0x00,0x00,0x00,0x00,
   48          0x00,0x00,0x00,0x00,0x00,0x00,0x00,0x00,0x00,0x00,0x00,0x00,0x00,0x00,0x00,0x00,0x00,0x00,0x00,0x00,0x00,
             -0x00,0x00,0x00,0x00,0x00,0x00,0x00,0x00,0x00,0x00,0x00,0x00,0x00,0x00,0x00,0x00,0x00,0x00,0x00,0x00,0x00,0x00,0x00,0x00,
             -0x00,0x00,0x00,0x00,0x00,0x00,0x00,0x00,0x00,0x00,0x00,0x00,0x00,0x00,0x00,0x00,0x00,0x00,0x00,0x00,0x00,0x00,0x00,0x00,
             -0x00,0x00,0x00,0x00,0x00,0x00,0x00,0x00,0x00,0x00,0x00,
   49          0x00,0x00,0x00,0x00,0x00,0x00,0x00,0x00,0x00,0x00,0x00,0x00,0x00,0x00,0x00,0x00,0x00,0x00,0x00,0x00,0x00,
             -0x00,0x00,0x00,0x00,0x00,0x00,0x00,0x00,0x00,0x00,0x00,0x00,0x00,0x00,0x00,0x00,0x00,0x00,0x00,0x00,0x00,0x00,0x00,0x00,
             -0x00,0x00,0x00,0x00,0x00,0x00,0x00,0x00,0x00,0x00,0x00,0x00,0x00,0x00,0x00,0x00,0x00,0x00,0x00,0x00,0x00,0x00,0x00,0x00,
             -0x00,0x00,0x00,0x00,0x00,0x00,0x00,0x00,0x00,0x00,0x00,
   50          0x00,0x00,0x00,0x00,0x00,0x00,0x00,0x00,0x00,0x00,0x00,0x00,0x00,0x00,0x00,0x00,0x00,0x00,0x00,0x00,0x00,
             -0x00,0x00,0x00,0x00,0x00,0x00,0x00,0x00,0x00,0x00,0x00,0x00,0x00,0x00,0x00,0x00,0x00,0x00,0x00,0x00,0x00,0x00,0x00,0x00,
             -0x00,0x00,0x00,0x00,0x00,0x00,0x00,0x00,0x00,0x00,0x00,0x00,0x00,0x00,0x00,0x00,0x00,0x00,0x00,0x00,0x00,0x00,0x00,0x00,
C251 COMPILER V5.60.0,  Word_stock                                                         26/07/23  13:29:52  PAGE 4   

             -0x00,0x00,0x00,0x00,0x00,0x00,0x00,0x00,0x00,0x00,0x00,
   51          0x00,0x00,0x00,0x00,0x00,0x00,0x00,0x00,0x00,0x00,0x00,0x00,0x00,0x00,0x00,0x00,0x00,0x00,0x00,0x00,0x00,
             -0x00,0x00,0x00,0x00,0x00,0x00,0x00,0x00,0x00,0x00,0x00,0x00,0x00,0x00,0x00,0x00,0x00,0x00,0x00,0x00,0x00,0x00,0x00,0x00,
             -0x00,0x00,0x00,0x00,0x00,0x00,0x00,0x00,0x00,0x00,0x00,0x00,0x00,0x00,0x00,0x00,0x00,0x00,0x00,0x00,0x00,0x00,0x00,0x00,
             -0x00,0x00,0x00,0x00,0x00,0x00,0x00,0x00,0x00,0x00,0x00,
   52          0x00,0x00,0x00,0x00,0x00,0x00,0x00,0x00,0x00,0x00,0x00,0x00,0x00,0x00,0x00,0x00,0x00,0x00,0x00,0x00,0x00,
             -0x00,0x00,0x00,0x00,0x00,0x00,0x00,0x00,0x00,0x00,0x00,0x00,0x00,0x00,0x00,0x00,0x00,0x00,0x00,0x00,0x00,0x00,0x00,0x00,
             -0x00,0x00,0x00,0x00,0x00,0x00,0x00,0x00,0x00,0x00,0x00,0x00,0x00,0x00,0x00,0x00,0x00,0x00,0x00,0x00,0x00,0x00,0x00,0x00,
             -0x00,0x00,0x00,0x00,0x00,0x00,0x00,0x00,0x00,0x00,0x00,
   53          0x00,0x00,0x00,0x00,0x00,0x00,0x00,0x00,0x00,0x00,0x00,0x00,0x00,0x00,0x00,0x00,0x00,0x00,0x00,0x00,0x00,
             -0x00,0x00,0x00,0x00,0x00,0x00,0x00,0x00,0x00,0x00,0x00,0x00,0x00,0x00,0x00,0x00,0x00,0x00,0x00,0x00,0x00,0x00,0x00,0x00,
             -0x00,0x00,0x00,0x00,0x00,0x00,0x00,0x00,0x00,0x00,0x00,0x00,0x00,0x00,0x00,0x00,0x00,0x00,0x00,0x00,0x00,0x00,0x00,0x00,
             -0x00,0x00,0x00,0x00,0x00,0x00,0x00,0x00,0x00,0x00,0x00,
   54          0x00,0x00,0x00,0x00,0x00,0x00,0x00,0x00,0x00,0x00,0x00,0x00,0x00,0x00,0x00,0x00,0x00,0x00,0x00,0x00,0x00,
             -0x00,0x00,0x00,0x00,0x00,0x00,0x00,0x00,0x00,0x00,0x00,0x00,0x00,0x00,0x00,0x00,0x00,0x00,0x00,0x00,0x00,0x00,0x00,0x00,
             -0x00,0x00,0x00,0x00,0x00,0x00,0x00,0x00,0x00,0x00,0x00,0x00,0x00,0x00,0x00,0x00,0x00,0x00,0x00,0x00,0x00,0x00,0x00,0x00,
             -0x00,0x00,0x00,0x00,0x00,0x00,0x00,0x00,0x00,0x00,0x00,
   55          0x00,0x00,0x00,0x00,0x00,0x00,0x00,0x00,0x00,0x00,0x00,0x00,0x00,0x00,0x00,0x00,0x00,0x00,0x00,0x00,0x00,
             -0x00,0x00,0x00,0x00,0x00,0x00,0x00,0x00,0x00,0x00,0x00,0x00,0x00,0x00,0x00,0x00,0x00,0x00,0x00,0x00,0x00,0x00,0x00,0x00,
             -0x00,0x00,0x00,0x00,0x00,0x00,0x00,0x00,0x00,0x00,0x00,0x00,0x00,0x00,0x00,0x00,0x00,0x00,0x00,0x00,0x00,0x00,0x00,0x00,
             -0x00,0x00,0x00,0x00,0x00,0x00,0x00,0x00,0x00,0x00,0x00,
   56          0x00,0x00,0x00,0x00,0x00,0x00,0x00,0x00,0x00,0x00,0x00,0x00,0x00,0x00,0x00,0x00,0x00,0x00,0x00,0x00,0x00,
             -0x00,0x00,0x00,0x00,0x00,0x00,0x00,0x00,0x00,0x00,0x00,0x00,0x00,0x00,0x00,0x00,0x00,0x00,0x00,0x00,0x00,0x00,0x00,0x00,
             -0x00,0x00,0x00,0x00,0x00,0x00,0x00,0x00,0x00,0x00,0x00,0x00,0x00,0x00,0x00,0x00,0x00,0x00,0x00,0x00,0x00,0x00,0x00,0x00,
             -0x00,0x00,0x00,0x00,0x00,0x00,0x00,0x00,0x00,0x00,0x00,
   57          0x00,0x00,0x00,0x00,0x00,0x00,0x00,0x00,0x00,0x00,0x00,0x00,0x00,0x00,0x00,0x00,0x00,0x00,0x00,0x00,0x00,
             -0x00,0x00,0x00,0x00,0x00,0x00,0x00,0x00,0x00,0x00,0x00,0x00,0x00,0x00,0x00,0x00,0x00,0x00,0x00,0x00,0x00,0x00,0x00,0x00,
             -0x00,0x00,0x00,0x00,0x00,0x00,0x00,0x00,0x00,0x00,0x00,0x00,0x00,0x00,0x00,0x00,0x00,0x00,0x00,0x00,0x00,0x00,0x00,0x00,
             -0x00,0x00,0x00,0x00,0x00,0x00,0x00,0x00,0x00,0x00,0x00,
   58          0x00,0x00,0x00,0x00,0x00,0x00,0x00,0x00,0x00,0x00,0x00,0x00,0x00,0x00,0x00,0x00,0x00,0x00,0x00,0x00,0x00,
             -0x00,0x00,0x00,0x00,0x00,0x00,0x00,0x00,0x00,0x00,0x00,0x00,0x00,0x00,0x00,0x00,0x00,0x00,0x00,0x00,0x00,0x00,0x00,0x00,
             -0x00,0x00,0x00,0x00,0x00,0x00,0x00,0x00,0x00,0x00,0x00,0x00,0x00,0x00,0x00,0x00,0x00,0x00,0x00,0x00,0x00,0x00,0x00,0x00,
             -0x00,0x00,0x00,0x00,0x00,0x00,0x00,0x00,0x00,0x00,0x00,
   59          0x00,0x00,0x00,0x00,0x00,0x00,0x00,0x00,0x00,0x00,0x00,0x00,0x00,0x00,0x00,0x00,0x00,0x00,0x00,0x00,0x00,
             -0x00,0x00,0x00,0x00,0x00,0x00,0x00,0x00,0x00,0x00,0x00,0x00,0x00,0x00,0x00,0x00,0x00,0x00,0x00,0x00,0x00,0x00,0x00,0x00,
             -0x00,0x00,0x00,0x00,0x00,0x00,0x00,0x00,0x00,0x00,0x00,0x00,0x00,0x00,0x00,0x00,0x00,0x00,0x00,0x00,0x00,0x00,0x00,0x00,
             -0x00,0x00,0x00,0x00,0x00,0x00,0x00,0x00,0x00,0x00,0x00,
   60          0x00,0x00,0x00,0x00,0x00,0x00,0x00,0x00,0x00,0x00,0x00,0x00,0x00,0x00,0x00,0x00,0x00,0x00,0x00,0x00,0x00,
             -0x00,0x00,0x00,0x00,0x00,0x00,0x00,0x00,0x00,0x00,0x00,0x00,0x00,0x00,0x00,0x00,0x00,0x00,0x00,0x00,0x00,0x00,0x00,0x00,
             -0x00,0x00,0x00,0x00,0x00,0x00,0x00,0x00,0x00,0x00,0x00,0x00,0x00,0x00,0x00,0x00,0x00,0x00,0x00,0x00,0x00,0x00,0x00,0x00,
             -0x00,0x00,0x00,0x00,0x00,0x00,0x00,0x00,0x00,0x00,0x00,
   61          0x00,0x00,0x00,0x00,0x00,0x00,0x00,0x00,0x00,0x00,0x00,0x00,0x00,0x00,0x00,0x00,0x00,0x00,0x00,0x00,0x00,
             -0x00,0x00,0x00,0x00,0x00,0x00,0x00,0x00,0x00,0x00,0x00,0x00,0x00,0x00,0x00,0x00,0x00,0x00,0x00,0x00,0x00,0x00,0x00,0x00,
             -0x00,0x00,0x00,0x00,0x00,0x00,0x00,0x00,0x00,0x00,0x00,0x00,0x00,0x00,0x00,0x00,0x00,0x00,0x00,0x00,0x00,0x00,0x00,0x00,
             -0x00,0x00,0x00,0x00,0x00,0x00,0x00,0x00,0x00,0x00,0x00,
   62          0x00,0x00,0x00,0x00,0x00,0x00,0x00,0x00,0x00,0x00,0x00,0x00,0x00,0x00,0x00,0x00,0x00,0x00,0x00,0x00,0x00,
             -0x00,0x00,0x00,0x00,0x00,0x00,0x00,0x00,0x00,0x00,0x00,0x00,0x00,0x00,0x00,0x00,0x00,0x00,0x00,0x00,0x00,0x00,0x00,0x00,
             -0x00,0x00,0x00,0x00,0x00,0x00,0x00,0x00,0x00,0x00,0x00,0x00,0x00,0x00,0x00,0x00,0x00,0x00,0x00,0x00,0x00,0x00,0x00,0x00,
             -0x00,0x00,0x00,0x00,0x00,0x00,0x00,0x00,0x00,0x00,0x00,
   63          0x00,0x00,0x00,0x00,0x00,0x00,0x00,0x00,0x00,0x00,0x00,0x00,0x00,0x00,0x00,0x00,0x00,0x00,0x00,0x00,0x00,
             -0x00,0x00,0x00,0x00,0x00,0x00,0x00,0x00,0x00,0x00,0x00,0x00,0x00,0x00,0x00,0x00,0x00,0x00,0x00,0x00,0x00,0x00,0x00,0x00,
             -0x00,0x00,0x00,0x00,0x00,0x00,0x00,0x00,0x00,0x00,0x00,0x00,0x00,0x00,0x00,0x00,0x00,0x00,0x00,0x00,0x00,0x00,0x00,0x00,
             -0x00,0x00,0x00,0x00,0x00,0x00,0x00,0x00,0x00,0x00,0x00,
   64          0x00,0x00,0x00,0x00,0x00,0x00,0x00,0x00,0x00,0x00,0x00,0x00,0x00,0x00,0x00,0x00,0x00,0x00,0x00,0x00,0x00,
             -0x00,0x00,0x00,0x00,0x00,0x00,0x00,0x00,0x00,0x00,0x00,0x00,0x00,0x00,0x00,0x00,0x00,0x00,0x00,0x00,0x00,0x00,0x00,0x00,
             -0x00,0x00,0x00,0x00,0x00,0x00,0x00,0x00,0x00,0x00,0x00,0x00,0x00,0x00,0x00,0x00,0x00,0x00,0x00,0x00,0x00,0x00,0x00,0x00,
             -0x00,0x00,0x00,0x00,0x00,0x00,0x00,0x00,0x00,0x00,0x00,
   65          0x00,0x00,0x00,0x00,0x00,0x00,0x00,0x00,0x00,0x00,0x00,0x00,0x00,0x00,0x00,0x00,0x00,0x00,0x00,0x00,0x00,
             -0x00,0x00,0x00,0x00,0x00,0x00,0x00,0x00,0x00,0x00,0x00,0x00,0x00,0x00,0x00,0x00,0x00,0x00,0x00,0x00,0x00,0x00,0x00,0x00,
             -0x00,0x00,0x00,0x00,0x00,0x00,0x00,0x00,0x00,0x00,0x00,0x00,0x00,0x00,0x00,0x00,0x00,0x00,0x00,0x00,0x00,0x00,0x00,0x00,
             -0x00,0x00,0x00,0x00,0x00,0x00,0x00,0x00,0x00,0x00,0x00,
   66          0x00,0x00,0x00,0x00,0x00,0x00,0x00,0x00,0x00,0x00,0x00,0x00,0x00,0x00,0x00,0x00,0x00,0x00,0x00,0x00,0x00,
             -0x00,0x00,0x00,0x00,0x00,0x00,0x00,0x00,0x00,0x00,0x00,0x00,0x00,0x00,0x00,0x00,0x00,0x00,0x00,0x00,0x00,0x00,0x00,0x00,
             -0x00,0x00,0x00,0x00,0x00,0x00,0x00,0x00,0x00,0x00,0x00,0x00,0x00,0x00,0x00,0x00,0x00,0x00,0x00,0x00,0x00,0x00,0x00,0x00,
             -0x00,0x00,0x00,0x00,0x00,0x00,0x00,0x00,0x00,0x00,0x00,
   67          0x00,0x00,0x00,0x00,0x00,0x00,0x00,0x00,0x00,0x00,0x00,0x00,0x00,0x00,0x00,0x00,0x00,0x00,0x00,0x00,0x00,
C251 COMPILER V5.60.0,  Word_stock                                                         26/07/23  13:29:52  PAGE 5   

             -0x00,0x00,0x00,0x00,0x00,0x00,0x00,0x00,0x00,0x00,0x00,0x00,0x00,0x00,0x00,0x00,0x00,0x00,0x00,0x00,0x00,0x00,0x00,0x00,
             -0x00,0x00,0x00,0x00,0x00,0x00,0x00,0x00,0x00,0x00,0x00,0x00,0x00,0x00,0x00,0x00,0x00,0x00,0x00,0x00,0x00,0x00,0x00,0x00,
             -0x00,0x00,0x00,0x00,0x00,0x00,0x00,0x00,0x00,0x00,0x00,
   68          0x00,0x00,0x00,0x00,0x00,0x00,0x00,0x00,0x00,0x00,0x00,0x00,0x00,0x00,0x00,0x00,0x00,0x00,0x00,0x00,0x00,
             -0x00,0x00,0x00,0x00,0x00,0x00,0x00,0x00,0x00,0x00,0x00,0x00,0x00,0x00,0x00,0x00,0x00,0x00,0x00,0x00,0x00,0x00,0x00,0x00,
             -0x00,0x00,0x00,0x00,0x00,0x00,0x00,0x00,0x00,0x00,0x00,0x00,0x00,0x00,0x00,0x00,0x00,0x00,0x00,0x00,0x00,0x00,0x00,0x00,
             -0x00,0x00,0x00,0x00,0x00,0x00,0x00,0x00,0x00,0x00,0x00,
   69          0x00,0x00,0x00,0x00,0x00,0x00,0x00,0x00,0x00,0x00,0x00,0x00,0x00,0x00,0x00,0x00,0x00,0x00,0x00,0x00,0x00,
             -0x00,0x00,0x00,0x00,0x00,0x00,0x00,0x00,0x00,0x00,0x00,0x00,0x00,0x00,0x00,0x00,0x00,0x00,0x00,0x00,0x00,0x00,0x00,0x00,
             -0x00,0x00,0x00,0x00,0x00,0x00,0x00,0x00,0x00,0x00,0x00,0x00,0x00,0x00,0x00,0x00,0x00,0x00,0x00,0x00,0x00,0x00,0x00,0x00,
             -0x00,0x00,0x00,0x00,0x00,0x00,0x00,0x00,0x00,0x00,0x00,
   70          0x00,0x00,0x00,0x00,0x00,0x00,0x00,0x00,0x00,0x00,0x00,0x00,0x00,0x00,0x00,0x00,0x00,0x00,0x00,0x00,0x00,
             -0x00,0x00,0x00,0x00,0x00,0x00,0x00,0x00,0x00,0x00,0x00,0x00,0x00,0x00,0x00,0x00,0x00,0x00,0x00,0x00,0x00,0x00,0x00,0x00,
             -0x00,0x00,0x00,0x00,0x00,0x00,0x00,0x00,0x00,0x00,0x00,0x00,0x00,0x00,0x00,0x00,0x00,0x00,0x00,0x00,0x00,0x00,0x00,0x00,
             -0x00,0x00,0x00,0x00,0x00,0x00,0x00,0x00,0x00,0x00,0x00,
   71          0x00,0x00,0x00,0x00,0x00,0x00,0x00,0x00,0x00,0x00,0x00,0x00,0x00,0x00,0x00,0x00,0x00,0x00,0x00,0x00,0x00,
             -0x00,0x00,0x00,0x00,0x00,0x00,0x00,0x00,0x00,0x00,0x00,0x00,0x00,0x00,0x00,0x00,0x00,0x00,0x00,0x00,0x00,0x00,0x00,0x00,
             -0x00,0x00,0x00,0x00,0x00,0x00,0x00,0x00,0x00,0x00,0x00,0x00,0x00,0x00,0x00,0x00,0xE0,0x80,0x01,0x00,0x00,0x00,0x00,0x00,
             -0xF0,0xC0,0x01,0x00,0x00,0x00,0x00,0x00,0xD0,0x60,0x01,
   72          0x00,0x00,0x00,0x00,0x00,0x18,0x30,0x01,0x00,0x00,0x00,0x00,0x00,0x18,0x18,0x01,0x00,0x00,0x00,0x00,0x00,
             -0x10,0x0E,0x01,0x00,0x00,0x00,0x00,0x00,0xF0,0x87,0x01,0x00,0x00,0x00,0x00,0x00,0xF0,0xC3,0x01,0x00,0x00,0x00,0x00,0x00,
             -0x40,0x40,0x00,0x00,0x00,0x00,0x00,0x00,0x00,0x00,0x00,0x00,0x00,0x00,0x00,0x00,0x00,0x00,0x00,0x00,0x00,0x00,0x00,0x00,
             -0xC0,0x3F,0x00,0x00,0x00,0x00,0x00,0x00,0xE0,0xFF,0x00,
   73          0x00,0x00,0x00,0x00,0x00,0xF0,0xE0,0x01,0x00,0x00,0x00,0x00,0x00,0x10,0x00,0x01,0x00,0x00,0x00,0x00,0x00,
             -0x10,0x00,0x01,0x00,0x00,0x00,0x00,0x00,0x10,0x80,0x01,0x00,0x00,0x00,0x00,0x00,0xF0,0xFF,0x01,0x00,0x00,0x00,0x00,0x00,
             -0xE0,0xFF,0x00,0x00,0x00,0x00,0x00,0x00,0x80,0x3F,0x00,0x00,0x00,0x00,0x00,0x00,0x00,0x00,0x00,0x00,0x00,0x00,0x00,0x00,
             -0x00,0x00,0x00,0x00,0x00,0x00,0x00,0x00,0x00,0x18,0x00,
   74          0x00,0x00,0x00,0x00,0x00,0x00,0x1E,0x00,0x00,0x00,0x00,0x00,0x00,0x80,0x17,0x00,0x00,0x00,0x00,0x00,0x00,
             -0xC0,0x11,0x00,0x00,0x00,0x00,0x00,0x00,0x60,0x10,0x01,0x00,0x00,0x00,0x00,0x00,0xF8,0xFF,0x01,0x00,0x00,0x00,0x00,0x00,
             -0xF8,0xFF,0x01,0x00,0x00,0x00,0x00,0x00,0x00,0x10,0x01,0x00,0x00,0x00,0x00,0x00,0x00,0x10,0x00,0x00,0x00,0x00,0x00,0x00,
             -0x00,0x00,0x00,0x00,0x00,0x00,0x00,0x00,0x00,0x00,0x00,
   75          0x00,0x00,0x00,0x00,0x00,0xE0,0xF8,0x00,0x00,0x00,0x00,0x00,0x00,0xF0,0xFD,0x01,0x00,0x00,0x00,0x00,0x00,
             -0x90,0x0F,0x01,0x00,0x00,0x00,0x00,0x00,0x18,0x07,0x01,0x00,0x00,0x00,0x00,0x00,0x18,0x06,0x01,0x00,0x00,0x00,0x00,0x00,
             -0x10,0x0E,0x01,0x00,0x00,0x00,0x00,0x00,0xF0,0x9F,0x01,0x00,0x00,0x00,0x00,0x00,0xF0,0xF9,0x00,0x00,0x00,0x00,0x00,0x00,
             -0x40,0x70,0x00,0x00,0x00,0x00,0x00,0x00,0x00,0x00,0x00,/*"C:\Users\Administrator\Pictures\12\??12.bmp",0*/
   76          };
   77          unsigned char code vale2[]={
   78          0x00,0x00,0x00,0x00,0x00,0x00,0x00,0x00,0x00,0x00,0x00,0x00,0x00,0x00,0x00,0x00,0x00,0x00,0x00,0x00,0x00,
             -0x00,0x00,0x00,0x00,0x00,0x00,0xFE,0x3F,0x00,0x00,0x00,0x00,0x00,0xE0,0xFF,0xFF,0x03,0x00,0x00,0x00,0x00,0xFC,0xFF,0xFF,
             -0x1F,0x00,0x00,0x00,0x00,0xFF,0xFF,0xFF,0x7F,0x00,0x00,0x00,0x80,0xFF,0x00,0x80,0xFF,0x00,0x00,0x00,0xC0,0x0F,0x00,0x00,
             -0xF8,0x01,0x00,0x00,0xE0,0x03,0x00,0x00,0xE0,0x03,0x00,
   79          0x00,0xF0,0x00,0x00,0x00,0x80,0x07,0x00,0x00,0x70,0x00,0x00,0x00,0x00,0x07,0x00,0x00,0x38,0x00,0x00,0x00,
             -0x00,0x0E,0x00,0x00,0x18,0x00,0x00,0x00,0x00,0x0C,0x00,0x00,0x18,0x00,0x00,0x00,0x00,0x0C,0x00,0x00,0x18,0x00,0x00,0x00,
             -0x00,0x0C,0x00,0x00,0x18,0x00,0x00,0x00,0x00,0x0C,0x00,0x00,0x38,0x00,0x00,0x00,0x00,0x0E,0x00,0x00,0x30,0x00,0x00,0x00,
             -0x00,0x06,0x00,0x00,0x70,0x00,0x00,0x00,0x00,0x07,0x00,
   80          0x00,0xE0,0x01,0x00,0x00,0xC0,0x03,0x00,0x00,0xC0,0x07,0x00,0x00,0xF0,0x01,0x00,0x00,0x80,0xFF,0x00,0x80,
             -0xFF,0x00,0x00,0x00,0x00,0xFF,0xFF,0xFF,0x7F,0x00,0x00,0x00,0x00,0xFC,0xFF,0xFF,0x1F,0x00,0x00,0x00,0x00,0xF0,0xFF,0xFF,
             -0x03,0x00,0x00,0x00,0x00,0x00,0xFE,0x3F,0x00,0x00,0x00,0x00,0x00,0x00,0x00,0x00,0x00,0x00,0x00,0x00,0x00,0x00,0x00,0x00,
             -0x00,0x00,0x00,0x00,0x00,0x00,0x00,0x00,0x00,0x00,0x00,/*"0",0*/
   81          0x00,0x00,0x00,0x00,0x00,0x00,0x00,0x00,0x00,0x00,0x00,0x00,0x00,0x00,0x00,0x00,0x00,0x00,0x00,0x00,0x00,
             -0x00,0x00,0x00,0x00,0x00,0x00,0x00,0x00,0x00,0x00,0x00,0x00,0x00,0x00,0x00,0x00,0x00,0x00,0x00,0x00,0x00,0x00,0x00,0x00,
             -0x00,0x00,0x00,0x00,0x80,0x00,0x00,0x00,0x00,0x08,0x00,0x00,0x80,0x00,0x00,0x00,0x00,0x08,0x00,0x00,0x80,0x00,0x00,0x00,
             -0x00,0x08,0x00,0x00,0x80,0x00,0x00,0x00,0x00,0x08,0x00,
   82          0x00,0x80,0x00,0x00,0x00,0x00,0x08,0x00,0x00,0x80,0x00,0x00,0x00,0x00,0x0C,0x00,0x00,0xC0,0x01,0x00,0x00,
             -0x00,0x0E,0x00,0x00,0xC0,0xFF,0xFF,0xFF,0xFF,0x0F,0x00,0x00,0xE0,0xFF,0xFF,0xFF,0xFF,0x0F,0x00,0x00,0xF0,0xFF,0xFF,0xFF,
             -0xFF,0x0F,0x00,0x00,0xF8,0xFF,0xFF,0xFF,0xFF,0x0F,0x00,0x00,0x00,0x00,0x00,0x00,0x00,0x0E,0x00,0x00,0x00,0x00,0x00,0x00,
             -0x00,0x0C,0x00,0x00,0x00,0x00,0x00,0x00,0x00,0x08,0x00,
   83          0x00,0x00,0x00,0x00,0x00,0x00,0x08,0x00,0x00,0x00,0x00,0x00,0x00,0x00,0x08,0x00,0x00,0x00,0x00,0x00,0x00,
             -0x00,0x08,0x00,0x00,0x00,0x00,0x00,0x00,0x00,0x08,0x00,0x00,0x00,0x00,0x00,0x00,0x00,0x00,0x00,0x00,0x00,0x00,0x00,0x00,
             -0x00,0x00,0x00,0x00,0x00,0x00,0x00,0x00,0x00,0x00,0x00,0x00,0x00,0x00,0x00,0x00,0x00,0x00,0x00,0x00,0x00,0x00,0x00,0x00,
             -0x00,0x00,0x00,0x00,0x00,0x00,0x00,0x00,0x00,0x00,0x00,/*"1",1*/
   84          0x00,0x00,0x00,0x00,0x00,0x00,0x00,0x00,0x00,0x00,0x00,0x00,0x00,0x00,0x00,0x00,0x00,0x00,0x00,0x00,0x00,
             -0x00,0x00,0x00,0x00,0x00,0x00,0x00,0x00,0x80,0x0F,0x00,0x00,0x00,0xFC,0x00,0x00,0xC0,0x0F,0x00,0x00,0x00,0xFF,0x01,0x00,
             -0xF0,0x0F,0x00,0x00,0x80,0xFF,0x01,0x00,0x78,0x0F,0x00,0x00,0xC0,0xF9,0x01,0x00,0x1C,0x0F,0x00,0x00,0x60,0xE0,0x00,0x00,
             -0x0E,0x0F,0x00,0x00,0x30,0x00,0x00,0x00,0x07,0x0F,0x00,
   85          0x00,0x30,0x00,0x00,0x80,0x03,0x0F,0x00,0x00,0x10,0x00,0x00,0xC0,0x01,0x0F,0x00,0x00,0x18,0x00,0x00,0xE0,
C251 COMPILER V5.60.0,  Word_stock                                                         26/07/23  13:29:52  PAGE 6   

             -0x00,0x0F,0x00,0x00,0x18,0x00,0x00,0x70,0x00,0x0F,0x00,0x00,0x18,0x00,0x00,0x38,0x00,0x0F,0x00,0x00,0x18,0x00,0x00,0x1C,
             -0x00,0x0F,0x00,0x00,0x18,0x00,0x00,0x0E,0x00,0x0F,0x00,0x00,0x18,0x00,0x00,0x07,0x00,0x0F,0x00,0x00,0x38,0x00,0xC0,0x03,
             -0x00,0x0F,0x00,0x00,0x70,0x00,0xE0,0x01,0x00,0x0F,0x00,
   86          0x00,0xF0,0x00,0xF8,0x00,0x00,0x0F,0x00,0x00,0xF0,0x03,0x7E,0x00,0x80,0x0F,0x00,0x00,0xE0,0xFF,0x3F,0x00,
             -0x80,0x0F,0x00,0x00,0xC0,0xFF,0x1F,0x00,0xE0,0x0F,0x00,0x00,0x80,0xFF,0x07,0x00,0xFC,0x0F,0x00,0x00,0x00,0xFC,0x00,0x00,
             -0x1E,0x00,0x00,0x00,0x00,0x00,0x00,0x00,0x00,0x00,0x00,0x00,0x00,0x00,0x00,0x00,0x00,0x00,0x00,0x00,0x00,0x00,0x00,0x00,
             -0x00,0x00,0x00,0x00,0x00,0x00,0x00,0x00,0x00,0x00,0x00,/*"2",2*/
   87          0x00,0x00,0x00,0x00,0x00,0x00,0x00,0x00,0x00,0x00,0x00,0x00,0x00,0x00,0x00,0x00,0x00,0x00,0x00,0x00,0x00,
             -0x00,0x00,0x00,0x00,0x00,0x00,0x00,0x00,0x00,0x00,0x00,0x00,0x00,0x00,0x00,0x00,0x78,0x00,0x00,0x00,0x00,0x1F,0x00,0x00,
             -0xFE,0x00,0x00,0x00,0xC0,0x3F,0x00,0x00,0xFE,0x01,0x00,0x00,0xE0,0x3F,0x00,0x00,0xFE,0x03,0x00,0x00,0x60,0x1C,0x00,0x00,
             -0x1C,0x07,0x00,0x00,0x30,0x00,0x00,0x00,0x00,0x06,0x00,
   88          0x00,0x30,0x00,0x00,0x00,0x00,0x0E,0x00,0x00,0x18,0x00,0x00,0x00,0x00,0x0C,0x00,0x00,0x18,0x00,0x60,0x00,
             -0x00,0x0C,0x00,0x00,0x18,0x00,0x60,0x00,0x00,0x0C,0x00,0x00,0x18,0x00,0x60,0x00,0x00,0x0C,0x00,0x00,0x18,0x00,0x70,0x00,
             -0x00,0x0C,0x00,0x00,0x38,0x00,0xF0,0x00,0x00,0x0C,0x00,0x00,0x38,0x00,0xF8,0x00,0x00,0x0E,0x00,0x00,0xF0,0x00,0xDC,0x00,
             -0x00,0x06,0x00,0x00,0xF0,0x03,0xDF,0x01,0x00,0x07,0x00,
   89          0x00,0xE0,0xFF,0x8F,0x03,0x80,0x03,0x00,0x00,0xC0,0xFF,0x07,0x1F,0xF0,0x03,0x00,0x00,0x80,0xFF,0x03,0xFF,
             -0xFF,0x01,0x00,0x00,0x00,0xFE,0x00,0xFE,0xFF,0x00,0x00,0x00,0x00,0x00,0x00,0xF8,0x3F,0x00,0x00,0x00,0x00,0x00,0x00,0xE0,
             -0x0F,0x00,0x00,0x00,0x00,0x00,0x00,0x00,0x00,0x00,0x00,0x00,0x00,0x00,0x00,0x00,0x00,0x00,0x00,0x00,0x00,0x00,0x00,0x00,
             -0x00,0x00,0x00,0x00,0x00,0x00,0x00,0x00,0x00,0x00,0x00,/*"3",3*/
   90          0x00,0x00,0x00,0x00,0x00,0x00,0x00,0x00,0x00,0x00,0x00,0x00,0x00,0x00,0x00,0x00,0x00,0x00,0x00,0x00,0xE0,
             -0x00,0x00,0x00,0x00,0x00,0x00,0x00,0xF0,0x00,0x00,0x00,0x00,0x00,0x00,0x00,0xDC,0x00,0x00,0x00,0x00,0x00,0x00,0x00,0xCE,
             -0x00,0x00,0x00,0x00,0x00,0x00,0x80,0xC3,0x00,0x00,0x00,0x00,0x00,0x00,0xC0,0xC1,0x00,0x00,0x00,0x00,0x00,0x00,0x70,0xC0,
             -0x00,0x00,0x00,0x00,0x00,0x00,0x3C,0xC0,0x00,0x00,0x00,
   91          0x00,0x00,0x00,0x0E,0xC0,0x00,0x00,0x00,0x00,0x00,0x80,0x07,0xC0,0x00,0x00,0x00,0x00,0x00,0xC0,0x01,0xC0,
             -0x00,0x08,0x00,0x00,0x00,0xF0,0x00,0xC0,0x00,0x08,0x00,0x00,0x00,0x38,0x00,0xC0,0x00,0x08,0x00,0x00,0x00,0x1E,0x00,0xC0,
             -0x00,0x08,0x00,0x00,0x00,0x07,0x00,0xC0,0x00,0x08,0x00,0x00,0xC0,0x03,0x00,0xC0,0x00,0x0C,0x00,0x00,0xE0,0xFF,0xFF,0xFF,
             -0xFF,0x0F,0x00,0x00,0xF8,0xFF,0xFF,0xFF,0xFF,0x0F,0x00,
   92          0x00,0xF8,0xFF,0xFF,0xFF,0xFF,0x0F,0x00,0x00,0xF8,0xFF,0xFF,0xFF,0xFF,0x0F,0x00,0x00,0x00,0x00,0x00,0xC0,
             -0x00,0x0C,0x00,0x00,0x00,0x00,0x00,0xC0,0x00,0x08,0x00,0x00,0x00,0x00,0x00,0xC0,0x00,0x08,0x00,0x00,0x00,0x00,0x00,0xC0,
             -0x00,0x08,0x00,0x00,0x00,0x00,0x00,0xC0,0x00,0x08,0x00,0x00,0x00,0x00,0x00,0xC0,0x00,0x08,0x00,0x00,0x00,0x00,0x00,0x00,
             -0x00,0x00,0x00,0x00,0x00,0x00,0x00,0x00,0x00,0x00,0x00,/*"4",4*/
   93          0x00,0x00,0x00,0x00,0x00,0x00,0x00,0x00,0x00,0x00,0x00,0x00,0x00,0x00,0x00,0x00,0x00,0x00,0x00,0x00,0x00,
             -0x00,0x00,0x00,0x00,0x00,0x00,0x00,0x00,0x00,0x00,0x00,0x00,0x00,0x00,0x00,0x00,0x3E,0x00,0x00,0x00,0x00,0x00,0x00,0x00,
             -0xFF,0x00,0x00,0x00,0x00,0x80,0xFF,0x01,0xFF,0x01,0x00,0x00,0xF8,0xFF,0xFF,0x01,0xFF,0x03,0x00,0x00,0xF8,0x07,0xC0,0x00,
             -0x0E,0x03,0x00,0x00,0x78,0x00,0x30,0x00,0x00,0x06,0x00,
   94          0x00,0x78,0x00,0x10,0x00,0x00,0x06,0x00,0x00,0x78,0x00,0x18,0x00,0x00,0x0C,0x00,0x00,0x78,0x00,0x08,0x00,
             -0x00,0x0C,0x00,0x00,0x78,0x00,0x0C,0x00,0x00,0x0C,0x00,0x00,0x78,0x00,0x0C,0x00,0x00,0x0C,0x00,0x00,0x78,0x00,0x0C,0x00,
             -0x00,0x0C,0x00,0x00,0x78,0x00,0x0C,0x00,0x00,0x0C,0x00,0x00,0x78,0x00,0x0C,0x00,0x00,0x0E,0x00,0x00,0x78,0x00,0x1C,0x00,
             -0x00,0x06,0x00,0x00,0x78,0x00,0x3C,0x00,0x00,0x07,0x00,
   95          0x00,0x78,0x00,0x78,0x00,0xC0,0x07,0x00,0x00,0x78,0x00,0xF0,0x03,0xF8,0x03,0x00,0x00,0x78,0x00,0xF0,0xFF,
             -0xFF,0x01,0x00,0x00,0x78,0x00,0xC0,0xFF,0xFF,0x00,0x00,0x00,0x38,0x00,0x80,0xFF,0x3F,0x00,0x00,0x00,0x00,0x00,0x00,0xFC,
             -0x07,0x00,0x00,0x00,0x00,0x00,0x00,0x00,0x00,0x00,0x00,0x00,0x00,0x00,0x00,0x00,0x00,0x00,0x00,0x00,0x00,0x00,0x00,0x00,
             -0x00,0x00,0x00,0x00,0x00,0x00,0x00,0x00,0x00,0x00,0x00,/*"5",5*/
   96          0x00,0x00,0x00,0x00,0x00,0x00,0x00,0x00,0x00,0x00,0x00,0x00,0x00,0x00,0x00,0x00,0x00,0x00,0x00,0x00,0x00,
             -0x00,0x00,0x00,0x00,0x00,0x00,0xFC,0xFF,0x00,0x00,0x00,0x00,0x00,0xC0,0xFF,0xFF,0x0F,0x00,0x00,0x00,0x00,0xF8,0xFF,0xFF,
             -0x3F,0x00,0x00,0x00,0x00,0xFE,0xFF,0xFF,0xFF,0x00,0x00,0x00,0x00,0xFF,0x80,0x03,0xFE,0x01,0x00,0x00,0x80,0x07,0xE0,0x00,
             -0xF0,0x03,0x00,0x00,0xC0,0x01,0x70,0x00,0xC0,0x03,0x00,
   97          0x00,0xE0,0x00,0x30,0x00,0x80,0x07,0x00,0x00,0x60,0x00,0x18,0x00,0x00,0x07,0x00,0x00,0x30,0x00,0x18,0x00,
             -0x00,0x0E,0x00,0x00,0x30,0x00,0x0C,0x00,0x00,0x0C,0x00,0x00,0x18,0x00,0x0C,0x00,0x00,0x0C,0x00,0x00,0x18,0x00,0x0C,0x00,
             -0x00,0x0C,0x00,0x00,0x18,0x00,0x0C,0x00,0x00,0x0C,0x00,0x00,0x18,0x00,0x0C,0x00,0x00,0x0C,0x00,0x00,0x18,0x00,0x1C,0x00,
             -0x00,0x0E,0x00,0x00,0x18,0x00,0x1C,0x00,0x00,0x06,0x00,
   98          0x00,0x38,0x00,0x38,0x00,0x00,0x07,0x00,0x00,0xF0,0x03,0x78,0x00,0x80,0x03,0x00,0x00,0xF0,0x07,0xF0,0x03,
             -0xF0,0x03,0x00,0x00,0xE0,0x07,0xE0,0xFF,0xFF,0x01,0x00,0x00,0x80,0x03,0xC0,0xFF,0xFF,0x00,0x00,0x00,0x00,0x00,0x80,0xFF,
             -0x3F,0x00,0x00,0x00,0x00,0x00,0x00,0xFC,0x07,0x00,0x00,0x00,0x00,0x00,0x00,0x00,0x00,0x00,0x00,0x00,0x00,0x00,0x00,0x00,
             -0x00,0x00,0x00,0x00,0x00,0x00,0x00,0x00,0x00,0x00,0x00,/*"6",6*/
   99          0x00,0x00,0x00,0x00,0x00,0x00,0x00,0x00,0x00,0x00,0x00,0x00,0x00,0x00,0x00,0x00,0x00,0x00,0x00,0x00,0x00,
             -0x00,0x00,0x00,0x00,0x00,0x00,0x00,0x00,0x00,0x00,0x00,0x00,0x00,0x38,0x00,0x00,0x00,0x00,0x00,0x00,0xF0,0x1F,0x00,0x00,
             -0x00,0x00,0x00,0x00,0xF8,0x03,0x00,0x00,0x00,0x00,0x00,0x00,0xF8,0x01,0x00,0x00,0x00,0x00,0x00,0x00,0xF8,0x00,0x00,0x00,
             -0x00,0x00,0x00,0x00,0x78,0x00,0x00,0x00,0x00,0x00,0x00,
  100          0x00,0x78,0x00,0x00,0x00,0x00,0x00,0x00,0x00,0x78,0x00,0x00,0x00,0xF8,0x07,0x00,0x00,0x78,0x00,0x00,0x80,
             -0xFF,0x0F,0x00,0x00,0x78,0x00,0x00,0xF8,0xFF,0x0F,0x00,0x00,0x78,0x00,0x00,0xFE,0xFF,0x0F,0x00,0x00,0x78,0x00,0xC0,0xFF,
             -0xFF,0x07,0x00,0x00,0x78,0x00,0xF0,0x07,0x00,0x00,0x00,0x00,0x78,0x00,0xFC,0x00,0x00,0x00,0x00,0x00,0x78,0x80,0x1F,0x00,
             -0x00,0x00,0x00,0x00,0x78,0xE0,0x03,0x00,0x00,0x00,0x00,
  101          0x00,0x78,0xF8,0x00,0x00,0x00,0x00,0x00,0x00,0x78,0x1E,0x00,0x00,0x00,0x00,0x00,0x00,0xF8,0x07,0x00,0x00,
             -0x00,0x00,0x00,0x00,0xF8,0x01,0x00,0x00,0x00,0x00,0x00,0x00,0x78,0x00,0x00,0x00,0x00,0x00,0x00,0x00,0x38,0x00,0x00,0x00,
             -0x00,0x00,0x00,0x00,0x00,0x00,0x00,0x00,0x00,0x00,0x00,0x00,0x00,0x00,0x00,0x00,0x00,0x00,0x00,0x00,0x00,0x00,0x00,0x00,
C251 COMPILER V5.60.0,  Word_stock                                                         26/07/23  13:29:52  PAGE 7   

             -0x00,0x00,0x00,0x00,0x00,0x00,0x00,0x00,0x00,0x00,0x00,/*"7",7*/
  102          0x00,0x00,0x00,0x00,0x00,0x00,0x00,0x00,0x00,0x00,0x00,0x00,0x00,0x00,0x00,0x00,0x00,0x00,0x00,0x00,0x00,
             -0x00,0x00,0x00,0x00,0x00,0x00,0x00,0xC0,0x1F,0x00,0x00,0x00,0x00,0xFC,0x00,0xF0,0x7F,0x00,0x00,0x00,0x00,0xFF,0x03,0xFC,
             -0xFF,0x00,0x00,0x00,0xC0,0xFF,0x07,0xFE,0xFF,0x01,0x00,0x00,0xE0,0xFF,0x0F,0x3F,0xE0,0x03,0x00,0x00,0xE0,0xC1,0x1F,0x07,
             -0x80,0x03,0x00,0x00,0xF0,0x00,0xBF,0x03,0x00,0x07,0x00,
  103          0x00,0x30,0x00,0xFE,0x01,0x00,0x06,0x00,0x00,0x38,0x00,0xFC,0x00,0x00,0x0E,0x00,0x00,0x18,0x00,0x78,0x00,
             -0x00,0x0C,0x00,0x00,0x18,0x00,0xF8,0x00,0x00,0x0C,0x00,0x00,0x18,0x00,0xF0,0x00,0x00,0x0C,0x00,0x00,0x18,0x00,0xE0,0x01,
             -0x00,0x0C,0x00,0x00,0x18,0x00,0xE0,0x03,0x00,0x0C,0x00,0x00,0x18,0x00,0xE0,0x03,0x00,0x0C,0x00,0x00,0x38,0x00,0xF0,0x07,
             -0x00,0x06,0x00,0x00,0x30,0x00,0xB8,0x0F,0x00,0x07,0x00,
  104          0x00,0xF0,0x00,0x1C,0x1F,0x80,0x07,0x00,0x00,0xE0,0x03,0x1F,0x7F,0xE0,0x03,0x00,0x00,0xE0,0xFF,0x0F,0xFE,
             -0xFF,0x01,0x00,0x00,0xC0,0xFF,0x07,0xFC,0xFF,0x00,0x00,0x00,0x00,0xFF,0x01,0xF0,0x7F,0x00,0x00,0x00,0x00,0x7C,0x00,0xC0,
             -0x1F,0x00,0x00,0x00,0x00,0x00,0x00,0x00,0x00,0x00,0x00,0x00,0x00,0x00,0x00,0x00,0x00,0x00,0x00,0x00,0x00,0x00,0x00,0x00,
             -0x00,0x00,0x00,0x00,0x00,0x00,0x00,0x00,0x00,0x00,0x00,/*"8",8*/
  105          0x00,0x00,0x00,0x00,0x00,0x00,0x00,0x00,0x00,0x00,0x00,0x00,0x00,0x00,0x00,0x00,0x00,0x00,0x00,0x00,0x00,
             -0x00,0x00,0x00,0x00,0x00,0xF0,0x1F,0x00,0x00,0x00,0x00,0x00,0x00,0xFE,0x7F,0x00,0x00,0x00,0x00,0x00,0x80,0xFF,0xFF,0x01,
             -0xE0,0x01,0x00,0x00,0xC0,0xFF,0xFF,0x03,0xF0,0x03,0x00,0x00,0xE0,0x07,0xF0,0x03,0xF0,0x07,0x00,0x00,0xE0,0x01,0x80,0x07,
             -0xE0,0x07,0x00,0x00,0x70,0x00,0x00,0x07,0x00,0x0E,0x00,
  106          0x00,0x30,0x00,0x00,0x0E,0x00,0x0C,0x00,0x00,0x38,0x00,0x00,0x0E,0x00,0x0C,0x00,0x00,0x18,0x00,0x00,0x0C,
             -0x00,0x0C,0x00,0x00,0x18,0x00,0x00,0x0C,0x00,0x0C,0x00,0x00,0x18,0x00,0x00,0x0C,0x00,0x0C,0x00,0x00,0x18,0x00,0x00,0x0C,
             -0x00,0x0E,0x00,0x00,0x18,0x00,0x00,0x0C,0x00,0x06,0x00,0x00,0x18,0x00,0x00,0x06,0x00,0x07,0x00,0x00,0x30,0x00,0x00,0x06,
             -0x80,0x03,0x00,0x00,0x30,0x00,0x00,0x03,0xC0,0x03,0x00,
  107          0x00,0x60,0x00,0x80,0x01,0xF0,0x01,0x00,0x00,0xE0,0x01,0xE0,0x00,0xFE,0x00,0x00,0x00,0xC0,0x0F,0x78,0xF0,
             -0x7F,0x00,0x00,0x00,0x80,0xFF,0xFF,0xFF,0x1F,0x00,0x00,0x00,0x00,0xFE,0xFF,0xFF,0x07,0x00,0x00,0x00,0x00,0xF8,0xFF,0xFF,
             -0x00,0x00,0x00,0x00,0x00,0x80,0xFF,0x0F,0x00,0x00,0x00,0x00,0x00,0x00,0x00,0x00,0x00,0x00,0x00,0x00,0x00,0x00,0x00,0x00,
             -0x00,0x00,0x00,0x00,0x00,0x00,0x00,0x00,0x00,0x00,0x00,/*"9",9*/
  108          0x00,0x00,0x00,0x00,0x00,0x00,0x00,0x00,0x00,0x00,0x00,0x00,0x00,0x00,0x00,0x00,0x00,0x00,0x00,0x00,0x00,
             -0x00,0x00,0x00,0x00,0x00,0x00,0x00,0x00,0x00,0x00,0x00,0x00,0x00,0x00,0x00,0x00,0x00,0x00,0x00,0x00,0x00,0x00,0x00,0x00,
             -0x00,0x00,0x00,0x00,0x00,0x00,0x00,0x00,0x00,0x00,0x00,0x00,0x00,0x00,0x00,0x00,0x00,0x00,0x00,0x00,0x00,0x00,0x00,0x00,
             -0x00,0x00,0x00,0x00,0x00,0x00,0x00,0x00,0x00,0x00,0x00,
  109          0x00,0x00,0x00,0x00,0x00,0x00,0x00,0x00,0x00,0x00,0x00,0x00,0x00,0x00,0x00,0x00,0x00,0x00,0x00,0x00,0x00,
             -0x00,0x00,0x00,0x00,0x00,0x00,0x00,0x00,0x00,0x00,0x00,0x00,0x00,0x00,0x00,0x00,0x00,0x00,0x00,0x00,0x00,0x00,0x00,0x00,
             -0x00,0x00,0x00,0x00,0x00,0x00,0x00,0x00,0x00,0x00,0x00,0x00,0x00,0x00,0x00,0x00,0x00,0x00,0x00,0x00,0x00,0x00,0x00,0x00,
             -0x00,0x00,0x00,0x00,0x00,0x00,0x00,0x00,0x00,0x00,0x00,
  110          0x00,0x00,0x00,0x00,0x00,0x00,0x00,0x00,0x00,0x00,0x00,0x00,0x00,0x00,0x00,0x00,0x00,0x00,0x00,0x00,0x00,
             -0x00,0x00,0x00,0x00,0x00,0x00,0x00,0x00,0x00,0x00,0x00,0x00,0x00,0x00,0x00,0x00,0x00,0x00,0x00,0x00,0x00,0x00,0x00,0x00,
             -0x00,0x00,0x00,0x00,0x00,0x00,0x00,0x00,0x00,0x00,0x00,0x00,0x00,0x00,0x00,0x00,0x00,0x00,0x00,0x00,0x00,0x00,0x00,0x00,
             -0x00,0x00,0x00,0x00,0x00,0x00,0x00,0x00,0x00,0x00,0x00,/*" ",10*/
  111          };
  112          unsigned char code vale4[]={
  113          0x00,0x00,0x00,0x00,0x00,0x00,0x00,0x00,0x00,0x00,0x00,0x08,0x00,0x04,0x00,0x00,0x30,0x00,0x08,0x00,0x00,
             -0xF0,0x00,0x08,0x00,0x08,0xE0,0x03,0x98,0x0F,0x18,0xC0,0x01,0xFC,0x0F,0x30,0x00,0x00,0xFF,0x0F,0xF0,0x00,0xE0,0x07,0x08,
             -0xE0,0x00,0x7C,0x00,0x08,0x00,0x80,0x07,0x00,0x08,0x00,0x70,0x00,0x00,0x08,0x00,0x0E,0x00,0x00,0x08,0x00,0x00,0xE0,0xFF,
             -0x0F,0x00,0x00,0xC0,0xFF,0x0F,0xF0,0xFF,0x4F,0x00,0x08,
  114          0xF0,0xFF,0x4F,0x00,0x08,0x20,0x04,0x42,0x00,0x08,0x20,0x04,0x42,0x00,0x08,0x20,0x04,0xC2,0xFF,0x0F,0x20,
             -0x04,0xC2,0xFF,0x0F,0x20,0x04,0x42,0x00,0x08,0x20,0x04,0x42,0x00,0x08,0x20,0x04,0x42,0x00,0x08,0x20,0x04,0x42,0x00,0x08,
             -0x20,0x04,0xC2,0xFF,0x0F,0x20,0x04,0xC2,0xFF,0x0F,0x20,0x04,0x42,0x00,0x08,0x20,0x04,0x42,0x00,0x08,0x20,0x04,0x42,0x00,
             -0x08,0xF8,0xFF,0x47,0x00,0x08,0xF0,0xFF,0x47,0x00,0x08,
  115          0x00,0x00,0xE0,0xFF,0x0F,0x00,0x00,0xE0,0xFF,0x0F,0x00,0x00,0x40,0x00,0x08,0x00,0x00,0x00,0x00,0x0C,0x00,
             -0x00,0x00,0x00,0x0E,0x00,0x00,0x00,0x00,0x08,0x00,0x00,0x00,0x00,0x00,0x00,0x00,0x00,0x00,0x00,/*"?",0*/
  116          0x00,0x00,0x00,0x00,0x00,0x00,0x00,0x00,0x00,0x20,0x00,0x00,0x00,0x00,0x10,0x00,0x00,0x00,0x00,0x0E,0x00,
             -0x00,0x00,0xC0,0x03,0x00,0x00,0x00,0xFE,0x00,0xE0,0xFF,0xFF,0x1F,0x00,0xE0,0xFF,0xFF,0x01,0x20,0xC0,0xFF,0x00,0x00,0x20,
             -0x40,0x20,0x00,0x00,0x20,0x40,0x20,0x00,0x00,0x10,0x40,0x20,0x00,0x00,0x10,0x40,0x20,0x80,0x00,0x10,0x40,0x20,0x80,0x00,
             -0x18,0x40,0x20,0x80,0x00,0x08,0x40,0x20,0x80,0x00,0x08,
  117          0x40,0xFF,0x9F,0x01,0x0C,0x40,0xFE,0x9F,0x02,0x04,0x42,0x22,0x88,0x0C,0x06,0x46,0x20,0x88,0x18,0x02,0x4C,
             -0x20,0x88,0x30,0x03,0x7C,0x20,0x88,0xE0,0x01,0x78,0x20,0x88,0xC0,0x01,0x40,0x20,0x88,0xC0,0x01,0x40,0x20,0x88,0x60,0x03,
             -0x40,0x20,0x88,0x38,0x03,0x40,0x20,0x88,0x1C,0x06,0x40,0xFF,0x9F,0x0E,0x06,0x40,0xFE,0x9F,0x07,0x0E,0x40,0x22,0xC0,0x03,
             -0x0C,0x40,0x20,0xC0,0x01,0x0C,0x40,0x20,0x80,0x00,0x1C,
  118          0x40,0x30,0x00,0x00,0x1C,0x60,0x38,0x00,0x00,0x18,0x70,0x30,0x00,0x00,0x18,0x60,0x20,0x00,0x00,0x08,0x40,
             -0x00,0x00,0x00,0x08,0x00,0x00,0x00,0x00,0x08,0x00,0x00,0x00,0x00,0x00,0x00,0x00,0x00,0x00,0x00,/*"?",1*/
  119          0x00,0x00,0x00,0x00,0x00,0x00,0x00,0x00,0x00,0x00,0x00,0x00,0x00,0x00,0x00,0x00,0x00,0x00,0x00,0x00,0x00,
             -0x00,0x00,0x00,0x00,0x00,0x00,0x00,0x00,0x00,0x00,0x00,0x00,0x00,0x00,0x00,0x00,0x00,0x00,0x00,0x00,0x00,0x03,0x80,0x01,
             -0x00,0x80,0x07,0xC0,0x03,0x00,0x80,0x07,0xC0,0x03,0x00,0x00,0x03,0x80,0x01,0x00,0x00,0x00,0x00,0x00,0x00,0x00,0x00,0x00,
             -0x00,0x00,0x00,0x00,0x00,0x00,0x00,0x00,0x00,0x00,0x00,
  120          0x00,0x00,0x00,0x00,0x00,0x00,0x00,0x00,0x00,0x00,0x00,0x00,0x00,0x00,0x00,0x00,0x00,0x00,0x00,0x00,/*":"
             -,2*/
  121          0x00,0x00,0x00,0x00,0x00,0x00,0x00,0x00,0x00,0x00,0x00,0x00,0x00,0x00,0x00,0x00,0x00,0x00,0xC0,0x01,0x00,
C251 COMPILER V5.60.0,  Word_stock                                                         26/07/23  13:29:52  PAGE 8   

             -0x00,0x00,0xE0,0x03,0x00,0x00,0x00,0xE0,0x03,0x00,0x00,0x00,0xE0,0x03,0x00,0x00,0x00,0xC0,0x01,0x00,0x00,0x00,0x00,0x00,
             -0x00,0x00,0x00,0x00,0x00,0x00,0x00,0x00,0x00,0x00,0x00,0x00,0x00,0x00,0x00,0x00,0x00,0x00,0x00,0x00,0x00,0x00,0x00,0x00,
             -0x00,0x00,0x00,0x00,0x00,0x00,0x00,0x00,0x00,0x00,0x00,
  122          0x00,0x00,0x00,0x00,0x00,0x00,0x00,0x00,0x00,0x00,0x00,0x00,0x00,0x00,0x00,0x00,0x00,0x00,0x00,0x00,/*"."
             -,3*/
  123          0x00,0x00,0x00,0x00,0x00,0x00,0x00,0x00,0x00,0x00,0x00,0x00,0x00,0x00,0x00,0x00,0x00,0x00,0x00,0x00,0x00,
             -0x00,0x00,0x00,0x00,0xC0,0x07,0x00,0x00,0x00,0x60,0x04,0x00,0x00,0x00,0x20,0x0C,0x00,0x00,0x00,0x20,0x08,0x00,0x00,0x00,
             -0x20,0x0C,0x00,0x00,0x00,0xE0,0x07,0x00,0x00,0x00,0x80,0x01,0x00,0x00,0x00,0x00,0x80,0xFF,0x00,0x00,0x00,0xF0,0xFF,0x07,
             -0x00,0x00,0xFC,0xFF,0x1F,0x00,0x00,0x3E,0x00,0x3E,0x00,
  124          0x00,0x07,0x00,0x78,0x00,0x80,0x03,0x00,0xE0,0x00,0xC0,0x01,0x00,0xC0,0x01,0xC0,0x00,0x00,0x80,0x01,0x40,
             -0x00,0x00,0x80,0x01,0x40,0x00,0x00,0x00,0x03,0x60,0x00,0x00,0x00,0x03,0x60,0x00,0x00,0x00,0x03,0x60,0x00,0x00,0x00,0x03,
             -0x60,0x00,0x00,0x00,0x03,0x40,0x00,0x00,0x00,0x01,0x40,0x00,0x00,0x80,0x01,0xC0,0x00,0x00,0x80,0x01,0x80,0x00,0x00,0xC0,
             -0x00,0x80,0x01,0x00,0x40,0x00,0x00,0x03,0x00,0x60,0x00,
  125          0x00,0x0E,0x00,0x30,0x00,0x80,0xFF,0x00,0x08,0x00,0x00,0x00,0x00,0x00,0x00,0x00,0x00,0x00,0x00,0x00,0x00,
             -0x00,0x00,0x00,0x00,0x00,0x00,0x00,0x00,0x00,0x00,0x00,0x00,0x00,0x00,0x00,0x00,0x00,0x00,0x00,/*"?",4*/
  126          };
  127          unsigned char code vale5[]={
  128          0x00,0x00,0x00,0x00,0x00,0x00,0x00,0x00,0x00,0x00,0x00,0x80,0xFF,0x03,0x00,0x00,0xF0,0xFF,0x1F,0x00,0x00,
             -0x7C,0x00,0x7C,0x00,0x00,0x0E,0x00,0xE0,0x00,0x00,0x03,0x00,0x80,0x01,0x00,0x01,0x00,0x00,0x01,0x80,0x00,0x00,0x00,0x02,
             -0x80,0x00,0x00,0x00,0x02,0x80,0x00,0x00,0x00,0x02,0x80,0x00,0x00,0x00,0x02,0x00,0x01,0x00,0x00,0x01,0x00,0x03,0x00,0x80,
             -0x01,0x00,0x06,0x00,0xC0,0x00,0x00,0x7C,0x00,0x7C,0x00,
  129          0x00,0xF0,0xFF,0x1F,0x00,0x00,0x80,0xFF,0x03,0x00,0x00,0x00,0x00,0x00,0x00,0x00,0x00,0x00,0x00,0x00,/*"0"
             -,0*/
  130          0x00,0x00,0x00,0x00,0x00,0x00,0x00,0x00,0x00,0x00,0x00,0x00,0x00,0x00,0x00,0x00,0x00,0x00,0x00,0x00,0x00,
             -0x00,0x00,0x00,0x00,0x00,0x02,0x00,0x00,0x02,0x00,0x02,0x00,0x00,0x02,0x00,0x02,0x00,0x00,0x02,0x00,0x02,0x00,0x00,0x03,
             -0x00,0xFF,0xFF,0xFF,0x03,0x80,0xFF,0xFF,0xFF,0x03,0x00,0x00,0x00,0x00,0x03,0x00,0x00,0x00,0x00,0x02,0x00,0x00,0x00,0x00,
             -0x02,0x00,0x00,0x00,0x00,0x02,0x00,0x00,0x00,0x00,0x02,
  131          0x00,0x00,0x00,0x00,0x00,0x00,0x00,0x00,0x00,0x00,0x00,0x00,0x00,0x00,0x00,0x00,0x00,0x00,0x00,0x00,/*"1"
             -,1*/
  132          0x00,0x00,0x00,0x00,0x00,0x00,0x00,0x00,0x00,0x00,0x00,0x78,0x00,0x80,0x03,0x00,0xFE,0x00,0xC0,0x03,0x00,
             -0xFE,0x00,0x60,0x03,0x00,0xE3,0x00,0x38,0x03,0x00,0x01,0x00,0x0C,0x03,0x80,0x00,0x00,0x06,0x03,0x80,0x00,0x00,0x03,0x03,
             -0x80,0x00,0x80,0x01,0x03,0x80,0x00,0xC0,0x00,0x03,0x80,0x00,0x60,0x00,0x03,0x80,0x01,0x30,0x00,0x03,0x00,0x01,0x18,0x00,
             -0x03,0x00,0x07,0x0F,0x80,0x03,0x00,0xFE,0x07,0xC0,0x03,
  133          0x00,0xF8,0x00,0x70,0x00,0x00,0x00,0x00,0x00,0x00,0x00,0x00,0x00,0x00,0x00,0x00,0x00,0x00,0x00,0x00,/*"2"
             -,2*/
  134          0x00,0x00,0x00,0x00,0x00,0x00,0x00,0x00,0x00,0x00,0x00,0x3C,0x00,0x70,0x00,0x00,0x3E,0x00,0xF8,0x00,0x00,
             -0x3B,0x00,0xF8,0x01,0x00,0x01,0x00,0xB0,0x01,0x80,0x00,0x00,0x00,0x03,0x80,0x00,0x08,0x00,0x02,0x80,0x00,0x08,0x00,0x02,
             -0x80,0x00,0x08,0x00,0x02,0x80,0x00,0x08,0x00,0x02,0x80,0x01,0x1C,0x00,0x02,0x00,0x01,0x16,0x00,0x01,0x00,0x07,0x33,0x80,
             -0x01,0x00,0xFE,0xE1,0xC0,0x00,0x00,0xF8,0xC0,0x7F,0x00,
  135          0x00,0x00,0x00,0x1F,0x00,0x00,0x00,0x00,0x00,0x00,0x00,0x00,0x00,0x00,0x00,0x00,0x00,0x00,0x00,0x00,/*"3"
             -,3*/
  136          0x00,0x00,0x00,0x00,0x00,0x00,0x00,0x00,0x03,0x00,0x00,0x00,0x80,0x03,0x00,0x00,0x00,0x60,0x02,0x00,0x00,
             -0x00,0x30,0x02,0x00,0x00,0x00,0x0C,0x02,0x00,0x00,0x00,0x06,0x02,0x00,0x00,0x80,0x01,0x02,0x00,0x00,0xC0,0x00,0x02,0x02,
             -0x00,0x30,0x00,0x02,0x02,0x00,0x1C,0x00,0x02,0x02,0x00,0x06,0x00,0x02,0x02,0x80,0xFF,0xFF,0xFF,0x03,0x80,0xFF,0xFF,0xFF,
             -0x03,0x00,0x00,0x00,0x02,0x03,0x00,0x00,0x00,0x02,0x02,
  137          0x00,0x00,0x00,0x02,0x02,0x00,0x00,0x00,0x02,0x02,0x00,0x00,0x00,0x00,0x00,0x00,0x00,0x00,0x00,0x00,/*"4"
             -,4*/
  138          0x00,0x00,0x00,0x00,0x00,0x00,0x00,0x00,0x00,0x00,0x00,0x00,0x00,0x38,0x00,0x00,0xF0,0x1F,0xFC,0x00,0x80,
             -0x7F,0x18,0xFC,0x01,0x80,0x01,0x0C,0x1C,0x01,0x80,0x01,0x04,0x00,0x03,0x80,0x01,0x02,0x00,0x02,0x80,0x01,0x02,0x00,0x02,
             -0x80,0x01,0x02,0x00,0x02,0x80,0x01,0x02,0x00,0x02,0x80,0x01,0x02,0x00,0x02,0x80,0x01,0x06,0x00,0x01,0x80,0x01,0x0C,0x80,
             -0x01,0x80,0x01,0x38,0xE0,0x00,0x80,0x01,0xF0,0x7F,0x00,
  139          0x80,0x01,0xC0,0x1F,0x00,0x00,0x00,0x00,0x00,0x00,0x00,0x00,0x00,0x00,0x00,0x00,0x00,0x00,0x00,0x00,/*"5"
             -,5*/
  140          0x00,0x00,0x00,0x00,0x00,0x00,0x00,0x00,0x00,0x00,0x00,0x00,0xFF,0x07,0x00,0x00,0xE0,0xFF,0x3F,0x00,0x00,
             -0x38,0x30,0x78,0x00,0x00,0x04,0x18,0xC0,0x00,0x00,0x02,0x04,0x80,0x01,0x00,0x01,0x04,0x00,0x01,0x00,0x01,0x02,0x00,0x02,
             -0x80,0x00,0x02,0x00,0x02,0x80,0x00,0x02,0x00,0x02,0x80,0x00,0x02,0x00,0x02,0x80,0x00,0x02,0x00,0x02,0x80,0x00,0x06,0x00,
             -0x01,0x80,0x0F,0x0C,0x80,0x01,0x00,0x0F,0x38,0xE0,0x00,
  141          0x00,0x0E,0xF0,0x7F,0x00,0x00,0x00,0xC0,0x1F,0x00,0x00,0x00,0x00,0x00,0x00,0x00,0x00,0x00,0x00,0x00,/*"6"
             -,6*/
  142          0x00,0x00,0x00,0x00,0x00,0x00,0x00,0x00,0x00,0x00,0x00,0x00,0x00,0x00,0x00,0x00,0x1C,0x00,0x00,0x00,0x80,
             -0x07,0x00,0x00,0x00,0x80,0x03,0x00,0x00,0x00,0x80,0x01,0x00,0x00,0x00,0x80,0x01,0x00,0xF8,0x01,0x80,0x01,0x00,0xFF,0x03,
             -0x80,0x01,0xE0,0xFF,0x03,0x80,0x01,0xF8,0xFF,0x03,0x80,0x01,0x7E,0x00,0x00,0x80,0x81,0x07,0x00,0x00,0x80,0xE1,0x01,0x00,
             -0x00,0x80,0x79,0x00,0x00,0x00,0x80,0x0D,0x00,0x00,0x00,
  143          0x80,0x07,0x00,0x00,0x00,0x80,0x01,0x00,0x00,0x00,0x00,0x00,0x00,0x00,0x00,0x00,0x00,0x00,0x00,0x00,/*"7"
             -,7*/
  144          0x00,0x00,0x00,0x00,0x00,0x00,0x00,0x00,0x00,0x00,0x00,0x00,0x00,0x3F,0x00,0x00,0xF8,0x80,0x7F,0x00,0x00,
C251 COMPILER V5.60.0,  Word_stock                                                         26/07/23  13:29:52  PAGE 9   

             -0xFE,0xC3,0xC1,0x00,0x00,0x87,0x67,0x80,0x01,0x00,0x01,0x37,0x00,0x01,0x80,0x01,0x1E,0x00,0x02,0x80,0x00,0x0E,0x00,0x02,
             -0x80,0x00,0x1C,0x00,0x02,0x80,0x00,0x1C,0x00,0x02,0x80,0x00,0x38,0x00,0x02,0x80,0x00,0x38,0x00,0x02,0x80,0x01,0x74,0x00,
             -0x01,0x00,0x01,0xE6,0x00,0x01,0x00,0x07,0xC3,0xC3,0x00,
  145          0x00,0xFE,0x81,0x7F,0x00,0x00,0xF8,0x00,0x3F,0x00,0x00,0x00,0x00,0x00,0x00,0x00,0x00,0x00,0x00,0x00,/*"8"
             -,8*/
  146          0x00,0x00,0x00,0x00,0x00,0x00,0x00,0x00,0x00,0x00,0x00,0xF0,0x07,0x00,0x00,0x00,0xFC,0x1F,0xE0,0x00,0x00,
             -0x0E,0x38,0xE0,0x01,0x00,0x03,0x60,0xE0,0x03,0x00,0x01,0xC0,0x00,0x02,0x80,0x00,0x80,0x00,0x02,0x80,0x00,0x80,0x00,0x02,
             -0x80,0x00,0x80,0x00,0x02,0x80,0x00,0x80,0x00,0x02,0x80,0x00,0x80,0x00,0x01,0x80,0x00,0x40,0x80,0x01,0x00,0x01,0x60,0xC0,
             -0x00,0x00,0x02,0x30,0x70,0x00,0x00,0x0C,0x18,0x3E,0x00,
  147          0x00,0xF8,0xFF,0x0F,0x00,0x00,0xC0,0xFF,0x00,0x00,0x00,0x00,0x00,0x00,0x00,0x00,0x00,0x00,0x00,0x00,/*"9"
             -,9*/
  148          0x00,0x00,0x00,0x00,0x00,0x00,0x00,0x00,0x00,0x00,0x00,0x00,0x00,0x00,0x00,0x00,0x00,0x00,0x00,0x00,0x00,
             -0x00,0x00,0x00,0x00,0x00,0x00,0x00,0x00,0x00,0x00,0x00,0x00,0x00,0x00,0x00,0x00,0x00,0x00,0x00,0x00,0x00,0x00,0x00,0x00,
             -0x00,0x00,0x00,0x00,0x00,0x00,0x00,0x00,0x00,0x00,0x00,0x00,0x00,0x00,0x00,0x00,0x00,0x00,0x00,0x00,0x00,0x00,0x00,0x00,
             -0x00,0x00,0x00,0x00,0x00,0x00,0x00,0x00,0x00,0x00,0x00,
  149          0x00,0x00,0x00,0x00,0x00,0x00,0x00,0x00,0x00,0x00,0x00,0x00,0x00,0x00,0x00,0x00,0x00,0x00,0x00,0x00,/*" "
             -,10*/
  150          };
  151          unsigned char code vale6[]={
  152          0x00,0x00,0x00,0x00,0x00,0x00,0x00,0x00,0x00,0x00,0xF0,0xFF,0x3F,0x00,0x00,0x00,0x00,0x00,0xFE,0xFF,0xFF,
             -0x01,0x00,0x00,0x00,0x80,0xFF,0xFF,0xFF,0x03,0x00,0x00,0x00,0xC0,0xFF,0xFF,0xFF,0x0F,0x00,0x00,0x00,0xE0,0x3F,0x00,0xF8,
             -0x0F,0x00,0x00,0x00,0xE0,0x07,0x00,0xC0,0x0F,0x00,0x00,0x00,0xE0,0x03,0x00,0x80,0x1F,0x00,0x00,0x00,0xE0,0x03,0x00,0x80,
             -0x1F,0x00,0x00,0x00,0xF0,0x01,0x00,0x80,0x1F,0x00,0x00,
  153          0x00,0xF0,0x00,0x00,0x00,0x1F,0x00,0x00,0x00,0xF0,0x00,0x00,0x80,0x1F,0x00,0x00,0x00,0xE0,0x01,0x00,0x80,
             -0x0F,0x00,0x00,0x00,0xE0,0x07,0x00,0xC0,0x0F,0x00,0x00,0x00,0xF0,0x1F,0x00,0xF8,0x0F,0x00,0x00,0x00,0xF0,0x1F,0x00,0xF8,
             -0x0F,0x00,0x00,0x00,0xF0,0x3F,0x00,0xFE,0x03,0x00,0x00,0x00,0xF0,0x3F,0x00,0xFE,0x00,0x00,0x00,0x00,0x00,0x00,0x00,0x00,
             -0x00,0x00,0x00,0x00,0x00,0x00,0x00,0x00,0x00,0x00,0x00,
  154          0x00,0x00,0x00,0x00,0x00,0x00,0x00,0x00,0x00,0x00,0x00,0x00,0x00,0x00,0x00,0x00,0x00,0x00,0x00,0x00,0x00,
             -0x00,0x00,0x00,0x00,0x00,0xC0,0x03,0x00,0x0F,0x00,0x00,0x00,0x00,0xC0,0x03,0x00,0x0F,0x00,0x00,0x00,0x00,0xC0,0x03,0x00,
             -0x0F,0x00,0x00,0x00,0xE0,0xE7,0x03,0x80,0x0F,0x00,0x00,0x00,0xF0,0xE7,0xFF,0xFF,0x0F,0x00,0x00,0x00,0xF0,0xE7,0xFF,0xFF,
             -0x0F,0x00,0x00,0x00,0xF0,0xE7,0xFF,0xFF,0x0F,0x00,0x00,
  155          0x00,0xF0,0xE7,0xFF,0xFF,0x0F,0x00,0x00,0x00,0xE0,0x07,0x00,0x00,0x0F,0x00,0x00,0x00,0x00,0x00,0x00,0x00,
             -0x0F,0x00,0x00,0x00,0x00,0x00,0x00,0x00,0x0F,0x00,0x00,0x00,0x00,0x00,0x00,0x00,0x0F,0x00,0x00,0x00,0x00,0x00,0x00,0x00,
             -0x00,0x00,0x00,0x00,0x00,0x00,0x00,0x00,0x00,0x00,0x00,0x00,0x00,0x00,0x00,0x00,0x00,0x00,0x00,0x00,0x00,0x00,0x00,0x00,
             -0x00,0x00,0x00,0x00,0x00,0x00,0x00,0x00,0x0F,0x00,0x00,
  156          0x00,0x00,0xC0,0x03,0x00,0x0F,0x00,0x00,0x00,0x00,0xC0,0x03,0x00,0x0F,0x00,0x00,0x00,0x00,0xC0,0x03,0x00,
             -0x0F,0x00,0x00,0x00,0x00,0xC0,0x03,0x00,0x0F,0x00,0x00,0x00,0x00,0xE0,0xFF,0xFF,0x0F,0x00,0x00,0x00,0x00,0xE0,0xFF,0xFF,
             -0x0F,0x00,0x00,0x00,0x00,0xE0,0xFF,0xFF,0x0F,0x00,0x00,0x00,0x00,0x00,0xFF,0x81,0x0F,0x00,0x00,0x00,0x00,0x80,0x3F,0x00,
             -0x0F,0x00,0x00,0x00,0x00,0xC0,0x1F,0x00,0x0F,0x00,0x00,
  157          0x00,0x00,0xC0,0x1F,0x00,0x0F,0x00,0x00,0x00,0x00,0xE0,0x03,0x00,0x0F,0x00,0x00,0x00,0x00,0xE0,0x03,0x00,
             -0x00,0x00,0x00,0x00,0x00,0xE0,0x3F,0x00,0x00,0x00,0x00,0x00,0x00,0xE0,0x3F,0x00,0x00,0x00,0x00,0x00,0x00,0xC0,0x3F,0x00,
             -0x00,0x00,0x00,0x00,0x00,0x80,0x1F,0x00,0x00,0x00,0x00,0x00,0x00,0x80,0x1F,0x00,0x00,0x00,0x00,0x00,0x00,0x00,0x00,0x00,
             -0x00,0x00,0x00,0x00,0x00,0x00,0x00,0x00,0x00,0x00,0x00,
  158          0x00,0x00,0x00,0xF8,0xFF,0x01,0x00,0x00,0x00,0x00,0x00,0xFE,0xFF,0x03,0x00,0x00,0x00,0x00,0x80,0xFF,0xFF,
             -0x0F,0x00,0x00,0x00,0x00,0x80,0xFF,0xF9,0x0F,0x00,0x00,0x00,0x00,0x80,0xFF,0xF9,0x0F,0x00,0x00,0x00,0x00,0xC0,0x3F,0xE0,
             -0x0F,0x00,0x00,0x00,0x00,0xE0,0x03,0x80,0x0F,0x00,0x00,0x00,0x00,0xE0,0x03,0x80,0x0F,0x00,0x00,0x00,0x00,0xE0,0x03,0x00,
             -0x0F,0x00,0x00,0x00,0x00,0xE0,0x03,0x80,0x0F,0x00,0x00,
  159          0x00,0x00,0xC0,0xFF,0x80,0x0F,0x00,0x00,0x00,0x00,0xC0,0xFF,0x80,0x0F,0x00,0x00,0x00,0x00,0xC0,0xFF,0xE0,
             -0x0F,0x00,0x00,0x00,0x00,0x80,0xFF,0xE0,0x0F,0x00,0x00,0x00,0x00,0x00,0xFF,0xF0,0x07,0x00,0x00,0x00,0x00,0x00,0x00,0xF0,
             -0x00,0x00,0x00,0x00,0x00,0x00,0x00,0x00,0x00,0x00,0x00,0x00,0x00,0x00,0x00,0x00,0x00,0x00,0x00,0x00,0x00,0x00,0x00,0x00,
             -0x00,0x00,0x00,0x00,0x00,0x00,0x00,0x00,0x00,0x00,0x00,
  160          0x00,0x00,0x00,0x00,0x00,0x00,0x00,0x00,0x00,0xE0,0x00,0x00,0x00,0x0F,0x00,0x00,0x00,0xE0,0x00,0x00,0x00,
             -0x0F,0x00,0x00,0x00,0xF0,0x00,0x00,0x00,0x0F,0x00,0x00,0x00,0xF0,0x01,0x00,0x80,0x0F,0x00,0x00,0x00,0xF0,0x01,0x00,0x80,
             -0x0F,0x00,0x00,0x00,0xF0,0xFF,0xFF,0xFF,0x0F,0x00,0x00,0x00,0xF8,0xFF,0xFF,0xFF,0x0F,0x00,0x00,0x00,0xF8,0xFF,0xFF,0xFF,
             -0x0F,0x00,0x00,0x00,0xF8,0xFF,0xFF,0xFF,0x0F,0x00,0x00,
  161          0x00,0x00,0x00,0x00,0x00,0x0F,0x00,0x00,0x00,0x00,0x00,0x00,0x00,0x0F,0x00,0x00,0x00,0x00,0x00,0x00,0x00,
             -0x0F,0x00,0x00,0x00,0x00,0x00,0x00,0x00,0x0F,0x00,0x00,0x00,0x00,0x00,0x00,0x00,0x00,0x00,0x00,0x00,0x00,0x00,0x00,0x00,
             -0x00,0x00,0x00,0x00,0x00,0x00,0x00,0x00,0x00,0x00,0x00,0x00,0x00,0x00,0x00,0x00,0x00,0x00,0x00,0x00,0x00,0x00,0xC0,0x3F,
             -0x00,0x00,0x00,0x00,0x00,0x00,0xC0,0x3F,0x00,0x00,0x00,
  162          0x00,0x00,0x00,0xF8,0xFF,0x03,0x00,0x00,0x00,0x00,0x00,0xFF,0xFF,0x07,0x00,0x00,0x00,0x00,0x80,0xFF,0xFF,
             -0x0F,0x00,0x00,0x00,0x00,0xC0,0xBF,0xE7,0x0F,0x00,0x00,0x00,0x00,0xC0,0x8F,0xC7,0x0F,0x00,0x00,0x00,0x00,0xE0,0x83,0x87,
             -0x0F,0x00,0x00,0x00,0x00,0xE0,0x83,0x87,0x0F,0x00,0x00,0x00,0x00,0xE0,0x83,0x07,0x0F,0x00,0x00,0x00,0x00,0xE0,0x83,0x87,
             -0x0F,0x00,0x00,0x00,0x00,0xC0,0x9F,0x87,0x0F,0x00,0x00,
  163          0x00,0x00,0xC0,0xFF,0x87,0x0F,0x00,0x00,0x00,0x00,0x80,0xFF,0xF7,0x0F,0x00,0x00,0x00,0x00,0x00,0xFF,0xF7,
             -0x03,0x00,0x00,0x00,0x00,0x00,0xFF,0xF7,0x03,0x00,0x00,0x00,0x00,0x00,0xF8,0xF7,0x01,0x00,0x00,0x00,0x00,0x00,0x00,0x00,
             -0x00,0x00,0x00,0x00,0x00,0x00,0x00,0x00,0x00,0x00,0x00,0x00,0x00,0x00,0x00,0x00,0x00,0x00,0x00,0x00,0x00,0x00,0x00,0x00,
C251 COMPILER V5.60.0,  Word_stock                                                         26/07/23  13:29:52  PAGE 10  

             -0x00,0x00,0x00,0x00,0x00,0x00,0x00,0x00,0x00,0x00,0x00,
  164          0x00,0x00,0x00,0x00,0x00,0x00,0x00,0x00,0x00,0x00,0x00,0x00,0x00,0x00,0x00,0x00,0x00,0x00,0x00,0x00,0x00,
             -0x00,0x00,0x00,0x00,0x00,0x00,0x00,0x00,0x00,0x00,0x00,0x00,0x00,0x00,0x00,0x00,0x00,0x00,0x00,0x00,0x00,0x00,0x00,0x00,
             -0x00,0x00,0x00,0x00,0x00,0x00,0x00,0x00,0x00,0x00,0x00,0x00,0x00,0x00,0x00,0x00,0x00,0x00,0x00,0x00,0x00,0x00,0x00,0x00,
             -0x00,0x00,0x00,0x00,0x00,0x00,0x00,0x00,0x00,0x00,0x00,
  165          0x00,0x00,0x00,0x00,0x00,0x00,0x00,0x00,0x00,0x00,0x00,0x00,0x00,0x00,0x00,0x00,0x00,0x00,0x00,0x00,0x00,
             -0x00,0x00,0x00,0x00,0x00,0x00,0x00,0x00,0x00,0x00,0x00,0x00,0x00,0x00,0x00,0x00,0x00,0x00,0x00,0x00,0x00,0x00,0x00,0x00,
             -0x00,0x00,0x00,0x00,0x00,0x3E,0x00,0x00,0x00,0x00,0x00,0x00,0xC0,0x3F,0x00,0x00,0x00,0x00,0x00,0x00,0xE0,0x3F,0x00,0x00,
             -0x00,0x00,0x00,0x00,0xE0,0x0F,0x00,0x00,0x00,0x00,0x00,
  166          0x00,0xE0,0x01,0x00,0x00,0x0F,0x00,0x00,0x00,0xE0,0x01,0x00,0x00,0x0F,0x00,0x00,0x00,0xE0,0x00,0x00,0x00,
             -0x0F,0x00,0x00,0x00,0xE0,0x00,0x00,0x00,0x0F,0x00,0x00,0x00,0xE0,0xFF,0xFF,0xFF,0x0F,0x00,0x00,0x00,0xE0,0xFF,0xFF,0xFF,
             -0x0F,0x00,0x00,0x00,0xE0,0xFF,0xFF,0xFF,0x0F,0x00,0x00,0x00,0xE0,0xFF,0xFF,0xFF,0x0F,0x00,0x00,0x00,0xE0,0xFF,0xFF,0xFF,
             -0x0F,0x00,0x00,0x00,0xE0,0x00,0x00,0x00,0x0F,0x00,0x00,
  167          0x00,0xE0,0x01,0x00,0x00,0x00,0x00,0x00,0x00,0xE0,0x0F,0x00,0x00,0x00,0x00,0x00,0x00,0xE0,0x3F,0x00,0x00,
             -0x00,0x00,0x00,0x00,0xE0,0x3F,0x00,0x00,0x00,0x00,0x00,0x00,0x00,0x00,0x00,0x00,0x0F,0x00,0x00,0x00,0x00,0x00,0x00,0x00,
             -0x0F,0x00,0x00,0x00,0x00,0x00,0x00,0x00,0x0F,0x00,0x00,0x00,0x00,0x00,0x00,0xE0,0x0F,0x00,0x00,0x00,0x00,0x00,0x00,0xFC,
             -0x0F,0x00,0x00,0x00,0x00,0x00,0xF8,0xFF,0x0F,0x00,0x00,
  168          0x00,0x00,0xF0,0xFF,0xFF,0x0F,0x00,0x00,0x00,0x00,0xFE,0xFF,0x03,0x0F,0x00,0x00,0x00,0x00,0xFE,0xFF,0x03,
             -0x0F,0x00,0x00,0x00,0xE0,0xFF,0xFF,0x03,0x00,0x00,0x00,0x00,0xF0,0x3F,0xC0,0x03,0x00,0x00,0x00,0x00,0xF0,0xFF,0xC3,0x03,
             -0x00,0x00,0x00,0x00,0xF0,0xFF,0xFF,0x03,0x0F,0x00,0x00,0x00,0x80,0xFF,0xFF,0x3F,0x0F,0x00,0x00,0x00,0x00,0xF8,0xFF,0xFF,
             -0x0F,0x00,0x00,0x00,0x00,0xF8,0xFF,0xFF,0x0F,0x00,0x00,
  169          0x00,0x00,0x00,0xF8,0xFF,0x0F,0x00,0x00,0x00,0x00,0x00,0x00,0xFE,0x0F,0x00,0x00,0x00,0x00,0x00,0x00,0xE0,
             -0x0F,0x00,0x00,0x00,0x00,0x00,0x00,0x80,0x0F,0x00,0x00,0x00,0x00,0x00,0x00,0x00,0x00,0x00,0x00,0x00,0x00,0xF0,0xFF,0x3F,
             -0x00,0x00,0x00,0x00,0x00,0xF0,0xFF,0x3F,0x00,0x00,0x00,0x00,0x00,0xFC,0xFF,0xFF,0x00,0x00,0x00,0x00,0x80,0xFF,0xFF,0xFF,
             -0x03,0x00,0x00,0x00,0xC0,0xFF,0xFF,0xFF,0x0F,0x00,0x00,
  170          0x00,0xE0,0x3F,0x00,0xF8,0x0F,0x00,0x00,0x00,0xE0,0x1F,0x00,0xE0,0x0F,0x00,0x00,0x00,0xE0,0x03,0x00,0x80,
             -0x0F,0x00,0x00,0x00,0xE0,0x03,0x00,0x80,0x0F,0x00,0x00,0x00,0xF0,0x01,0x00,0x80,0x1F,0x00,0x00,0x00,0xF0,0x00,0x00,0x00,
             -0x1F,0x00,0x00,0x00,0xF0,0x00,0x00,0x80,0x1F,0x00,0x00,0x00,0xF0,0x01,0x00,0x80,0x1F,0x00,0x00,0x00,0xE0,0x07,0x00,0xC0,
             -0x0F,0x00,0x00,0x00,0xE0,0x0F,0x00,0xE0,0x0F,0x00,0x00,
  171          0x00,0xE0,0x0F,0x00,0xE0,0x0F,0x00,0x00,0x00,0xF0,0x3F,0x00,0xFE,0x07,0x00,0x00,0x00,0xF0,0x3F,0x00,0xFE,
             -0x00,0x00,0x00,0x00,0x80,0x3F,0x00,0xFE,0x00,0x00,0x00,0x00,0x00,0x00,0x00,0x00,0x00,0x00,0x00,0x00,0x00,0x00,0x00,0x00,
             -0x00,0x00,0x00,0x00,0x00,0x00,0x00,0x00,0x00,0x00,0x00,0x00,0x00,0x00,0x00,0x00,0x00,0x00,0x00,0x00,0x00,0x00,0x00,0x00,
             -0x00,0x00,0x00,0x00,0x00,0x00,0x00,0x00,0x00,0x00,0x00,
  172          0x00,0x00,0x00,0x00,0x00,0x00,0x00,0x00,0x00,0x00,0x00,0x00,0x00,0x00,0x00,0x00,0x00,0x00,0x00,0x00,0x00,
             -0x00,0x00,0x00,0x00,0x00,0x00,0x00,0x00,0x00,0x00,0x00,0x00,0x00,0x00,0x00,0x00,0x00,0x00,0x00,0x00,0x00,0x00,0x00,0x00,
             -0x00,0x00,0x00,0x00,0x00,0x00,0x00,0x00,0x00,0x00,0x00,0x00,0x00,0x00,0x00,0x00,0x00,0x00,0x00,0x00,0x00,0x00,0x00,0x00,
             -0x00,0x00,0x00,0x00,0x00,0x00,0x00,0x00,0x00,0x00,0x00,
  173          0x00,0x00,0x00,0x00,0x00,0x00,0x00,0x00,0x00,0x00,0x00,0x00,0x00,0x00,0x00,0x00,0x00,0x00,0x00,0x00,0x00,
             -0x00,0x00,0x00,0x00,0x00,0x00,0x00,0x00,0x00,0x00,0x00,0x00,0x00,0x00,0x00,0x00,0x00,0x00,0x00,0x00,0x00,0x00,0x00,0x00,
             -0x00,0x00,0x00,0x00,0x00,0x00,0x00,0x00,0x00,0x00,0x00,0x00,0x00,0x00,0x00,0x00,0x00,0x00,0x00,0x00,0x00,0x00,0x00,0x00,
             -0x00,0x00,0x00,0x00,0x00,0x00,0x00,0x00,0x00,0x00,0x00,
  174          0x00,0x00,0x00,0x00,0x00,0x00,0x00,0x00,0x00,0x00,0x00,0x00,0x00,0x00,0x00,0x00,0x00,0x00,0x00,0x00,0x00,
             -0x00,0x00,0x00,0x00,0x00,0x00,0x00,0x00,0x00,0x00,0x00,0x00,0x00,0x00,0x00,0x00,0x00,0x00,0x00,0x00,0x00,0x00,0x00,0x00,
             -0x00,0x00,0x00,0x00,0x00,0x00,0x00,0x00,0x00,0x00,0x00,0x00,0x00,0x00,0x00,0x00,0x00,0x00,0x00,0x00,0x00,0x00,0x00,0x00,
             -0x00,0x00,0x00,0x00,0x00,0x00,0x00,0x00,0x00,0x00,0x00,
  175          0x00,0x00,0x00,0x00,0x00,0x00,0x00,0x00,0x00,0x00,0x00,0x00,0x00,0x00,0x00,0x00,0x00,0x00,0x00,0x00,0x00,
             -0x00,0x00,0x00,0x00,0x00,0x00,0x00,0x00,0x00,0x00,0x00,0x00,0x00,0x00,0x00,0x00,0x00,0x00,0x00,0x00,0x00,0x00,0x00,0x00,
             -0x00,0x00,0x00,0x00,0x00,0x00,0x00,0x00,0x00,0x00,0x00,0x00,0x00,0x00,0x00,0x00,0x00,0x00,0x00,0x00,0x00,0x00,0x00,0x00,
             -0x00,0x00,0x00,0x00,0x00,0x00,0x00,0x00,0x00,0x00,0x00,
  176          0x00,0x00,0x00,0x00,0x00,0x00,0x00,0x00,0x00,0x00,0x00,0x00,0x00,0x00,0x00,0x00,0x00,0x00,0x00,0x00,0x00,
             -0x00,0x00,0x00,0x00,0x00,0x00,0x00,0x00,0x00,0x00,0x00,0x00,0x00,0x00,0x00,0x00,0x00,0x00,0x00,0x00,0x00,0x00,0x00,0x00,
             -0x00,0x00,0x00,0x00,0x00,0x00,0x00,0x00,0x00,0x00,0x00,0x00,0x00,0x00,0x00,0x00,0x00,0x00,0x00,0x00,0x00,0x00,0x00,0x00,
             -0x00,0x00,0x00,0x00,0x00,0x00,0x00,0x00,0x00,0x00,0x00,
  177          0x00,0x00,0x00,0x00,0x00,0x00,0x00,0x00,0x00,0x00,0x00,0x00,0x00,0x00,0x00,0x00,0x00,0x00,0x00,0x00,0x00,
             -0x00,0x00,0x00,0x00,0x00,0x00,0x00,0x00,0x00,0x00,0x00,0x00,0x00,0x00,0x00,0x00,0x00,0x00,0x00,0x00,0x00,0x00,0x00,0x00,
             -0x00,0x00,0x00,0x00,0x00,0x00,0x00,0x00,0x00,0x00,0x00,0x00,0x00,0x00,0x00,0x00,0x00,0x00,0x00,0x00,0x00,0x00,0x00,0x00,
             -0x00,0x00,0x00,0x00,0x00,0x00,0x00,0x00,0x00,0x00,0x00,
  178          0x00,0x00,0x00,0x00,0x00,0x00,0x00,0x00,0x00,0x00,0x00,0x00,0x00,0x00,0x00,0x00,0x00,0x00,0x00,0x00,0x00,
             -0x00,0x00,0x00,0x00,0x00,0x00,0x00,0x00,0x00,0x00,0x00,0x00,0x00,0x00,0x00,0x00,0x00,0x00,0x00,0x00,0x00,0x00,0x00,0x00,
             -0x00,0x00,0x00,0x00,0x00,0x00,0x00,0x00,0x00,0x00,0x00,0x00,0x00,0x00,0x00,0x00,0x00,0x00,0x00,0x00,0x00,0x00,0x00,0x00,
             -0x00,0x00,0x00,0x00,0x00,0x00,0x00,0x00,0x00,0x00,0x00,
  179          0x00,0x00,0x00,0x00,0x00,0x00,0x00,0x00,0x00,0x00,0x00,0x00,0x00,0x00,0x00,0x00,0x00,0x00,0x00,0x00,0x00,
             -0x00,0x00,0x00,0x00,0x00,0x00,0x00,0x00,0x00,0x00,0x00,0x00,0x00,0x00,0x00,0x00,0x00,0x00,0x00,0x00,0x00,0x00,0x00,0x00,
             -0x00,0x00,0x00,0x00,0x00,0x00,0x00,0x00,0x00,0x00,0x00,0x00,0x00,0x00,0x00,0x00,0x00,0x00,0x00,0x00,0x00,0x00,0x00,0x00,
             -0x00,0x00,0x00,0x00,0x00,0x00,0x00,0x00,0x00,0x00,0x00,
  180          0x00,0x00,0x00,0x00,0x00,0x00,0x00,0x00,0x00,0x00,0x00,0x00,0x00,0x00,0x00,0x00,0x00,0x00,0x00,0x00,0x00,
C251 COMPILER V5.60.0,  Word_stock                                                         26/07/23  13:29:52  PAGE 11  

             -0x00,0x00,0x00,0x00,0x00,0x00,0x00,0x00,0x00,0x00,0x00,0x00,0x00,0x00,0x00,0x00,0x00,0x00,0x00,0x00,0x00,0x00,0x00,0x00,
             -0x00,0x00,0x00,0x00,0x00,0x00,0x00,0x00,0x00,0x00,0x00,0x00,0x00,0x00,0x00,0x00,0x00,0x00,0x00,0x00,0x00,0x00,0x00,0x00,
             -0x00,0x00,0x00,0x00,0x00,0x00,0x00,0x00,0x00,0x00,0x00,
  181          0x00,0x00,0x00,0x00,0x00,0x00,0x00,0x00,0x00,0x00,0x00,0x00,0x00,0x00,0x00,0x00,0x00,0x00,0x00,0x00,0x00,
             -0x00,0x00,0x00,0x00,0x00,0x00,0x00,0x00,0x00,0x00,0x00,0x00,0x00,0x00,0x00,0x00,0x00,0x00,0x00,0x00,0x00,0x00,0x00,0x00,
             -0x00,0x00,0x00,0x00,0x00,0x00,0x00,0x00,0x00,0x00,0x00,0x00,0x00,0x00,0x00,0x00,0x00,0x00,0x00,0x00,0x00,0x00,0x00,0x00,
             -0x00,0x00,0x00,0x00,0x00,0x00,0x00,0x00,0x00,0x00,0x00,
  182          0x00,0x00,0x00,0x00,0x00,0x00,0x00,0x00,0x00,0x00,0x00,0x00,0x00,0x00,0x00,0x00,0x00,0x00,0x00,0x00,0x00,
             -0x00,0x00,0x00,0x00,0x00,0x00,0x00,0x00,0x00,0x00,0x00,0x00,0x00,0x00,0x00,0x00,0x00,0x00,0x00,0x00,0x00,0x00,0x00,0x00,
             -0x00,0x00,0x00,0x00,0x00,0x00,0x00,0x00,0x00,0x00,0x00,0x00,0x00,0x00,0x00,0x00,0x00,0x00,0x00,0x00,0x00,0x00,0x00,0x00,
             -0x00,0x00,0x00,0x00,0x00,0x00,0x00,0x00,0x00,0x00,0x00,
  183          0x00,0x00,0x00,0x00,0x00,0x00,0x00,0x00,0x00,0x00,0x00,0x00,0x00,0x00,0x00,0x00,0x00,0x00,0x00,0x00,0x00,
             -0x00,0x00,0x00,0x00,0x00,0x00,0x00,0x00,0x00,0x00,0x00,0x00,0x00,0x00,0x00,0x00,0x00,0x00,0x00,0x00,0x00,0x00,0x00,0x00,
             -0x00,0x00,0x00,0x00,0x00,0x00,0x00,0x00,0x00,0x00,0x00,0x00,0x00,0x00,0x00,0x00,0x00,0x00,0x00,0x00,0x00,0x00,0x00,0x00,
             -0x00,0x00,0x00,0x00,0x00,0x00,0x00,0x00,0x00,0x00,0x00,/*"C:\Users\Administrator\Pictures\12\??8.bmp",0*/
  184          };
  185                  


Module Information          Static   Overlayable
------------------------------------------------
  code size            =     12860     ------
  ecode size           =    ------     ------
  data size            =    ------     ------
  idata size           =    ------     ------
  pdata size           =    ------     ------
  xdata size           =    ------     ------
  xdata-const size     =    ------     ------
  edata size           =    ------     ------
  bit size             =    ------     ------
  ebit size            =    ------     ------
  bitaddressable size  =    ------     ------
  ebitaddressable size =    ------     ------
  far data size        =    ------     ------
  huge data size       =    ------     ------
  const size           =    ------     ------
  hconst size          =    ------     ------
End of Module Information.


C251 COMPILATION COMPLETE.  0 WARNING(S),  0 ERROR(S)
