Log at : 2023/7/18|19:21:55|GMT+0800

[TypeError: Cannot read properties of undefined (reading 'C51')
	at b.getIncString (c:\Users\dali\.vscode\extensions\cl.keil-assistant-1.6.2\dist\extension.js:1:13625)
	at b.<anonymous> (c:\Users\dali\.vscode\extensions\cl.keil-assistant-1.6.2\dist\extension.js:1:10429)
	at Generator.next (<anonymous>)
	at c:\Users\dali\.vscode\extensions\cl.keil-assistant-1.6.2\dist\extension.js:1:4542
	at new Promise (<anonymous>)
	at r (c:\Users\dali\.vscode\extensions\cl.keil-assistant-1.6.2\dist\extension.js:1:4287)
	at b.load (c:\Users\dali\.vscode\extensions\cl.keil-assistant-1.6.2\dist\extension.js:1:10382)
	at x.<anonymous> (c:\Users\dali\.vscode\extensions\cl.keil-assistant-1.6.2\dist\extension.js:1:8182)
	at Generator.next (<anonymous>)
	at a (c:\Users\dali\.vscode\extensions\cl.keil-assistant-1.6.2\dist\extension.js:1:4344)]
Log at : 2023/7/18|20:56:11|GMT+0800

[TypeError: Cannot read properties of undefined (reading 'C51')
	at b.getIncString (c:\Users\dali\.vscode\extensions\cl.keil-assistant-1.6.2\dist\extension.js:1:13625)
	at b.<anonymous> (c:\Users\dali\.vscode\extensions\cl.keil-assistant-1.6.2\dist\extension.js:1:10429)
	at Generator.next (<anonymous>)
	at c:\Users\dali\.vscode\extensions\cl.keil-assistant-1.6.2\dist\extension.js:1:4542
	at new Promise (<anonymous>)
	at r (c:\Users\dali\.vscode\extensions\cl.keil-assistant-1.6.2\dist\extension.js:1:4287)
	at b.load (c:\Users\dali\.vscode\extensions\cl.keil-assistant-1.6.2\dist\extension.js:1:10382)
	at x.<anonymous> (c:\Users\dali\.vscode\extensions\cl.keil-assistant-1.6.2\dist\extension.js:1:8182)
	at Generator.next (<anonymous>)
	at a (c:\Users\dali\.vscode\extensions\cl.keil-assistant-1.6.2\dist\extension.js:1:4344)]
[TypeError: Cannot read properties of undefined (reading 'C51')
	at b.getIncString (c:\Users\dali\.vscode\extensions\cl.keil-assistant-1.6.2\dist\extension.js:1:13625)
	at b.<anonymous> (c:\Users\dali\.vscode\extensions\cl.keil-assistant-1.6.2\dist\extension.js:1:10429)
	at Generator.next (<anonymous>)
	at c:\Users\dali\.vscode\extensions\cl.keil-assistant-1.6.2\dist\extension.js:1:4542
	at new Promise (<anonymous>)
	at r (c:\Users\dali\.vscode\extensions\cl.keil-assistant-1.6.2\dist\extension.js:1:4287)
	at b.load (c:\Users\dali\.vscode\extensions\cl.keil-assistant-1.6.2\dist\extension.js:1:10382)
	at x.<anonymous> (c:\Users\dali\.vscode\extensions\cl.keil-assistant-1.6.2\dist\extension.js:1:8182)
	at Generator.next (<anonymous>)
	at a (c:\Users\dali\.vscode\extensions\cl.keil-assistant-1.6.2\dist\extension.js:1:4344)
	at process.processTicksAndRejections (node:internal/process/task_queues:96:5)]
[TypeError: Cannot read properties of undefined (reading 'C51')
	at b.getIncString (c:\Users\dali\.vscode\extensions\cl.keil-assistant-1.6.2\dist\extension.js:1:13625)
	at b.<anonymous> (c:\Users\dali\.vscode\extensions\cl.keil-assistant-1.6.2\dist\extension.js:1:10429)
	at Generator.next (<anonymous>)
	at c:\Users\dali\.vscode\extensions\cl.keil-assistant-1.6.2\dist\extension.js:1:4542
	at new Promise (<anonymous>)
	at r (c:\Users\dali\.vscode\extensions\cl.keil-assistant-1.6.2\dist\extension.js:1:4287)
	at b.load (c:\Users\dali\.vscode\extensions\cl.keil-assistant-1.6.2\dist\extension.js:1:10382)
	at x.<anonymous> (c:\Users\dali\.vscode\extensions\cl.keil-assistant-1.6.2\dist\extension.js:1:8182)
	at Generator.next (<anonymous>)
	at a (c:\Users\dali\.vscode\extensions\cl.keil-assistant-1.6.2\dist\extension.js:1:4344)
	at process.processTicksAndRejections (node:internal/process/task_queues:96:5)]
Log at : 2023/7/19|00:05:34|GMT+0800

[TypeError: Cannot read properties of undefined (reading 'C51')
	at b.getIncString (c:\Users\dali\.vscode\extensions\cl.keil-assistant-1.6.2\dist\extension.js:1:13625)
	at b.<anonymous> (c:\Users\dali\.vscode\extensions\cl.keil-assistant-1.6.2\dist\extension.js:1:10429)
	at Generator.next (<anonymous>)
	at c:\Users\dali\.vscode\extensions\cl.keil-assistant-1.6.2\dist\extension.js:1:4542
	at new Promise (<anonymous>)
	at r (c:\Users\dali\.vscode\extensions\cl.keil-assistant-1.6.2\dist\extension.js:1:4287)
	at b.load (c:\Users\dali\.vscode\extensions\cl.keil-assistant-1.6.2\dist\extension.js:1:10382)
	at x.<anonymous> (c:\Users\dali\.vscode\extensions\cl.keil-assistant-1.6.2\dist\extension.js:1:8182)
	at Generator.next (<anonymous>)
	at a (c:\Users\dali\.vscode\extensions\cl.keil-assistant-1.6.2\dist\extension.js:1:4344)]
Log at : 2023/7/19|00:06:30|GMT+0800

[TypeError: Cannot read properties of undefined (reading 'C51')
	at b.getIncString (c:\Users\dali\.vscode\extensions\cl.keil-assistant-1.6.2\dist\extension.js:1:13625)
	at b.<anonymous> (c:\Users\dali\.vscode\extensions\cl.keil-assistant-1.6.2\dist\extension.js:1:10429)
	at Generator.next (<anonymous>)
	at c:\Users\dali\.vscode\extensions\cl.keil-assistant-1.6.2\dist\extension.js:1:4542
	at new Promise (<anonymous>)
	at r (c:\Users\dali\.vscode\extensions\cl.keil-assistant-1.6.2\dist\extension.js:1:4287)
	at b.load (c:\Users\dali\.vscode\extensions\cl.keil-assistant-1.6.2\dist\extension.js:1:10382)
	at x.<anonymous> (c:\Users\dali\.vscode\extensions\cl.keil-assistant-1.6.2\dist\extension.js:1:8182)
	at Generator.next (<anonymous>)
	at a (c:\Users\dali\.vscode\extensions\cl.keil-assistant-1.6.2\dist\extension.js:1:4344)]
[TypeError: Cannot read properties of undefined (reading 'C51')
	at b.getIncString (c:\Users\dali\.vscode\extensions\cl.keil-assistant-1.6.2\dist\extension.js:1:13625)
	at b.<anonymous> (c:\Users\dali\.vscode\extensions\cl.keil-assistant-1.6.2\dist\extension.js:1:10429)
	at Generator.next (<anonymous>)
	at c:\Users\dali\.vscode\extensions\cl.keil-assistant-1.6.2\dist\extension.js:1:4542
	at new Promise (<anonymous>)
	at r (c:\Users\dali\.vscode\extensions\cl.keil-assistant-1.6.2\dist\extension.js:1:4287)
	at b.load (c:\Users\dali\.vscode\extensions\cl.keil-assistant-1.6.2\dist\extension.js:1:10382)
	at x.<anonymous> (c:\Users\dali\.vscode\extensions\cl.keil-assistant-1.6.2\dist\extension.js:1:8182)
	at Generator.next (<anonymous>)
	at a (c:\Users\dali\.vscode\extensions\cl.keil-assistant-1.6.2\dist\extension.js:1:4344)
	at process.processTicksAndRejections (node:internal/process/task_queues:96:5)]
[TypeError: Cannot read properties of undefined (reading 'C51')
	at b.getIncString (c:\Users\dali\.vscode\extensions\cl.keil-assistant-1.6.2\dist\extension.js:1:13625)
	at b.<anonymous> (c:\Users\dali\.vscode\extensions\cl.keil-assistant-1.6.2\dist\extension.js:1:10429)
	at Generator.next (<anonymous>)
	at c:\Users\dali\.vscode\extensions\cl.keil-assistant-1.6.2\dist\extension.js:1:4542
	at new Promise (<anonymous>)
	at r (c:\Users\dali\.vscode\extensions\cl.keil-assistant-1.6.2\dist\extension.js:1:4287)
	at b.load (c:\Users\dali\.vscode\extensions\cl.keil-assistant-1.6.2\dist\extension.js:1:10382)
	at x.<anonymous> (c:\Users\dali\.vscode\extensions\cl.keil-assistant-1.6.2\dist\extension.js:1:8182)
	at Generator.next (<anonymous>)
	at a (c:\Users\dali\.vscode\extensions\cl.keil-assistant-1.6.2\dist\extension.js:1:4344)
	at process.processTicksAndRejections (node:internal/process/task_queues:96:5)]
[TypeError: Cannot read properties of undefined (reading 'C51')
	at b.getIncString (c:\Users\dali\.vscode\extensions\cl.keil-assistant-1.6.2\dist\extension.js:1:13625)
	at b.<anonymous> (c:\Users\dali\.vscode\extensions\cl.keil-assistant-1.6.2\dist\extension.js:1:10429)
	at Generator.next (<anonymous>)
	at c:\Users\dali\.vscode\extensions\cl.keil-assistant-1.6.2\dist\extension.js:1:4542
	at new Promise (<anonymous>)
	at r (c:\Users\dali\.vscode\extensions\cl.keil-assistant-1.6.2\dist\extension.js:1:4287)
	at b.load (c:\Users\dali\.vscode\extensions\cl.keil-assistant-1.6.2\dist\extension.js:1:10382)
	at x.<anonymous> (c:\Users\dali\.vscode\extensions\cl.keil-assistant-1.6.2\dist\extension.js:1:8182)
	at Generator.next (<anonymous>)
	at a (c:\Users\dali\.vscode\extensions\cl.keil-assistant-1.6.2\dist\extension.js:1:4344)
	at process.processTicksAndRejections (node:internal/process/task_queues:96:5)]
[TypeError: Cannot read properties of undefined (reading 'C51')
	at b.getIncString (c:\Users\dali\.vscode\extensions\cl.keil-assistant-1.6.2\dist\extension.js:1:13625)
	at b.<anonymous> (c:\Users\dali\.vscode\extensions\cl.keil-assistant-1.6.2\dist\extension.js:1:10429)
	at Generator.next (<anonymous>)
	at c:\Users\dali\.vscode\extensions\cl.keil-assistant-1.6.2\dist\extension.js:1:4542
	at new Promise (<anonymous>)
	at r (c:\Users\dali\.vscode\extensions\cl.keil-assistant-1.6.2\dist\extension.js:1:4287)
	at b.load (c:\Users\dali\.vscode\extensions\cl.keil-assistant-1.6.2\dist\extension.js:1:10382)
	at x.<anonymous> (c:\Users\dali\.vscode\extensions\cl.keil-assistant-1.6.2\dist\extension.js:1:8182)
	at Generator.next (<anonymous>)
	at a (c:\Users\dali\.vscode\extensions\cl.keil-assistant-1.6.2\dist\extension.js:1:4344)
	at process.processTicksAndRejections (node:internal/process/task_queues:96:5)]
[TypeError: Cannot read properties of undefined (reading 'C51')
	at b.getIncString (c:\Users\dali\.vscode\extensions\cl.keil-assistant-1.6.2\dist\extension.js:1:13625)
	at b.<anonymous> (c:\Users\dali\.vscode\extensions\cl.keil-assistant-1.6.2\dist\extension.js:1:10429)
	at Generator.next (<anonymous>)
	at c:\Users\dali\.vscode\extensions\cl.keil-assistant-1.6.2\dist\extension.js:1:4542
	at new Promise (<anonymous>)
	at r (c:\Users\dali\.vscode\extensions\cl.keil-assistant-1.6.2\dist\extension.js:1:4287)
	at b.load (c:\Users\dali\.vscode\extensions\cl.keil-assistant-1.6.2\dist\extension.js:1:10382)
	at x.<anonymous> (c:\Users\dali\.vscode\extensions\cl.keil-assistant-1.6.2\dist\extension.js:1:8182)
	at Generator.next (<anonymous>)
	at a (c:\Users\dali\.vscode\extensions\cl.keil-assistant-1.6.2\dist\extension.js:1:4344)
	at process.processTicksAndRejections (node:internal/process/task_queues:96:5)]
[TypeError: Cannot read properties of undefined (reading 'C51')
	at b.getIncString (c:\Users\dali\.vscode\extensions\cl.keil-assistant-1.6.2\dist\extension.js:1:13625)
	at b.<anonymous> (c:\Users\dali\.vscode\extensions\cl.keil-assistant-1.6.2\dist\extension.js:1:10429)
	at Generator.next (<anonymous>)
	at c:\Users\dali\.vscode\extensions\cl.keil-assistant-1.6.2\dist\extension.js:1:4542
	at new Promise (<anonymous>)
	at r (c:\Users\dali\.vscode\extensions\cl.keil-assistant-1.6.2\dist\extension.js:1:4287)
	at b.load (c:\Users\dali\.vscode\extensions\cl.keil-assistant-1.6.2\dist\extension.js:1:10382)
	at x.<anonymous> (c:\Users\dali\.vscode\extensions\cl.keil-assistant-1.6.2\dist\extension.js:1:8182)
	at Generator.next (<anonymous>)
	at a (c:\Users\dali\.vscode\extensions\cl.keil-assistant-1.6.2\dist\extension.js:1:4344)
	at process.processTicksAndRejections (node:internal/process/task_queues:96:5)]
[TypeError: Cannot read properties of undefined (reading 'C51')
	at b.getIncString (c:\Users\dali\.vscode\extensions\cl.keil-assistant-1.6.2\dist\extension.js:1:13625)
	at b.<anonymous> (c:\Users\dali\.vscode\extensions\cl.keil-assistant-1.6.2\dist\extension.js:1:10429)
	at Generator.next (<anonymous>)
	at c:\Users\dali\.vscode\extensions\cl.keil-assistant-1.6.2\dist\extension.js:1:4542
	at new Promise (<anonymous>)
	at r (c:\Users\dali\.vscode\extensions\cl.keil-assistant-1.6.2\dist\extension.js:1:4287)
	at b.load (c:\Users\dali\.vscode\extensions\cl.keil-assistant-1.6.2\dist\extension.js:1:10382)
	at x.<anonymous> (c:\Users\dali\.vscode\extensions\cl.keil-assistant-1.6.2\dist\extension.js:1:8182)
	at Generator.next (<anonymous>)
	at a (c:\Users\dali\.vscode\extensions\cl.keil-assistant-1.6.2\dist\extension.js:1:4344)
	at process.processTicksAndRejections (node:internal/process/task_queues:96:5)]
[TypeError: Cannot read properties of undefined (reading 'C51')
	at b.getIncString (c:\Users\dali\.vscode\extensions\cl.keil-assistant-1.6.2\dist\extension.js:1:13625)
	at b.<anonymous> (c:\Users\dali\.vscode\extensions\cl.keil-assistant-1.6.2\dist\extension.js:1:10429)
	at Generator.next (<anonymous>)
	at c:\Users\dali\.vscode\extensions\cl.keil-assistant-1.6.2\dist\extension.js:1:4542
	at new Promise (<anonymous>)
	at r (c:\Users\dali\.vscode\extensions\cl.keil-assistant-1.6.2\dist\extension.js:1:4287)
	at b.load (c:\Users\dali\.vscode\extensions\cl.keil-assistant-1.6.2\dist\extension.js:1:10382)
	at x.<anonymous> (c:\Users\dali\.vscode\extensions\cl.keil-assistant-1.6.2\dist\extension.js:1:8182)
	at Generator.next (<anonymous>)
	at a (c:\Users\dali\.vscode\extensions\cl.keil-assistant-1.6.2\dist\extension.js:1:4344)
	at process.processTicksAndRejections (node:internal/process/task_queues:96:5)]
[TypeError: Cannot read properties of undefined (reading 'C51')
	at b.getIncString (c:\Users\dali\.vscode\extensions\cl.keil-assistant-1.6.2\dist\extension.js:1:13625)
	at b.<anonymous> (c:\Users\dali\.vscode\extensions\cl.keil-assistant-1.6.2\dist\extension.js:1:10429)
	at Generator.next (<anonymous>)
	at c:\Users\dali\.vscode\extensions\cl.keil-assistant-1.6.2\dist\extension.js:1:4542
	at new Promise (<anonymous>)
	at r (c:\Users\dali\.vscode\extensions\cl.keil-assistant-1.6.2\dist\extension.js:1:4287)
	at b.load (c:\Users\dali\.vscode\extensions\cl.keil-assistant-1.6.2\dist\extension.js:1:10382)
	at x.<anonymous> (c:\Users\dali\.vscode\extensions\cl.keil-assistant-1.6.2\dist\extension.js:1:8182)
	at Generator.next (<anonymous>)
	at a (c:\Users\dali\.vscode\extensions\cl.keil-assistant-1.6.2\dist\extension.js:1:4344)
	at process.processTicksAndRejections (node:internal/process/task_queues:96:5)]
Log at : 2023/7/19|03:03:05|GMT+0800

[TypeError: Cannot read properties of undefined (reading 'C51')
	at b.getIncString (c:\Users\dali\.vscode\extensions\cl.keil-assistant-1.6.2\dist\extension.js:1:13625)
	at b.<anonymous> (c:\Users\dali\.vscode\extensions\cl.keil-assistant-1.6.2\dist\extension.js:1:10429)
	at Generator.next (<anonymous>)
	at c:\Users\dali\.vscode\extensions\cl.keil-assistant-1.6.2\dist\extension.js:1:4542
	at new Promise (<anonymous>)
	at r (c:\Users\dali\.vscode\extensions\cl.keil-assistant-1.6.2\dist\extension.js:1:4287)
	at b.load (c:\Users\dali\.vscode\extensions\cl.keil-assistant-1.6.2\dist\extension.js:1:10382)
	at x.<anonymous> (c:\Users\dali\.vscode\extensions\cl.keil-assistant-1.6.2\dist\extension.js:1:8182)
	at Generator.next (<anonymous>)
	at a (c:\Users\dali\.vscode\extensions\cl.keil-assistant-1.6.2\dist\extension.js:1:4344)]
[TypeError: Cannot read properties of undefined (reading 'C51')
	at b.getIncString (c:\Users\dali\.vscode\extensions\cl.keil-assistant-1.6.2\dist\extension.js:1:13625)
	at b.<anonymous> (c:\Users\dali\.vscode\extensions\cl.keil-assistant-1.6.2\dist\extension.js:1:10429)
	at Generator.next (<anonymous>)
	at c:\Users\dali\.vscode\extensions\cl.keil-assistant-1.6.2\dist\extension.js:1:4542
	at new Promise (<anonymous>)
	at r (c:\Users\dali\.vscode\extensions\cl.keil-assistant-1.6.2\dist\extension.js:1:4287)
	at b.load (c:\Users\dali\.vscode\extensions\cl.keil-assistant-1.6.2\dist\extension.js:1:10382)
	at x.<anonymous> (c:\Users\dali\.vscode\extensions\cl.keil-assistant-1.6.2\dist\extension.js:1:8182)
	at Generator.next (<anonymous>)
	at a (c:\Users\dali\.vscode\extensions\cl.keil-assistant-1.6.2\dist\extension.js:1:4344)
	at process.processTicksAndRejections (node:internal/process/task_queues:96:5)]
Log at : 2023/7/19|03:55:43|GMT+0800

[TypeError: Cannot read properties of undefined (reading 'C51')
	at b.getIncString (c:\Users\dali\.vscode\extensions\cl.keil-assistant-1.6.2\dist\extension.js:1:13625)
	at b.<anonymous> (c:\Users\dali\.vscode\extensions\cl.keil-assistant-1.6.2\dist\extension.js:1:10429)
	at Generator.next (<anonymous>)
	at c:\Users\dali\.vscode\extensions\cl.keil-assistant-1.6.2\dist\extension.js:1:4542
	at new Promise (<anonymous>)
	at r (c:\Users\dali\.vscode\extensions\cl.keil-assistant-1.6.2\dist\extension.js:1:4287)
	at b.load (c:\Users\dali\.vscode\extensions\cl.keil-assistant-1.6.2\dist\extension.js:1:10382)
	at x.<anonymous> (c:\Users\dali\.vscode\extensions\cl.keil-assistant-1.6.2\dist\extension.js:1:8182)
	at Generator.next (<anonymous>)
	at a (c:\Users\dali\.vscode\extensions\cl.keil-assistant-1.6.2\dist\extension.js:1:4344)]
[TypeError: Cannot read properties of undefined (reading 'C51')
	at b.getIncString (c:\Users\dali\.vscode\extensions\cl.keil-assistant-1.6.2\dist\extension.js:1:13625)
	at b.<anonymous> (c:\Users\dali\.vscode\extensions\cl.keil-assistant-1.6.2\dist\extension.js:1:10429)
	at Generator.next (<anonymous>)
	at c:\Users\dali\.vscode\extensions\cl.keil-assistant-1.6.2\dist\extension.js:1:4542
	at new Promise (<anonymous>)
	at r (c:\Users\dali\.vscode\extensions\cl.keil-assistant-1.6.2\dist\extension.js:1:4287)
	at b.load (c:\Users\dali\.vscode\extensions\cl.keil-assistant-1.6.2\dist\extension.js:1:10382)
	at x.<anonymous> (c:\Users\dali\.vscode\extensions\cl.keil-assistant-1.6.2\dist\extension.js:1:8182)
	at Generator.next (<anonymous>)
	at a (c:\Users\dali\.vscode\extensions\cl.keil-assistant-1.6.2\dist\extension.js:1:4344)
	at process.processTicksAndRejections (node:internal/process/task_queues:96:5)]
Log at : 2023/7/19|12:22:48|GMT+0800

[TypeError: Cannot read properties of undefined (reading 'C51')
	at b.getIncString (c:\Users\dali\.vscode\extensions\cl.keil-assistant-1.6.2\dist\extension.js:1:13625)
	at b.<anonymous> (c:\Users\dali\.vscode\extensions\cl.keil-assistant-1.6.2\dist\extension.js:1:10429)
	at Generator.next (<anonymous>)
	at c:\Users\dali\.vscode\extensions\cl.keil-assistant-1.6.2\dist\extension.js:1:4542
	at new Promise (<anonymous>)
	at r (c:\Users\dali\.vscode\extensions\cl.keil-assistant-1.6.2\dist\extension.js:1:4287)
	at b.load (c:\Users\dali\.vscode\extensions\cl.keil-assistant-1.6.2\dist\extension.js:1:10382)
	at x.<anonymous> (c:\Users\dali\.vscode\extensions\cl.keil-assistant-1.6.2\dist\extension.js:1:8182)
	at Generator.next (<anonymous>)
	at a (c:\Users\dali\.vscode\extensions\cl.keil-assistant-1.6.2\dist\extension.js:1:4344)]
[TypeError: Cannot read properties of undefined (reading 'C51')
	at b.getIncString (c:\Users\dali\.vscode\extensions\cl.keil-assistant-1.6.2\dist\extension.js:1:13625)
	at b.<anonymous> (c:\Users\dali\.vscode\extensions\cl.keil-assistant-1.6.2\dist\extension.js:1:10429)
	at Generator.next (<anonymous>)
	at c:\Users\dali\.vscode\extensions\cl.keil-assistant-1.6.2\dist\extension.js:1:4542
	at new Promise (<anonymous>)
	at r (c:\Users\dali\.vscode\extensions\cl.keil-assistant-1.6.2\dist\extension.js:1:4287)
	at b.load (c:\Users\dali\.vscode\extensions\cl.keil-assistant-1.6.2\dist\extension.js:1:10382)
	at x.<anonymous> (c:\Users\dali\.vscode\extensions\cl.keil-assistant-1.6.2\dist\extension.js:1:8182)
	at Generator.next (<anonymous>)
	at a (c:\Users\dali\.vscode\extensions\cl.keil-assistant-1.6.2\dist\extension.js:1:4344)
	at process.processTicksAndRejections (node:internal/process/task_queues:96:5)]
[TypeError: Cannot read properties of undefined (reading 'C51')
	at b.getIncString (c:\Users\dali\.vscode\extensions\cl.keil-assistant-1.6.2\dist\extension.js:1:13625)
	at b.<anonymous> (c:\Users\dali\.vscode\extensions\cl.keil-assistant-1.6.2\dist\extension.js:1:10429)
	at Generator.next (<anonymous>)
	at c:\Users\dali\.vscode\extensions\cl.keil-assistant-1.6.2\dist\extension.js:1:4542
	at new Promise (<anonymous>)
	at r (c:\Users\dali\.vscode\extensions\cl.keil-assistant-1.6.2\dist\extension.js:1:4287)
	at b.load (c:\Users\dali\.vscode\extensions\cl.keil-assistant-1.6.2\dist\extension.js:1:10382)
	at x.<anonymous> (c:\Users\dali\.vscode\extensions\cl.keil-assistant-1.6.2\dist\extension.js:1:8182)
	at Generator.next (<anonymous>)
	at a (c:\Users\dali\.vscode\extensions\cl.keil-assistant-1.6.2\dist\extension.js:1:4344)
	at process.processTicksAndRejections (node:internal/process/task_queues:96:5)]
Log at : 2023/7/20|22:34:11|GMT+0800

[TypeError: Cannot read properties of undefined (reading 'C51')
	at b.getIncString (c:\Users\dali\.vscode\extensions\cl.keil-assistant-1.6.2\dist\extension.js:1:13625)
	at b.<anonymous> (c:\Users\dali\.vscode\extensions\cl.keil-assistant-1.6.2\dist\extension.js:1:10429)
	at Generator.next (<anonymous>)
	at c:\Users\dali\.vscode\extensions\cl.keil-assistant-1.6.2\dist\extension.js:1:4542
	at new Promise (<anonymous>)
	at r (c:\Users\dali\.vscode\extensions\cl.keil-assistant-1.6.2\dist\extension.js:1:4287)
	at b.load (c:\Users\dali\.vscode\extensions\cl.keil-assistant-1.6.2\dist\extension.js:1:10382)
	at x.<anonymous> (c:\Users\dali\.vscode\extensions\cl.keil-assistant-1.6.2\dist\extension.js:1:8182)
	at Generator.next (<anonymous>)
	at a (c:\Users\dali\.vscode\extensions\cl.keil-assistant-1.6.2\dist\extension.js:1:4344)]
Log at : 2023/7/23|06:12:02|GMT+0800

[TypeError: Cannot read properties of undefined (reading 'C51')
	at b.getIncString (c:\Users\dali\.vscode\extensions\cl.keil-assistant-1.6.2\dist\extension.js:1:13625)
	at b.<anonymous> (c:\Users\dali\.vscode\extensions\cl.keil-assistant-1.6.2\dist\extension.js:1:10429)
	at Generator.next (<anonymous>)
	at c:\Users\dali\.vscode\extensions\cl.keil-assistant-1.6.2\dist\extension.js:1:4542
	at new Promise (<anonymous>)
	at r (c:\Users\dali\.vscode\extensions\cl.keil-assistant-1.6.2\dist\extension.js:1:4287)
	at b.load (c:\Users\dali\.vscode\extensions\cl.keil-assistant-1.6.2\dist\extension.js:1:10382)
	at x.<anonymous> (c:\Users\dali\.vscode\extensions\cl.keil-assistant-1.6.2\dist\extension.js:1:8182)
	at Generator.next (<anonymous>)
	at a (c:\Users\dali\.vscode\extensions\cl.keil-assistant-1.6.2\dist\extension.js:1:4344)]
[TypeError: Cannot read properties of undefined (reading 'C51')
	at b.getIncString (c:\Users\dali\.vscode\extensions\cl.keil-assistant-1.6.2\dist\extension.js:1:13625)
	at b.<anonymous> (c:\Users\dali\.vscode\extensions\cl.keil-assistant-1.6.2\dist\extension.js:1:10429)
	at Generator.next (<anonymous>)
	at c:\Users\dali\.vscode\extensions\cl.keil-assistant-1.6.2\dist\extension.js:1:4542
	at new Promise (<anonymous>)
	at r (c:\Users\dali\.vscode\extensions\cl.keil-assistant-1.6.2\dist\extension.js:1:4287)
	at b.load (c:\Users\dali\.vscode\extensions\cl.keil-assistant-1.6.2\dist\extension.js:1:10382)
	at x.<anonymous> (c:\Users\dali\.vscode\extensions\cl.keil-assistant-1.6.2\dist\extension.js:1:8182)
	at Generator.next (<anonymous>)
	at a (c:\Users\dali\.vscode\extensions\cl.keil-assistant-1.6.2\dist\extension.js:1:4344)
	at process.processTicksAndRejections (node:internal/process/task_queues:96:5)]
Log at : 2023/7/23|06:22:06|GMT+0800

[TypeError: Cannot read properties of undefined (reading 'C51')
	at b.getIncString (c:\Users\dali\.vscode\extensions\cl.keil-assistant-1.6.2\dist\extension.js:1:13625)
	at b.<anonymous> (c:\Users\dali\.vscode\extensions\cl.keil-assistant-1.6.2\dist\extension.js:1:10429)
	at Generator.next (<anonymous>)
	at c:\Users\dali\.vscode\extensions\cl.keil-assistant-1.6.2\dist\extension.js:1:4542
	at new Promise (<anonymous>)
	at r (c:\Users\dali\.vscode\extensions\cl.keil-assistant-1.6.2\dist\extension.js:1:4287)
	at b.load (c:\Users\dali\.vscode\extensions\cl.keil-assistant-1.6.2\dist\extension.js:1:10382)
	at x.<anonymous> (c:\Users\dali\.vscode\extensions\cl.keil-assistant-1.6.2\dist\extension.js:1:8182)
	at Generator.next (<anonymous>)
	at a (c:\Users\dali\.vscode\extensions\cl.keil-assistant-1.6.2\dist\extension.js:1:4344)]
Log at : 2023/7/23|13:36:11|GMT+0800

[TypeError: Cannot read properties of undefined (reading 'C51')
	at b.getIncString (c:\Users\dali\.vscode\extensions\cl.keil-assistant-1.6.2\dist\extension.js:1:13625)
	at b.<anonymous> (c:\Users\dali\.vscode\extensions\cl.keil-assistant-1.6.2\dist\extension.js:1:10429)
	at Generator.next (<anonymous>)
	at c:\Users\dali\.vscode\extensions\cl.keil-assistant-1.6.2\dist\extension.js:1:4542
	at new Promise (<anonymous>)
	at r (c:\Users\dali\.vscode\extensions\cl.keil-assistant-1.6.2\dist\extension.js:1:4287)
	at b.load (c:\Users\dali\.vscode\extensions\cl.keil-assistant-1.6.2\dist\extension.js:1:10382)
	at x.<anonymous> (c:\Users\dali\.vscode\extensions\cl.keil-assistant-1.6.2\dist\extension.js:1:8182)
	at Generator.next (<anonymous>)
	at a (c:\Users\dali\.vscode\extensions\cl.keil-assistant-1.6.2\dist\extension.js:1:4344)]
[TypeError: Cannot read properties of undefined (reading 'C51')
	at b.getIncString (c:\Users\dali\.vscode\extensions\cl.keil-assistant-1.6.2\dist\extension.js:1:13625)
	at b.<anonymous> (c:\Users\dali\.vscode\extensions\cl.keil-assistant-1.6.2\dist\extension.js:1:10429)
	at Generator.next (<anonymous>)
	at c:\Users\dali\.vscode\extensions\cl.keil-assistant-1.6.2\dist\extension.js:1:4542
	at new Promise (<anonymous>)
	at r (c:\Users\dali\.vscode\extensions\cl.keil-assistant-1.6.2\dist\extension.js:1:4287)
	at b.load (c:\Users\dali\.vscode\extensions\cl.keil-assistant-1.6.2\dist\extension.js:1:10382)
	at x.<anonymous> (c:\Users\dali\.vscode\extensions\cl.keil-assistant-1.6.2\dist\extension.js:1:8182)
	at Generator.next (<anonymous>)
	at a (c:\Users\dali\.vscode\extensions\cl.keil-assistant-1.6.2\dist\extension.js:1:4344)
	at process.processTicksAndRejections (node:internal/process/task_queues:96:5)]
Log at : 2023/7/23|14:37:43|GMT+0800

[TypeError: Cannot read properties of undefined (reading 'C51')
	at b.getIncString (c:\Users\dali\.vscode\extensions\cl.keil-assistant-1.6.2\dist\extension.js:1:13625)
	at b.<anonymous> (c:\Users\dali\.vscode\extensions\cl.keil-assistant-1.6.2\dist\extension.js:1:10429)
	at Generator.next (<anonymous>)
	at c:\Users\dali\.vscode\extensions\cl.keil-assistant-1.6.2\dist\extension.js:1:4542
	at new Promise (<anonymous>)
	at r (c:\Users\dali\.vscode\extensions\cl.keil-assistant-1.6.2\dist\extension.js:1:4287)
	at b.load (c:\Users\dali\.vscode\extensions\cl.keil-assistant-1.6.2\dist\extension.js:1:10382)
	at x.<anonymous> (c:\Users\dali\.vscode\extensions\cl.keil-assistant-1.6.2\dist\extension.js:1:8182)
	at Generator.next (<anonymous>)
	at a (c:\Users\dali\.vscode\extensions\cl.keil-assistant-1.6.2\dist\extension.js:1:4344)]
Log at : 2023/7/26|17:34:36|GMT+0800

[TypeError: Cannot read properties of undefined (reading 'C51')
	at b.getIncString (c:\Users\dali\.vscode\extensions\cl.keil-assistant-1.6.2\dist\extension.js:1:13625)
	at b.<anonymous> (c:\Users\dali\.vscode\extensions\cl.keil-assistant-1.6.2\dist\extension.js:1:10429)
	at Generator.next (<anonymous>)
	at c:\Users\dali\.vscode\extensions\cl.keil-assistant-1.6.2\dist\extension.js:1:4542
	at new Promise (<anonymous>)
	at r (c:\Users\dali\.vscode\extensions\cl.keil-assistant-1.6.2\dist\extension.js:1:4287)
	at b.load (c:\Users\dali\.vscode\extensions\cl.keil-assistant-1.6.2\dist\extension.js:1:10382)
	at x.<anonymous> (c:\Users\dali\.vscode\extensions\cl.keil-assistant-1.6.2\dist\extension.js:1:8182)
	at Generator.next (<anonymous>)
	at a (c:\Users\dali\.vscode\extensions\cl.keil-assistant-1.6.2\dist\extension.js:1:4344)]
[TypeError: Cannot read properties of undefined (reading 'C51')
	at b.getIncString (c:\Users\dali\.vscode\extensions\cl.keil-assistant-1.6.2\dist\extension.js:1:13625)
	at b.<anonymous> (c:\Users\dali\.vscode\extensions\cl.keil-assistant-1.6.2\dist\extension.js:1:10429)
	at Generator.next (<anonymous>)
	at c:\Users\dali\.vscode\extensions\cl.keil-assistant-1.6.2\dist\extension.js:1:4542
	at new Promise (<anonymous>)
	at r (c:\Users\dali\.vscode\extensions\cl.keil-assistant-1.6.2\dist\extension.js:1:4287)
	at b.load (c:\Users\dali\.vscode\extensions\cl.keil-assistant-1.6.2\dist\extension.js:1:10382)
	at x.<anonymous> (c:\Users\dali\.vscode\extensions\cl.keil-assistant-1.6.2\dist\extension.js:1:8182)
	at Generator.next (<anonymous>)
	at a (c:\Users\dali\.vscode\extensions\cl.keil-assistant-1.6.2\dist\extension.js:1:4344)
	at process.processTicksAndRejections (node:internal/process/task_queues:96:5)]
[TypeError: Cannot read properties of undefined (reading 'C51')
	at b.getIncString (c:\Users\dali\.vscode\extensions\cl.keil-assistant-1.6.2\dist\extension.js:1:13625)
	at b.<anonymous> (c:\Users\dali\.vscode\extensions\cl.keil-assistant-1.6.2\dist\extension.js:1:10429)
	at Generator.next (<anonymous>)
	at c:\Users\dali\.vscode\extensions\cl.keil-assistant-1.6.2\dist\extension.js:1:4542
	at new Promise (<anonymous>)
	at r (c:\Users\dali\.vscode\extensions\cl.keil-assistant-1.6.2\dist\extension.js:1:4287)
	at b.load (c:\Users\dali\.vscode\extensions\cl.keil-assistant-1.6.2\dist\extension.js:1:10382)
	at x.<anonymous> (c:\Users\dali\.vscode\extensions\cl.keil-assistant-1.6.2\dist\extension.js:1:8182)
	at Generator.next (<anonymous>)
	at a (c:\Users\dali\.vscode\extensions\cl.keil-assistant-1.6.2\dist\extension.js:1:4344)]
[TypeError: Cannot read properties of undefined (reading 'C51')
	at b.getIncString (c:\Users\dali\.vscode\extensions\cl.keil-assistant-1.6.2\dist\extension.js:1:13625)
	at b.<anonymous> (c:\Users\dali\.vscode\extensions\cl.keil-assistant-1.6.2\dist\extension.js:1:10429)
	at Generator.next (<anonymous>)
	at c:\Users\dali\.vscode\extensions\cl.keil-assistant-1.6.2\dist\extension.js:1:4542
	at new Promise (<anonymous>)
	at r (c:\Users\dali\.vscode\extensions\cl.keil-assistant-1.6.2\dist\extension.js:1:4287)
	at b.load (c:\Users\dali\.vscode\extensions\cl.keil-assistant-1.6.2\dist\extension.js:1:10382)
	at x.<anonymous> (c:\Users\dali\.vscode\extensions\cl.keil-assistant-1.6.2\dist\extension.js:1:8182)
	at Generator.next (<anonymous>)
	at a (c:\Users\dali\.vscode\extensions\cl.keil-assistant-1.6.2\dist\extension.js:1:4344)
	at process.processTicksAndRejections (node:internal/process/task_queues:96:5)]
[TypeError: Cannot read properties of undefined (reading 'C51')
	at b.getIncString (c:\Users\dali\.vscode\extensions\cl.keil-assistant-1.6.2\dist\extension.js:1:13625)
	at b.<anonymous> (c:\Users\dali\.vscode\extensions\cl.keil-assistant-1.6.2\dist\extension.js:1:10429)
	at Generator.next (<anonymous>)
	at c:\Users\dali\.vscode\extensions\cl.keil-assistant-1.6.2\dist\extension.js:1:4542
	at new Promise (<anonymous>)
	at r (c:\Users\dali\.vscode\extensions\cl.keil-assistant-1.6.2\dist\extension.js:1:4287)
	at b.load (c:\Users\dali\.vscode\extensions\cl.keil-assistant-1.6.2\dist\extension.js:1:10382)
	at x.<anonymous> (c:\Users\dali\.vscode\extensions\cl.keil-assistant-1.6.2\dist\extension.js:1:8182)
	at Generator.next (<anonymous>)
	at a (c:\Users\dali\.vscode\extensions\cl.keil-assistant-1.6.2\dist\extension.js:1:4344)
	at process.processTicksAndRejections (node:internal/process/task_queues:96:5)]
[TypeError: Cannot read properties of undefined (reading 'C51')
	at b.getIncString (c:\Users\dali\.vscode\extensions\cl.keil-assistant-1.6.2\dist\extension.js:1:13625)
	at b.<anonymous> (c:\Users\dali\.vscode\extensions\cl.keil-assistant-1.6.2\dist\extension.js:1:10429)
	at Generator.next (<anonymous>)
	at c:\Users\dali\.vscode\extensions\cl.keil-assistant-1.6.2\dist\extension.js:1:4542
	at new Promise (<anonymous>)
	at r (c:\Users\dali\.vscode\extensions\cl.keil-assistant-1.6.2\dist\extension.js:1:4287)
	at b.load (c:\Users\dali\.vscode\extensions\cl.keil-assistant-1.6.2\dist\extension.js:1:10382)
	at x.<anonymous> (c:\Users\dali\.vscode\extensions\cl.keil-assistant-1.6.2\dist\extension.js:1:8182)
	at Generator.next (<anonymous>)
	at a (c:\Users\dali\.vscode\extensions\cl.keil-assistant-1.6.2\dist\extension.js:1:4344)
	at process.processTicksAndRejections (node:internal/process/task_queues:96:5)]
Log at : 2023/7/26|18:38:54|GMT+0800

[TypeError: Cannot read properties of undefined (reading 'C51')
	at b.getIncString (c:\Users\dali\.vscode\extensions\cl.keil-assistant-1.6.2\dist\extension.js:1:13625)
	at b.<anonymous> (c:\Users\dali\.vscode\extensions\cl.keil-assistant-1.6.2\dist\extension.js:1:10429)
	at Generator.next (<anonymous>)
	at c:\Users\dali\.vscode\extensions\cl.keil-assistant-1.6.2\dist\extension.js:1:4542
	at new Promise (<anonymous>)
	at r (c:\Users\dali\.vscode\extensions\cl.keil-assistant-1.6.2\dist\extension.js:1:4287)
	at b.load (c:\Users\dali\.vscode\extensions\cl.keil-assistant-1.6.2\dist\extension.js:1:10382)
	at x.<anonymous> (c:\Users\dali\.vscode\extensions\cl.keil-assistant-1.6.2\dist\extension.js:1:8182)
	at Generator.next (<anonymous>)
	at a (c:\Users\dali\.vscode\extensions\cl.keil-assistant-1.6.2\dist\extension.js:1:4344)]
Log at : 2023/7/26|20:42:04|GMT+0800

[TypeError: Cannot read properties of undefined (reading 'C51')
	at b.getIncString (c:\Users\dali\.vscode\extensions\cl.keil-assistant-1.6.2\dist\extension.js:1:13625)
	at b.<anonymous> (c:\Users\dali\.vscode\extensions\cl.keil-assistant-1.6.2\dist\extension.js:1:10429)
	at Generator.next (<anonymous>)
	at c:\Users\dali\.vscode\extensions\cl.keil-assistant-1.6.2\dist\extension.js:1:4542
	at new Promise (<anonymous>)
	at r (c:\Users\dali\.vscode\extensions\cl.keil-assistant-1.6.2\dist\extension.js:1:4287)
	at b.load (c:\Users\dali\.vscode\extensions\cl.keil-assistant-1.6.2\dist\extension.js:1:10382)
	at x.<anonymous> (c:\Users\dali\.vscode\extensions\cl.keil-assistant-1.6.2\dist\extension.js:1:8182)
	at Generator.next (<anonymous>)
	at a (c:\Users\dali\.vscode\extensions\cl.keil-assistant-1.6.2\dist\extension.js:1:4344)]
[TypeError: Cannot read properties of undefined (reading 'C51')
	at b.getIncString (c:\Users\dali\.vscode\extensions\cl.keil-assistant-1.6.2\dist\extension.js:1:13625)
	at b.<anonymous> (c:\Users\dali\.vscode\extensions\cl.keil-assistant-1.6.2\dist\extension.js:1:10429)
	at Generator.next (<anonymous>)
	at c:\Users\dali\.vscode\extensions\cl.keil-assistant-1.6.2\dist\extension.js:1:4542
	at new Promise (<anonymous>)
	at r (c:\Users\dali\.vscode\extensions\cl.keil-assistant-1.6.2\dist\extension.js:1:4287)
	at b.load (c:\Users\dali\.vscode\extensions\cl.keil-assistant-1.6.2\dist\extension.js:1:10382)
	at x.<anonymous> (c:\Users\dali\.vscode\extensions\cl.keil-assistant-1.6.2\dist\extension.js:1:8182)
	at Generator.next (<anonymous>)
	at a (c:\Users\dali\.vscode\extensions\cl.keil-assistant-1.6.2\dist\extension.js:1:4344)
	at process.processTicksAndRejections (node:internal/process/task_queues:96:5)]
[TypeError: Cannot read properties of undefined (reading 'C51')
	at b.getIncString (c:\Users\dali\.vscode\extensions\cl.keil-assistant-1.6.2\dist\extension.js:1:13625)
	at b.<anonymous> (c:\Users\dali\.vscode\extensions\cl.keil-assistant-1.6.2\dist\extension.js:1:10429)
	at Generator.next (<anonymous>)
	at c:\Users\dali\.vscode\extensions\cl.keil-assistant-1.6.2\dist\extension.js:1:4542
	at new Promise (<anonymous>)
	at r (c:\Users\dali\.vscode\extensions\cl.keil-assistant-1.6.2\dist\extension.js:1:4287)
	at b.load (c:\Users\dali\.vscode\extensions\cl.keil-assistant-1.6.2\dist\extension.js:1:10382)
	at x.<anonymous> (c:\Users\dali\.vscode\extensions\cl.keil-assistant-1.6.2\dist\extension.js:1:8182)
	at Generator.next (<anonymous>)
	at a (c:\Users\dali\.vscode\extensions\cl.keil-assistant-1.6.2\dist\extension.js:1:4344)
	at process.processTicksAndRejections (node:internal/process/task_queues:96:5)]
[TypeError: Cannot read properties of undefined (reading 'C51')
	at b.getIncString (c:\Users\dali\.vscode\extensions\cl.keil-assistant-1.6.2\dist\extension.js:1:13625)
	at b.<anonymous> (c:\Users\dali\.vscode\extensions\cl.keil-assistant-1.6.2\dist\extension.js:1:10429)
	at Generator.next (<anonymous>)
	at c:\Users\dali\.vscode\extensions\cl.keil-assistant-1.6.2\dist\extension.js:1:4542
	at new Promise (<anonymous>)
	at r (c:\Users\dali\.vscode\extensions\cl.keil-assistant-1.6.2\dist\extension.js:1:4287)
	at b.load (c:\Users\dali\.vscode\extensions\cl.keil-assistant-1.6.2\dist\extension.js:1:10382)
	at x.<anonymous> (c:\Users\dali\.vscode\extensions\cl.keil-assistant-1.6.2\dist\extension.js:1:8182)
	at Generator.next (<anonymous>)
	at a (c:\Users\dali\.vscode\extensions\cl.keil-assistant-1.6.2\dist\extension.js:1:4344)
	at process.processTicksAndRejections (node:internal/process/task_queues:96:5)]
[TypeError: Cannot read properties of undefined (reading 'C51')
	at b.getIncString (c:\Users\dali\.vscode\extensions\cl.keil-assistant-1.6.2\dist\extension.js:1:13625)
	at b.<anonymous> (c:\Users\dali\.vscode\extensions\cl.keil-assistant-1.6.2\dist\extension.js:1:10429)
	at Generator.next (<anonymous>)
	at c:\Users\dali\.vscode\extensions\cl.keil-assistant-1.6.2\dist\extension.js:1:4542
	at new Promise (<anonymous>)
	at r (c:\Users\dali\.vscode\extensions\cl.keil-assistant-1.6.2\dist\extension.js:1:4287)
	at b.load (c:\Users\dali\.vscode\extensions\cl.keil-assistant-1.6.2\dist\extension.js:1:10382)
	at x.<anonymous> (c:\Users\dali\.vscode\extensions\cl.keil-assistant-1.6.2\dist\extension.js:1:8182)
	at Generator.next (<anonymous>)
	at a (c:\Users\dali\.vscode\extensions\cl.keil-assistant-1.6.2\dist\extension.js:1:4344)
	at process.processTicksAndRejections (node:internal/process/task_queues:96:5)]
[TypeError: Cannot read properties of undefined (reading 'C51')
	at b.getIncString (c:\Users\dali\.vscode\extensions\cl.keil-assistant-1.6.2\dist\extension.js:1:13625)
	at b.<anonymous> (c:\Users\dali\.vscode\extensions\cl.keil-assistant-1.6.2\dist\extension.js:1:10429)
	at Generator.next (<anonymous>)
	at c:\Users\dali\.vscode\extensions\cl.keil-assistant-1.6.2\dist\extension.js:1:4542
	at new Promise (<anonymous>)
	at r (c:\Users\dali\.vscode\extensions\cl.keil-assistant-1.6.2\dist\extension.js:1:4287)
	at b.load (c:\Users\dali\.vscode\extensions\cl.keil-assistant-1.6.2\dist\extension.js:1:10382)
	at x.<anonymous> (c:\Users\dali\.vscode\extensions\cl.keil-assistant-1.6.2\dist\extension.js:1:8182)
	at Generator.next (<anonymous>)
	at a (c:\Users\dali\.vscode\extensions\cl.keil-assistant-1.6.2\dist\extension.js:1:4344)
	at process.processTicksAndRejections (node:internal/process/task_queues:96:5)]
[TypeError: Cannot read properties of undefined (reading 'C51')
	at b.getIncString (c:\Users\dali\.vscode\extensions\cl.keil-assistant-1.6.2\dist\extension.js:1:13625)
	at b.<anonymous> (c:\Users\dali\.vscode\extensions\cl.keil-assistant-1.6.2\dist\extension.js:1:10429)
	at Generator.next (<anonymous>)
	at c:\Users\dali\.vscode\extensions\cl.keil-assistant-1.6.2\dist\extension.js:1:4542
	at new Promise (<anonymous>)
	at r (c:\Users\dali\.vscode\extensions\cl.keil-assistant-1.6.2\dist\extension.js:1:4287)
	at b.load (c:\Users\dali\.vscode\extensions\cl.keil-assistant-1.6.2\dist\extension.js:1:10382)
	at x.<anonymous> (c:\Users\dali\.vscode\extensions\cl.keil-assistant-1.6.2\dist\extension.js:1:8182)
	at Generator.next (<anonymous>)
	at a (c:\Users\dali\.vscode\extensions\cl.keil-assistant-1.6.2\dist\extension.js:1:4344)
	at process.processTicksAndRejections (node:internal/process/task_queues:96:5)]
[TypeError: Cannot read properties of undefined (reading 'C51')
	at b.getIncString (c:\Users\dali\.vscode\extensions\cl.keil-assistant-1.6.2\dist\extension.js:1:13625)
	at b.<anonymous> (c:\Users\dali\.vscode\extensions\cl.keil-assistant-1.6.2\dist\extension.js:1:10429)
	at Generator.next (<anonymous>)
	at c:\Users\dali\.vscode\extensions\cl.keil-assistant-1.6.2\dist\extension.js:1:4542
	at new Promise (<anonymous>)
	at r (c:\Users\dali\.vscode\extensions\cl.keil-assistant-1.6.2\dist\extension.js:1:4287)
	at b.load (c:\Users\dali\.vscode\extensions\cl.keil-assistant-1.6.2\dist\extension.js:1:10382)
	at x.<anonymous> (c:\Users\dali\.vscode\extensions\cl.keil-assistant-1.6.2\dist\extension.js:1:8182)
	at Generator.next (<anonymous>)
	at a (c:\Users\dali\.vscode\extensions\cl.keil-assistant-1.6.2\dist\extension.js:1:4344)
	at process.processTicksAndRejections (node:internal/process/task_queues:96:5)]
[TypeError: Cannot read properties of undefined (reading 'C51')
	at b.getIncString (c:\Users\dali\.vscode\extensions\cl.keil-assistant-1.6.2\dist\extension.js:1:13625)
	at b.<anonymous> (c:\Users\dali\.vscode\extensions\cl.keil-assistant-1.6.2\dist\extension.js:1:10429)
	at Generator.next (<anonymous>)
	at c:\Users\dali\.vscode\extensions\cl.keil-assistant-1.6.2\dist\extension.js:1:4542
	at new Promise (<anonymous>)
	at r (c:\Users\dali\.vscode\extensions\cl.keil-assistant-1.6.2\dist\extension.js:1:4287)
	at b.load (c:\Users\dali\.vscode\extensions\cl.keil-assistant-1.6.2\dist\extension.js:1:10382)
	at x.<anonymous> (c:\Users\dali\.vscode\extensions\cl.keil-assistant-1.6.2\dist\extension.js:1:8182)
	at Generator.next (<anonymous>)
	at a (c:\Users\dali\.vscode\extensions\cl.keil-assistant-1.6.2\dist\extension.js:1:4344)
	at process.processTicksAndRejections (node:internal/process/task_queues:96:5)]
[TypeError: Cannot read properties of undefined (reading 'C51')
	at b.getIncString (c:\Users\dali\.vscode\extensions\cl.keil-assistant-1.6.2\dist\extension.js:1:13625)
	at b.<anonymous> (c:\Users\dali\.vscode\extensions\cl.keil-assistant-1.6.2\dist\extension.js:1:10429)
	at Generator.next (<anonymous>)
	at c:\Users\dali\.vscode\extensions\cl.keil-assistant-1.6.2\dist\extension.js:1:4542
	at new Promise (<anonymous>)
	at r (c:\Users\dali\.vscode\extensions\cl.keil-assistant-1.6.2\dist\extension.js:1:4287)
	at b.load (c:\Users\dali\.vscode\extensions\cl.keil-assistant-1.6.2\dist\extension.js:1:10382)
	at x.<anonymous> (c:\Users\dali\.vscode\extensions\cl.keil-assistant-1.6.2\dist\extension.js:1:8182)
	at Generator.next (<anonymous>)
	at a (c:\Users\dali\.vscode\extensions\cl.keil-assistant-1.6.2\dist\extension.js:1:4344)
	at process.processTicksAndRejections (node:internal/process/task_queues:96:5)]
[TypeError: Cannot read properties of undefined (reading 'C51')
	at b.getIncString (c:\Users\dali\.vscode\extensions\cl.keil-assistant-1.6.2\dist\extension.js:1:13625)
	at b.<anonymous> (c:\Users\dali\.vscode\extensions\cl.keil-assistant-1.6.2\dist\extension.js:1:10429)
	at Generator.next (<anonymous>)
	at c:\Users\dali\.vscode\extensions\cl.keil-assistant-1.6.2\dist\extension.js:1:4542
	at new Promise (<anonymous>)
	at r (c:\Users\dali\.vscode\extensions\cl.keil-assistant-1.6.2\dist\extension.js:1:4287)
	at b.load (c:\Users\dali\.vscode\extensions\cl.keil-assistant-1.6.2\dist\extension.js:1:10382)
	at x.<anonymous> (c:\Users\dali\.vscode\extensions\cl.keil-assistant-1.6.2\dist\extension.js:1:8182)
	at Generator.next (<anonymous>)
	at a (c:\Users\dali\.vscode\extensions\cl.keil-assistant-1.6.2\dist\extension.js:1:4344)
	at process.processTicksAndRejections (node:internal/process/task_queues:96:5)]
Log at : 2023/7/27|15:00:23|GMT+0800

[TypeError: Cannot read properties of undefined (reading 'C51')
	at b.getIncString (c:\Users\dali\.vscode\extensions\cl.keil-assistant-1.6.2\dist\extension.js:1:13625)
	at b.<anonymous> (c:\Users\dali\.vscode\extensions\cl.keil-assistant-1.6.2\dist\extension.js:1:10429)
	at Generator.next (<anonymous>)
	at c:\Users\dali\.vscode\extensions\cl.keil-assistant-1.6.2\dist\extension.js:1:4542
	at new Promise (<anonymous>)
	at r (c:\Users\dali\.vscode\extensions\cl.keil-assistant-1.6.2\dist\extension.js:1:4287)
	at b.load (c:\Users\dali\.vscode\extensions\cl.keil-assistant-1.6.2\dist\extension.js:1:10382)
	at x.<anonymous> (c:\Users\dali\.vscode\extensions\cl.keil-assistant-1.6.2\dist\extension.js:1:8182)
	at Generator.next (<anonymous>)
	at a (c:\Users\dali\.vscode\extensions\cl.keil-assistant-1.6.2\dist\extension.js:1:4344)]
Log at : 2023/7/27|20:40:31|GMT+0800

[TypeError: Cannot read properties of undefined (reading 'C51')
	at b.getIncString (c:\Users\dali\.vscode\extensions\cl.keil-assistant-1.6.2\dist\extension.js:1:13625)
	at b.<anonymous> (c:\Users\dali\.vscode\extensions\cl.keil-assistant-1.6.2\dist\extension.js:1:10429)
	at Generator.next (<anonymous>)
	at c:\Users\dali\.vscode\extensions\cl.keil-assistant-1.6.2\dist\extension.js:1:4542
	at new Promise (<anonymous>)
	at r (c:\Users\dali\.vscode\extensions\cl.keil-assistant-1.6.2\dist\extension.js:1:4287)
	at b.load (c:\Users\dali\.vscode\extensions\cl.keil-assistant-1.6.2\dist\extension.js:1:10382)
	at x.<anonymous> (c:\Users\dali\.vscode\extensions\cl.keil-assistant-1.6.2\dist\extension.js:1:8182)
	at Generator.next (<anonymous>)
	at a (c:\Users\dali\.vscode\extensions\cl.keil-assistant-1.6.2\dist\extension.js:1:4344)]
[TypeError: Cannot read properties of undefined (reading 'C51')
	at b.getIncString (c:\Users\dali\.vscode\extensions\cl.keil-assistant-1.6.2\dist\extension.js:1:13625)
	at b.<anonymous> (c:\Users\dali\.vscode\extensions\cl.keil-assistant-1.6.2\dist\extension.js:1:10429)
	at Generator.next (<anonymous>)
	at c:\Users\dali\.vscode\extensions\cl.keil-assistant-1.6.2\dist\extension.js:1:4542
	at new Promise (<anonymous>)
	at r (c:\Users\dali\.vscode\extensions\cl.keil-assistant-1.6.2\dist\extension.js:1:4287)
	at b.load (c:\Users\dali\.vscode\extensions\cl.keil-assistant-1.6.2\dist\extension.js:1:10382)
	at x.<anonymous> (c:\Users\dali\.vscode\extensions\cl.keil-assistant-1.6.2\dist\extension.js:1:8182)
	at Generator.next (<anonymous>)
	at a (c:\Users\dali\.vscode\extensions\cl.keil-assistant-1.6.2\dist\extension.js:1:4344)
	at process.processTicksAndRejections (node:internal/process/task_queues:96:5)]
Log at : 2023/7/28|07:31:19|GMT+0800

[TypeError: Cannot read properties of undefined (reading 'C51')
	at b.getIncString (c:\Users\dali\.vscode\extensions\cl.keil-assistant-1.6.2\dist\extension.js:1:13625)
	at b.<anonymous> (c:\Users\dali\.vscode\extensions\cl.keil-assistant-1.6.2\dist\extension.js:1:10429)
	at Generator.next (<anonymous>)
	at c:\Users\dali\.vscode\extensions\cl.keil-assistant-1.6.2\dist\extension.js:1:4542
	at new Promise (<anonymous>)
	at r (c:\Users\dali\.vscode\extensions\cl.keil-assistant-1.6.2\dist\extension.js:1:4287)
	at b.load (c:\Users\dali\.vscode\extensions\cl.keil-assistant-1.6.2\dist\extension.js:1:10382)
	at x.<anonymous> (c:\Users\dali\.vscode\extensions\cl.keil-assistant-1.6.2\dist\extension.js:1:8182)
	at Generator.next (<anonymous>)
	at a (c:\Users\dali\.vscode\extensions\cl.keil-assistant-1.6.2\dist\extension.js:1:4344)]
[TypeError: Cannot read properties of undefined (reading 'C51')
	at b.getIncString (c:\Users\dali\.vscode\extensions\cl.keil-assistant-1.6.2\dist\extension.js:1:13625)
	at b.<anonymous> (c:\Users\dali\.vscode\extensions\cl.keil-assistant-1.6.2\dist\extension.js:1:10429)
	at Generator.next (<anonymous>)
	at c:\Users\dali\.vscode\extensions\cl.keil-assistant-1.6.2\dist\extension.js:1:4542
	at new Promise (<anonymous>)
	at r (c:\Users\dali\.vscode\extensions\cl.keil-assistant-1.6.2\dist\extension.js:1:4287)
	at b.load (c:\Users\dali\.vscode\extensions\cl.keil-assistant-1.6.2\dist\extension.js:1:10382)
	at x.<anonymous> (c:\Users\dali\.vscode\extensions\cl.keil-assistant-1.6.2\dist\extension.js:1:8182)
	at Generator.next (<anonymous>)
	at a (c:\Users\dali\.vscode\extensions\cl.keil-assistant-1.6.2\dist\extension.js:1:4344)
	at process.processTicksAndRejections (node:internal/process/task_queues:96:5)]
Log at : 2023/7/28|07:35:23|GMT+0800

[TypeError: Cannot read properties of undefined (reading 'C51')
	at b.getIncString (c:\Users\dali\.vscode\extensions\cl.keil-assistant-1.6.2\dist\extension.js:1:13625)
	at b.<anonymous> (c:\Users\dali\.vscode\extensions\cl.keil-assistant-1.6.2\dist\extension.js:1:10429)
	at Generator.next (<anonymous>)
	at c:\Users\dali\.vscode\extensions\cl.keil-assistant-1.6.2\dist\extension.js:1:4542
	at new Promise (<anonymous>)
	at r (c:\Users\dali\.vscode\extensions\cl.keil-assistant-1.6.2\dist\extension.js:1:4287)
	at b.load (c:\Users\dali\.vscode\extensions\cl.keil-assistant-1.6.2\dist\extension.js:1:10382)
	at x.<anonymous> (c:\Users\dali\.vscode\extensions\cl.keil-assistant-1.6.2\dist\extension.js:1:8182)
	at Generator.next (<anonymous>)
	at a (c:\Users\dali\.vscode\extensions\cl.keil-assistant-1.6.2\dist\extension.js:1:4344)]
Log at : 2023/7/28|08:17:57|GMT+0800

[TypeError: Cannot read properties of undefined (reading 'C51')
	at b.getIncString (c:\Users\dali\.vscode\extensions\cl.keil-assistant-1.6.2\dist\extension.js:1:13625)
	at b.<anonymous> (c:\Users\dali\.vscode\extensions\cl.keil-assistant-1.6.2\dist\extension.js:1:10429)
	at Generator.next (<anonymous>)
	at c:\Users\dali\.vscode\extensions\cl.keil-assistant-1.6.2\dist\extension.js:1:4542
	at new Promise (<anonymous>)
	at r (c:\Users\dali\.vscode\extensions\cl.keil-assistant-1.6.2\dist\extension.js:1:4287)
	at b.load (c:\Users\dali\.vscode\extensions\cl.keil-assistant-1.6.2\dist\extension.js:1:10382)
	at x.<anonymous> (c:\Users\dali\.vscode\extensions\cl.keil-assistant-1.6.2\dist\extension.js:1:8182)
	at Generator.next (<anonymous>)
	at a (c:\Users\dali\.vscode\extensions\cl.keil-assistant-1.6.2\dist\extension.js:1:4344)]
Log at : 2023/7/28|08:28:49|GMT+0800

[TypeError: Cannot read properties of undefined (reading 'C51')
	at b.getIncString (c:\Users\dali\.vscode\extensions\cl.keil-assistant-1.6.2\dist\extension.js:1:13625)
	at b.<anonymous> (c:\Users\dali\.vscode\extensions\cl.keil-assistant-1.6.2\dist\extension.js:1:10429)
	at Generator.next (<anonymous>)
	at c:\Users\dali\.vscode\extensions\cl.keil-assistant-1.6.2\dist\extension.js:1:4542
	at new Promise (<anonymous>)
	at r (c:\Users\dali\.vscode\extensions\cl.keil-assistant-1.6.2\dist\extension.js:1:4287)
	at b.load (c:\Users\dali\.vscode\extensions\cl.keil-assistant-1.6.2\dist\extension.js:1:10382)
	at x.<anonymous> (c:\Users\dali\.vscode\extensions\cl.keil-assistant-1.6.2\dist\extension.js:1:8182)
	at Generator.next (<anonymous>)
	at a (c:\Users\dali\.vscode\extensions\cl.keil-assistant-1.6.2\dist\extension.js:1:4344)]
Log at : 2023/7/28|09:06:47|GMT+0800

[TypeError: Cannot read properties of undefined (reading 'C51')
	at b.getIncString (c:\Users\dali\.vscode\extensions\cl.keil-assistant-1.6.2\dist\extension.js:1:13625)
	at b.<anonymous> (c:\Users\dali\.vscode\extensions\cl.keil-assistant-1.6.2\dist\extension.js:1:10429)
	at Generator.next (<anonymous>)
	at c:\Users\dali\.vscode\extensions\cl.keil-assistant-1.6.2\dist\extension.js:1:4542
	at new Promise (<anonymous>)
	at r (c:\Users\dali\.vscode\extensions\cl.keil-assistant-1.6.2\dist\extension.js:1:4287)
	at b.load (c:\Users\dali\.vscode\extensions\cl.keil-assistant-1.6.2\dist\extension.js:1:10382)
	at x.<anonymous> (c:\Users\dali\.vscode\extensions\cl.keil-assistant-1.6.2\dist\extension.js:1:8182)
	at Generator.next (<anonymous>)
	at a (c:\Users\dali\.vscode\extensions\cl.keil-assistant-1.6.2\dist\extension.js:1:4344)]
[TypeError: Cannot read properties of undefined (reading 'C51')
	at b.getIncString (c:\Users\dali\.vscode\extensions\cl.keil-assistant-1.6.2\dist\extension.js:1:13625)
	at b.<anonymous> (c:\Users\dali\.vscode\extensions\cl.keil-assistant-1.6.2\dist\extension.js:1:10429)
	at Generator.next (<anonymous>)
	at c:\Users\dali\.vscode\extensions\cl.keil-assistant-1.6.2\dist\extension.js:1:4542
	at new Promise (<anonymous>)
	at r (c:\Users\dali\.vscode\extensions\cl.keil-assistant-1.6.2\dist\extension.js:1:4287)
	at b.load (c:\Users\dali\.vscode\extensions\cl.keil-assistant-1.6.2\dist\extension.js:1:10382)
	at x.<anonymous> (c:\Users\dali\.vscode\extensions\cl.keil-assistant-1.6.2\dist\extension.js:1:8182)
	at Generator.next (<anonymous>)
	at a (c:\Users\dali\.vscode\extensions\cl.keil-assistant-1.6.2\dist\extension.js:1:4344)
	at process.processTicksAndRejections (node:internal/process/task_queues:96:5)]
Log at : 2023/7/28|13:53:22|GMT+0800

[TypeError: Cannot read properties of undefined (reading 'C51')
	at b.getIncString (c:\Users\dali\.vscode\extensions\cl.keil-assistant-1.6.2\dist\extension.js:1:13625)
	at b.<anonymous> (c:\Users\dali\.vscode\extensions\cl.keil-assistant-1.6.2\dist\extension.js:1:10429)
	at Generator.next (<anonymous>)
	at c:\Users\dali\.vscode\extensions\cl.keil-assistant-1.6.2\dist\extension.js:1:4542
	at new Promise (<anonymous>)
	at r (c:\Users\dali\.vscode\extensions\cl.keil-assistant-1.6.2\dist\extension.js:1:4287)
	at b.load (c:\Users\dali\.vscode\extensions\cl.keil-assistant-1.6.2\dist\extension.js:1:10382)
	at x.<anonymous> (c:\Users\dali\.vscode\extensions\cl.keil-assistant-1.6.2\dist\extension.js:1:8182)
	at Generator.next (<anonymous>)
	at a (c:\Users\dali\.vscode\extensions\cl.keil-assistant-1.6.2\dist\extension.js:1:4344)]
[TypeError: Cannot read properties of undefined (reading 'C51')
	at b.getIncString (c:\Users\dali\.vscode\extensions\cl.keil-assistant-1.6.2\dist\extension.js:1:13625)
	at b.<anonymous> (c:\Users\dali\.vscode\extensions\cl.keil-assistant-1.6.2\dist\extension.js:1:10429)
	at Generator.next (<anonymous>)
	at c:\Users\dali\.vscode\extensions\cl.keil-assistant-1.6.2\dist\extension.js:1:4542
	at new Promise (<anonymous>)
	at r (c:\Users\dali\.vscode\extensions\cl.keil-assistant-1.6.2\dist\extension.js:1:4287)
	at b.load (c:\Users\dali\.vscode\extensions\cl.keil-assistant-1.6.2\dist\extension.js:1:10382)
	at x.<anonymous> (c:\Users\dali\.vscode\extensions\cl.keil-assistant-1.6.2\dist\extension.js:1:8182)
	at Generator.next (<anonymous>)
	at a (c:\Users\dali\.vscode\extensions\cl.keil-assistant-1.6.2\dist\extension.js:1:4344)
	at process.processTicksAndRejections (node:internal/process/task_queues:96:5)]
Log at : 2023/7/31|19:26:46|GMT+0800

[TypeError: Cannot read properties of undefined (reading 'C51')
	at b.getIncString (c:\Users\dali\.vscode\extensions\cl.keil-assistant-1.6.2\dist\extension.js:1:13625)
	at b.<anonymous> (c:\Users\dali\.vscode\extensions\cl.keil-assistant-1.6.2\dist\extension.js:1:10429)
	at Generator.next (<anonymous>)
	at c:\Users\dali\.vscode\extensions\cl.keil-assistant-1.6.2\dist\extension.js:1:4542
	at new Promise (<anonymous>)
	at r (c:\Users\dali\.vscode\extensions\cl.keil-assistant-1.6.2\dist\extension.js:1:4287)
	at b.load (c:\Users\dali\.vscode\extensions\cl.keil-assistant-1.6.2\dist\extension.js:1:10382)
	at x.<anonymous> (c:\Users\dali\.vscode\extensions\cl.keil-assistant-1.6.2\dist\extension.js:1:8182)
	at Generator.next (<anonymous>)
	at a (c:\Users\dali\.vscode\extensions\cl.keil-assistant-1.6.2\dist\extension.js:1:4344)]
[TypeError: Cannot read properties of undefined (reading 'C51')
	at b.getIncString (c:\Users\dali\.vscode\extensions\cl.keil-assistant-1.6.2\dist\extension.js:1:13625)
	at b.<anonymous> (c:\Users\dali\.vscode\extensions\cl.keil-assistant-1.6.2\dist\extension.js:1:10429)
	at Generator.next (<anonymous>)
	at c:\Users\dali\.vscode\extensions\cl.keil-assistant-1.6.2\dist\extension.js:1:4542
	at new Promise (<anonymous>)
	at r (c:\Users\dali\.vscode\extensions\cl.keil-assistant-1.6.2\dist\extension.js:1:4287)
	at b.load (c:\Users\dali\.vscode\extensions\cl.keil-assistant-1.6.2\dist\extension.js:1:10382)
	at x.<anonymous> (c:\Users\dali\.vscode\extensions\cl.keil-assistant-1.6.2\dist\extension.js:1:8182)
	at Generator.next (<anonymous>)
	at a (c:\Users\dali\.vscode\extensions\cl.keil-assistant-1.6.2\dist\extension.js:1:4344)
	at process.processTicksAndRejections (node:internal/process/task_queues:96:5)]
[TypeError: Cannot read properties of undefined (reading 'C51')
	at b.getIncString (c:\Users\dali\.vscode\extensions\cl.keil-assistant-1.6.2\dist\extension.js:1:13625)
	at b.<anonymous> (c:\Users\dali\.vscode\extensions\cl.keil-assistant-1.6.2\dist\extension.js:1:10429)
	at Generator.next (<anonymous>)
	at c:\Users\dali\.vscode\extensions\cl.keil-assistant-1.6.2\dist\extension.js:1:4542
	at new Promise (<anonymous>)
	at r (c:\Users\dali\.vscode\extensions\cl.keil-assistant-1.6.2\dist\extension.js:1:4287)
	at b.load (c:\Users\dali\.vscode\extensions\cl.keil-assistant-1.6.2\dist\extension.js:1:10382)
	at x.<anonymous> (c:\Users\dali\.vscode\extensions\cl.keil-assistant-1.6.2\dist\extension.js:1:8182)
	at Generator.next (<anonymous>)
	at a (c:\Users\dali\.vscode\extensions\cl.keil-assistant-1.6.2\dist\extension.js:1:4344)
	at process.processTicksAndRejections (node:internal/process/task_queues:96:5)]
[TypeError: Cannot read properties of undefined (reading 'C51')
	at b.getIncString (c:\Users\dali\.vscode\extensions\cl.keil-assistant-1.6.2\dist\extension.js:1:13625)
	at b.<anonymous> (c:\Users\dali\.vscode\extensions\cl.keil-assistant-1.6.2\dist\extension.js:1:10429)
	at Generator.next (<anonymous>)
	at c:\Users\dali\.vscode\extensions\cl.keil-assistant-1.6.2\dist\extension.js:1:4542
	at new Promise (<anonymous>)
	at r (c:\Users\dali\.vscode\extensions\cl.keil-assistant-1.6.2\dist\extension.js:1:4287)
	at b.load (c:\Users\dali\.vscode\extensions\cl.keil-assistant-1.6.2\dist\extension.js:1:10382)
	at x.<anonymous> (c:\Users\dali\.vscode\extensions\cl.keil-assistant-1.6.2\dist\extension.js:1:8182)
	at Generator.next (<anonymous>)
	at a (c:\Users\dali\.vscode\extensions\cl.keil-assistant-1.6.2\dist\extension.js:1:4344)
	at process.processTicksAndRejections (node:internal/process/task_queues:96:5)]
[TypeError: Cannot read properties of undefined (reading 'C51')
	at b.getIncString (c:\Users\dali\.vscode\extensions\cl.keil-assistant-1.6.2\dist\extension.js:1:13625)
	at b.<anonymous> (c:\Users\dali\.vscode\extensions\cl.keil-assistant-1.6.2\dist\extension.js:1:10429)
	at Generator.next (<anonymous>)
	at c:\Users\dali\.vscode\extensions\cl.keil-assistant-1.6.2\dist\extension.js:1:4542
	at new Promise (<anonymous>)
	at r (c:\Users\dali\.vscode\extensions\cl.keil-assistant-1.6.2\dist\extension.js:1:4287)
	at b.load (c:\Users\dali\.vscode\extensions\cl.keil-assistant-1.6.2\dist\extension.js:1:10382)
	at x.<anonymous> (c:\Users\dali\.vscode\extensions\cl.keil-assistant-1.6.2\dist\extension.js:1:8182)
	at Generator.next (<anonymous>)
	at a (c:\Users\dali\.vscode\extensions\cl.keil-assistant-1.6.2\dist\extension.js:1:4344)
	at process.processTicksAndRejections (node:internal/process/task_queues:96:5)]
[TypeError: Cannot read properties of undefined (reading 'C51')
	at b.getIncString (c:\Users\dali\.vscode\extensions\cl.keil-assistant-1.6.2\dist\extension.js:1:13625)
	at b.<anonymous> (c:\Users\dali\.vscode\extensions\cl.keil-assistant-1.6.2\dist\extension.js:1:10429)
	at Generator.next (<anonymous>)
	at c:\Users\dali\.vscode\extensions\cl.keil-assistant-1.6.2\dist\extension.js:1:4542
	at new Promise (<anonymous>)
	at r (c:\Users\dali\.vscode\extensions\cl.keil-assistant-1.6.2\dist\extension.js:1:4287)
	at b.load (c:\Users\dali\.vscode\extensions\cl.keil-assistant-1.6.2\dist\extension.js:1:10382)
	at x.<anonymous> (c:\Users\dali\.vscode\extensions\cl.keil-assistant-1.6.2\dist\extension.js:1:8182)
	at Generator.next (<anonymous>)
	at a (c:\Users\dali\.vscode\extensions\cl.keil-assistant-1.6.2\dist\extension.js:1:4344)
	at process.processTicksAndRejections (node:internal/process/task_queues:96:5)]
Log at : 2023/7/31|22:48:35|GMT+0800

[TypeError: Cannot read properties of undefined (reading 'C51')
	at b.getIncString (c:\Users\dali\.vscode\extensions\cl.keil-assistant-1.6.2\dist\extension.js:1:13625)
	at b.<anonymous> (c:\Users\dali\.vscode\extensions\cl.keil-assistant-1.6.2\dist\extension.js:1:10429)
	at Generator.next (<anonymous>)
	at c:\Users\dali\.vscode\extensions\cl.keil-assistant-1.6.2\dist\extension.js:1:4542
	at new Promise (<anonymous>)
	at r (c:\Users\dali\.vscode\extensions\cl.keil-assistant-1.6.2\dist\extension.js:1:4287)
	at b.load (c:\Users\dali\.vscode\extensions\cl.keil-assistant-1.6.2\dist\extension.js:1:10382)
	at x.<anonymous> (c:\Users\dali\.vscode\extensions\cl.keil-assistant-1.6.2\dist\extension.js:1:8182)
	at Generator.next (<anonymous>)
	at a (c:\Users\dali\.vscode\extensions\cl.keil-assistant-1.6.2\dist\extension.js:1:4344)]
[TypeError: Cannot read properties of undefined (reading 'C51')
	at b.getIncString (c:\Users\dali\.vscode\extensions\cl.keil-assistant-1.6.2\dist\extension.js:1:13625)
	at b.<anonymous> (c:\Users\dali\.vscode\extensions\cl.keil-assistant-1.6.2\dist\extension.js:1:10429)
	at Generator.next (<anonymous>)
	at c:\Users\dali\.vscode\extensions\cl.keil-assistant-1.6.2\dist\extension.js:1:4542
	at new Promise (<anonymous>)
	at r (c:\Users\dali\.vscode\extensions\cl.keil-assistant-1.6.2\dist\extension.js:1:4287)
	at b.load (c:\Users\dali\.vscode\extensions\cl.keil-assistant-1.6.2\dist\extension.js:1:10382)
	at x.<anonymous> (c:\Users\dali\.vscode\extensions\cl.keil-assistant-1.6.2\dist\extension.js:1:8182)
	at Generator.next (<anonymous>)
	at a (c:\Users\dali\.vscode\extensions\cl.keil-assistant-1.6.2\dist\extension.js:1:4344)
	at process.processTicksAndRejections (node:internal/process/task_queues:96:5)]
Log at : 2023/7/31|23:19:11|GMT+0800

[TypeError: Cannot read properties of undefined (reading 'C51')
	at b.getIncString (c:\Users\dali\.vscode\extensions\cl.keil-assistant-1.6.2\dist\extension.js:1:13625)
	at b.<anonymous> (c:\Users\dali\.vscode\extensions\cl.keil-assistant-1.6.2\dist\extension.js:1:10429)
	at Generator.next (<anonymous>)
	at c:\Users\dali\.vscode\extensions\cl.keil-assistant-1.6.2\dist\extension.js:1:4542
	at new Promise (<anonymous>)
	at r (c:\Users\dali\.vscode\extensions\cl.keil-assistant-1.6.2\dist\extension.js:1:4287)
	at b.load (c:\Users\dali\.vscode\extensions\cl.keil-assistant-1.6.2\dist\extension.js:1:10382)
	at x.<anonymous> (c:\Users\dali\.vscode\extensions\cl.keil-assistant-1.6.2\dist\extension.js:1:8182)
	at Generator.next (<anonymous>)
	at a (c:\Users\dali\.vscode\extensions\cl.keil-assistant-1.6.2\dist\extension.js:1:4344)]
Log at : 2023/8/5|21:48:51|GMT+0800

[TypeError: Cannot read properties of undefined (reading 'C51')
	at b.getIncString (c:\Users\dali\.vscode\extensions\cl.keil-assistant-1.6.2\dist\extension.js:1:13625)
	at b.<anonymous> (c:\Users\dali\.vscode\extensions\cl.keil-assistant-1.6.2\dist\extension.js:1:10429)
	at Generator.next (<anonymous>)
	at c:\Users\dali\.vscode\extensions\cl.keil-assistant-1.6.2\dist\extension.js:1:4542
	at new Promise (<anonymous>)
	at r (c:\Users\dali\.vscode\extensions\cl.keil-assistant-1.6.2\dist\extension.js:1:4287)
	at b.load (c:\Users\dali\.vscode\extensions\cl.keil-assistant-1.6.2\dist\extension.js:1:10382)
	at x.<anonymous> (c:\Users\dali\.vscode\extensions\cl.keil-assistant-1.6.2\dist\extension.js:1:8182)
	at Generator.next (<anonymous>)
	at a (c:\Users\dali\.vscode\extensions\cl.keil-assistant-1.6.2\dist\extension.js:1:4344)]
[TypeError: Cannot read properties of undefined (reading 'C51')
	at b.getIncString (c:\Users\dali\.vscode\extensions\cl.keil-assistant-1.6.2\dist\extension.js:1:13625)
	at b.<anonymous> (c:\Users\dali\.vscode\extensions\cl.keil-assistant-1.6.2\dist\extension.js:1:10429)
	at Generator.next (<anonymous>)
	at c:\Users\dali\.vscode\extensions\cl.keil-assistant-1.6.2\dist\extension.js:1:4542
	at new Promise (<anonymous>)
	at r (c:\Users\dali\.vscode\extensions\cl.keil-assistant-1.6.2\dist\extension.js:1:4287)
	at b.load (c:\Users\dali\.vscode\extensions\cl.keil-assistant-1.6.2\dist\extension.js:1:10382)
	at x.<anonymous> (c:\Users\dali\.vscode\extensions\cl.keil-assistant-1.6.2\dist\extension.js:1:8182)
	at Generator.next (<anonymous>)
	at a (c:\Users\dali\.vscode\extensions\cl.keil-assistant-1.6.2\dist\extension.js:1:4344)
	at process.processTicksAndRejections (node:internal/process/task_queues:96:5)]
Log at : 2023/8/6|13:20:25|GMT+0800

[TypeError: Cannot read properties of undefined (reading 'C51')
	at b.getIncString (c:\Users\dali\.vscode\extensions\cl.keil-assistant-1.6.2\dist\extension.js:1:13625)
	at b.<anonymous> (c:\Users\dali\.vscode\extensions\cl.keil-assistant-1.6.2\dist\extension.js:1:10429)
	at Generator.next (<anonymous>)
	at c:\Users\dali\.vscode\extensions\cl.keil-assistant-1.6.2\dist\extension.js:1:4542
	at new Promise (<anonymous>)
	at r (c:\Users\dali\.vscode\extensions\cl.keil-assistant-1.6.2\dist\extension.js:1:4287)
	at b.load (c:\Users\dali\.vscode\extensions\cl.keil-assistant-1.6.2\dist\extension.js:1:10382)
	at x.<anonymous> (c:\Users\dali\.vscode\extensions\cl.keil-assistant-1.6.2\dist\extension.js:1:8182)
	at Generator.next (<anonymous>)
	at a (c:\Users\dali\.vscode\extensions\cl.keil-assistant-1.6.2\dist\extension.js:1:4344)]
[TypeError: Cannot read properties of undefined (reading 'C51')
	at b.getIncString (c:\Users\dali\.vscode\extensions\cl.keil-assistant-1.6.2\dist\extension.js:1:13625)
	at b.<anonymous> (c:\Users\dali\.vscode\extensions\cl.keil-assistant-1.6.2\dist\extension.js:1:10429)
	at Generator.next (<anonymous>)
	at c:\Users\dali\.vscode\extensions\cl.keil-assistant-1.6.2\dist\extension.js:1:4542
	at new Promise (<anonymous>)
	at r (c:\Users\dali\.vscode\extensions\cl.keil-assistant-1.6.2\dist\extension.js:1:4287)
	at b.load (c:\Users\dali\.vscode\extensions\cl.keil-assistant-1.6.2\dist\extension.js:1:10382)
	at x.<anonymous> (c:\Users\dali\.vscode\extensions\cl.keil-assistant-1.6.2\dist\extension.js:1:8182)
	at Generator.next (<anonymous>)
	at a (c:\Users\dali\.vscode\extensions\cl.keil-assistant-1.6.2\dist\extension.js:1:4344)
	at process.processTicksAndRejections (node:internal/process/task_queues:96:5)]
Log at : 2023/8/6|14:07:15|GMT+0800

[TypeError: Cannot read properties of undefined (reading 'C51')
	at b.getIncString (c:\Users\dali\.vscode\extensions\cl.keil-assistant-1.6.2\dist\extension.js:1:13625)
	at b.<anonymous> (c:\Users\dali\.vscode\extensions\cl.keil-assistant-1.6.2\dist\extension.js:1:10429)
	at Generator.next (<anonymous>)
	at c:\Users\dali\.vscode\extensions\cl.keil-assistant-1.6.2\dist\extension.js:1:4542
	at new Promise (<anonymous>)
	at r (c:\Users\dali\.vscode\extensions\cl.keil-assistant-1.6.2\dist\extension.js:1:4287)
	at b.load (c:\Users\dali\.vscode\extensions\cl.keil-assistant-1.6.2\dist\extension.js:1:10382)
	at x.<anonymous> (c:\Users\dali\.vscode\extensions\cl.keil-assistant-1.6.2\dist\extension.js:1:8182)
	at Generator.next (<anonymous>)
	at a (c:\Users\dali\.vscode\extensions\cl.keil-assistant-1.6.2\dist\extension.js:1:4344)]
[TypeError: Cannot read properties of undefined (reading 'C51')
	at b.getIncString (c:\Users\dali\.vscode\extensions\cl.keil-assistant-1.6.2\dist\extension.js:1:13625)
	at b.<anonymous> (c:\Users\dali\.vscode\extensions\cl.keil-assistant-1.6.2\dist\extension.js:1:10429)
	at Generator.next (<anonymous>)
	at c:\Users\dali\.vscode\extensions\cl.keil-assistant-1.6.2\dist\extension.js:1:4542
	at new Promise (<anonymous>)
	at r (c:\Users\dali\.vscode\extensions\cl.keil-assistant-1.6.2\dist\extension.js:1:4287)
	at b.load (c:\Users\dali\.vscode\extensions\cl.keil-assistant-1.6.2\dist\extension.js:1:10382)
	at x.<anonymous> (c:\Users\dali\.vscode\extensions\cl.keil-assistant-1.6.2\dist\extension.js:1:8182)
	at Generator.next (<anonymous>)
	at a (c:\Users\dali\.vscode\extensions\cl.keil-assistant-1.6.2\dist\extension.js:1:4344)
	at process.processTicksAndRejections (node:internal/process/task_queues:96:5)]
[TypeError: Cannot read properties of undefined (reading 'C51')
	at b.getIncString (c:\Users\dali\.vscode\extensions\cl.keil-assistant-1.6.2\dist\extension.js:1:13625)
	at b.<anonymous> (c:\Users\dali\.vscode\extensions\cl.keil-assistant-1.6.2\dist\extension.js:1:10429)
	at Generator.next (<anonymous>)
	at c:\Users\dali\.vscode\extensions\cl.keil-assistant-1.6.2\dist\extension.js:1:4542
	at new Promise (<anonymous>)
	at r (c:\Users\dali\.vscode\extensions\cl.keil-assistant-1.6.2\dist\extension.js:1:4287)
	at b.load (c:\Users\dali\.vscode\extensions\cl.keil-assistant-1.6.2\dist\extension.js:1:10382)
	at x.<anonymous> (c:\Users\dali\.vscode\extensions\cl.keil-assistant-1.6.2\dist\extension.js:1:8182)
	at Generator.next (<anonymous>)
	at a (c:\Users\dali\.vscode\extensions\cl.keil-assistant-1.6.2\dist\extension.js:1:4344)
	at process.processTicksAndRejections (node:internal/process/task_queues:96:5)]
[TypeError: Cannot read properties of undefined (reading 'C51')
	at b.getIncString (c:\Users\dali\.vscode\extensions\cl.keil-assistant-1.6.2\dist\extension.js:1:13625)
	at b.<anonymous> (c:\Users\dali\.vscode\extensions\cl.keil-assistant-1.6.2\dist\extension.js:1:10429)
	at Generator.next (<anonymous>)
	at c:\Users\dali\.vscode\extensions\cl.keil-assistant-1.6.2\dist\extension.js:1:4542
	at new Promise (<anonymous>)
	at r (c:\Users\dali\.vscode\extensions\cl.keil-assistant-1.6.2\dist\extension.js:1:4287)
	at b.load (c:\Users\dali\.vscode\extensions\cl.keil-assistant-1.6.2\dist\extension.js:1:10382)
	at x.<anonymous> (c:\Users\dali\.vscode\extensions\cl.keil-assistant-1.6.2\dist\extension.js:1:8182)
	at Generator.next (<anonymous>)
	at a (c:\Users\dali\.vscode\extensions\cl.keil-assistant-1.6.2\dist\extension.js:1:4344)
	at process.processTicksAndRejections (node:internal/process/task_queues:96:5)]
[TypeError: Cannot read properties of undefined (reading 'C51')
	at b.getIncString (c:\Users\dali\.vscode\extensions\cl.keil-assistant-1.6.2\dist\extension.js:1:13625)
	at b.<anonymous> (c:\Users\dali\.vscode\extensions\cl.keil-assistant-1.6.2\dist\extension.js:1:10429)
	at Generator.next (<anonymous>)
	at c:\Users\dali\.vscode\extensions\cl.keil-assistant-1.6.2\dist\extension.js:1:4542
	at new Promise (<anonymous>)
	at r (c:\Users\dali\.vscode\extensions\cl.keil-assistant-1.6.2\dist\extension.js:1:4287)
	at b.load (c:\Users\dali\.vscode\extensions\cl.keil-assistant-1.6.2\dist\extension.js:1:10382)
	at x.<anonymous> (c:\Users\dali\.vscode\extensions\cl.keil-assistant-1.6.2\dist\extension.js:1:8182)
	at Generator.next (<anonymous>)
	at a (c:\Users\dali\.vscode\extensions\cl.keil-assistant-1.6.2\dist\extension.js:1:4344)
	at process.processTicksAndRejections (node:internal/process/task_queues:96:5)]
[TypeError: Cannot read properties of undefined (reading 'C51')
	at b.getIncString (c:\Users\dali\.vscode\extensions\cl.keil-assistant-1.6.2\dist\extension.js:1:13625)
	at b.<anonymous> (c:\Users\dali\.vscode\extensions\cl.keil-assistant-1.6.2\dist\extension.js:1:10429)
	at Generator.next (<anonymous>)
	at c:\Users\dali\.vscode\extensions\cl.keil-assistant-1.6.2\dist\extension.js:1:4542
	at new Promise (<anonymous>)
	at r (c:\Users\dali\.vscode\extensions\cl.keil-assistant-1.6.2\dist\extension.js:1:4287)
	at b.load (c:\Users\dali\.vscode\extensions\cl.keil-assistant-1.6.2\dist\extension.js:1:10382)
	at x.<anonymous> (c:\Users\dali\.vscode\extensions\cl.keil-assistant-1.6.2\dist\extension.js:1:8182)
	at Generator.next (<anonymous>)
	at a (c:\Users\dali\.vscode\extensions\cl.keil-assistant-1.6.2\dist\extension.js:1:4344)
	at process.processTicksAndRejections (node:internal/process/task_queues:96:5)]
[TypeError: Cannot read properties of undefined (reading 'C51')
	at b.getIncString (c:\Users\dali\.vscode\extensions\cl.keil-assistant-1.6.2\dist\extension.js:1:13625)
	at b.<anonymous> (c:\Users\dali\.vscode\extensions\cl.keil-assistant-1.6.2\dist\extension.js:1:10429)
	at Generator.next (<anonymous>)
	at c:\Users\dali\.vscode\extensions\cl.keil-assistant-1.6.2\dist\extension.js:1:4542
	at new Promise (<anonymous>)
	at r (c:\Users\dali\.vscode\extensions\cl.keil-assistant-1.6.2\dist\extension.js:1:4287)
	at b.load (c:\Users\dali\.vscode\extensions\cl.keil-assistant-1.6.2\dist\extension.js:1:10382)
	at x.<anonymous> (c:\Users\dali\.vscode\extensions\cl.keil-assistant-1.6.2\dist\extension.js:1:8182)
	at Generator.next (<anonymous>)
	at a (c:\Users\dali\.vscode\extensions\cl.keil-assistant-1.6.2\dist\extension.js:1:4344)
	at process.processTicksAndRejections (node:internal/process/task_queues:96:5)]
[TypeError: Cannot read properties of undefined (reading 'C51')
	at b.getIncString (c:\Users\dali\.vscode\extensions\cl.keil-assistant-1.6.2\dist\extension.js:1:13625)
	at b.<anonymous> (c:\Users\dali\.vscode\extensions\cl.keil-assistant-1.6.2\dist\extension.js:1:10429)
	at Generator.next (<anonymous>)
	at c:\Users\dali\.vscode\extensions\cl.keil-assistant-1.6.2\dist\extension.js:1:4542
	at new Promise (<anonymous>)
	at r (c:\Users\dali\.vscode\extensions\cl.keil-assistant-1.6.2\dist\extension.js:1:4287)
	at b.load (c:\Users\dali\.vscode\extensions\cl.keil-assistant-1.6.2\dist\extension.js:1:10382)
	at x.<anonymous> (c:\Users\dali\.vscode\extensions\cl.keil-assistant-1.6.2\dist\extension.js:1:8182)
	at Generator.next (<anonymous>)
	at a (c:\Users\dali\.vscode\extensions\cl.keil-assistant-1.6.2\dist\extension.js:1:4344)
	at process.processTicksAndRejections (node:internal/process/task_queues:96:5)]
[TypeError: Cannot read properties of undefined (reading 'C51')
	at b.getIncString (c:\Users\dali\.vscode\extensions\cl.keil-assistant-1.6.2\dist\extension.js:1:13625)
	at b.<anonymous> (c:\Users\dali\.vscode\extensions\cl.keil-assistant-1.6.2\dist\extension.js:1:10429)
	at Generator.next (<anonymous>)
	at c:\Users\dali\.vscode\extensions\cl.keil-assistant-1.6.2\dist\extension.js:1:4542
	at new Promise (<anonymous>)
	at r (c:\Users\dali\.vscode\extensions\cl.keil-assistant-1.6.2\dist\extension.js:1:4287)
	at b.load (c:\Users\dali\.vscode\extensions\cl.keil-assistant-1.6.2\dist\extension.js:1:10382)
	at x.<anonymous> (c:\Users\dali\.vscode\extensions\cl.keil-assistant-1.6.2\dist\extension.js:1:8182)
	at Generator.next (<anonymous>)
	at a (c:\Users\dali\.vscode\extensions\cl.keil-assistant-1.6.2\dist\extension.js:1:4344)
	at process.processTicksAndRejections (node:internal/process/task_queues:96:5)]
[TypeError: Cannot read properties of undefined (reading 'C51')
	at b.getIncString (c:\Users\dali\.vscode\extensions\cl.keil-assistant-1.6.2\dist\extension.js:1:13625)
	at b.<anonymous> (c:\Users\dali\.vscode\extensions\cl.keil-assistant-1.6.2\dist\extension.js:1:10429)
	at Generator.next (<anonymous>)
	at c:\Users\dali\.vscode\extensions\cl.keil-assistant-1.6.2\dist\extension.js:1:4542
	at new Promise (<anonymous>)
	at r (c:\Users\dali\.vscode\extensions\cl.keil-assistant-1.6.2\dist\extension.js:1:4287)
	at b.load (c:\Users\dali\.vscode\extensions\cl.keil-assistant-1.6.2\dist\extension.js:1:10382)
	at x.<anonymous> (c:\Users\dali\.vscode\extensions\cl.keil-assistant-1.6.2\dist\extension.js:1:8182)
	at Generator.next (<anonymous>)
	at a (c:\Users\dali\.vscode\extensions\cl.keil-assistant-1.6.2\dist\extension.js:1:4344)
	at process.processTicksAndRejections (node:internal/process/task_queues:96:5)]
Log at : 2023/8/6|16:10:07|GMT+0800

[TypeError: Cannot read properties of undefined (reading 'C51')
	at b.getIncString (c:\Users\dali\.vscode\extensions\cl.keil-assistant-1.6.2\dist\extension.js:1:13625)
	at b.<anonymous> (c:\Users\dali\.vscode\extensions\cl.keil-assistant-1.6.2\dist\extension.js:1:10429)
	at Generator.next (<anonymous>)
	at c:\Users\dali\.vscode\extensions\cl.keil-assistant-1.6.2\dist\extension.js:1:4542
	at new Promise (<anonymous>)
	at r (c:\Users\dali\.vscode\extensions\cl.keil-assistant-1.6.2\dist\extension.js:1:4287)
	at b.load (c:\Users\dali\.vscode\extensions\cl.keil-assistant-1.6.2\dist\extension.js:1:10382)
	at x.<anonymous> (c:\Users\dali\.vscode\extensions\cl.keil-assistant-1.6.2\dist\extension.js:1:8182)
	at Generator.next (<anonymous>)
	at a (c:\Users\dali\.vscode\extensions\cl.keil-assistant-1.6.2\dist\extension.js:1:4344)]
[TypeError: Cannot read properties of undefined (reading 'C51')
	at b.getIncString (c:\Users\dali\.vscode\extensions\cl.keil-assistant-1.6.2\dist\extension.js:1:13625)
	at b.<anonymous> (c:\Users\dali\.vscode\extensions\cl.keil-assistant-1.6.2\dist\extension.js:1:10429)
	at Generator.next (<anonymous>)
	at c:\Users\dali\.vscode\extensions\cl.keil-assistant-1.6.2\dist\extension.js:1:4542
	at new Promise (<anonymous>)
	at r (c:\Users\dali\.vscode\extensions\cl.keil-assistant-1.6.2\dist\extension.js:1:4287)
	at b.load (c:\Users\dali\.vscode\extensions\cl.keil-assistant-1.6.2\dist\extension.js:1:10382)
	at x.<anonymous> (c:\Users\dali\.vscode\extensions\cl.keil-assistant-1.6.2\dist\extension.js:1:8182)
	at Generator.next (<anonymous>)
	at a (c:\Users\dali\.vscode\extensions\cl.keil-assistant-1.6.2\dist\extension.js:1:4344)
	at process.processTicksAndRejections (node:internal/process/task_queues:96:5)]
[TypeError: Cannot read properties of undefined (reading 'C51')
	at b.getIncString (c:\Users\dali\.vscode\extensions\cl.keil-assistant-1.6.2\dist\extension.js:1:13625)
	at b.<anonymous> (c:\Users\dali\.vscode\extensions\cl.keil-assistant-1.6.2\dist\extension.js:1:10429)
	at Generator.next (<anonymous>)
	at c:\Users\dali\.vscode\extensions\cl.keil-assistant-1.6.2\dist\extension.js:1:4542
	at new Promise (<anonymous>)
	at r (c:\Users\dali\.vscode\extensions\cl.keil-assistant-1.6.2\dist\extension.js:1:4287)
	at b.load (c:\Users\dali\.vscode\extensions\cl.keil-assistant-1.6.2\dist\extension.js:1:10382)
	at x.<anonymous> (c:\Users\dali\.vscode\extensions\cl.keil-assistant-1.6.2\dist\extension.js:1:8182)
	at Generator.next (<anonymous>)
	at a (c:\Users\dali\.vscode\extensions\cl.keil-assistant-1.6.2\dist\extension.js:1:4344)
	at process.processTicksAndRejections (node:internal/process/task_queues:96:5)]
[TypeError: Cannot read properties of undefined (reading 'C51')
	at b.getIncString (c:\Users\dali\.vscode\extensions\cl.keil-assistant-1.6.2\dist\extension.js:1:13625)
	at b.<anonymous> (c:\Users\dali\.vscode\extensions\cl.keil-assistant-1.6.2\dist\extension.js:1:10429)
	at Generator.next (<anonymous>)
	at c:\Users\dali\.vscode\extensions\cl.keil-assistant-1.6.2\dist\extension.js:1:4542
	at new Promise (<anonymous>)
	at r (c:\Users\dali\.vscode\extensions\cl.keil-assistant-1.6.2\dist\extension.js:1:4287)
	at b.load (c:\Users\dali\.vscode\extensions\cl.keil-assistant-1.6.2\dist\extension.js:1:10382)
	at x.<anonymous> (c:\Users\dali\.vscode\extensions\cl.keil-assistant-1.6.2\dist\extension.js:1:8182)
	at Generator.next (<anonymous>)
	at a (c:\Users\dali\.vscode\extensions\cl.keil-assistant-1.6.2\dist\extension.js:1:4344)
	at process.processTicksAndRejections (node:internal/process/task_queues:96:5)]
[TypeError: Cannot read properties of undefined (reading 'C51')
	at b.getIncString (c:\Users\dali\.vscode\extensions\cl.keil-assistant-1.6.2\dist\extension.js:1:13625)
	at b.<anonymous> (c:\Users\dali\.vscode\extensions\cl.keil-assistant-1.6.2\dist\extension.js:1:10429)
	at Generator.next (<anonymous>)
	at c:\Users\dali\.vscode\extensions\cl.keil-assistant-1.6.2\dist\extension.js:1:4542
	at new Promise (<anonymous>)
	at r (c:\Users\dali\.vscode\extensions\cl.keil-assistant-1.6.2\dist\extension.js:1:4287)
	at b.load (c:\Users\dali\.vscode\extensions\cl.keil-assistant-1.6.2\dist\extension.js:1:10382)
	at x.<anonymous> (c:\Users\dali\.vscode\extensions\cl.keil-assistant-1.6.2\dist\extension.js:1:8182)
	at Generator.next (<anonymous>)
	at a (c:\Users\dali\.vscode\extensions\cl.keil-assistant-1.6.2\dist\extension.js:1:4344)
	at process.processTicksAndRejections (node:internal/process/task_queues:96:5)]
[TypeError: Cannot read properties of undefined (reading 'C51')
	at b.getIncString (c:\Users\dali\.vscode\extensions\cl.keil-assistant-1.6.2\dist\extension.js:1:13625)
	at b.<anonymous> (c:\Users\dali\.vscode\extensions\cl.keil-assistant-1.6.2\dist\extension.js:1:10429)
	at Generator.next (<anonymous>)
	at c:\Users\dali\.vscode\extensions\cl.keil-assistant-1.6.2\dist\extension.js:1:4542
	at new Promise (<anonymous>)
	at r (c:\Users\dali\.vscode\extensions\cl.keil-assistant-1.6.2\dist\extension.js:1:4287)
	at b.load (c:\Users\dali\.vscode\extensions\cl.keil-assistant-1.6.2\dist\extension.js:1:10382)
	at x.<anonymous> (c:\Users\dali\.vscode\extensions\cl.keil-assistant-1.6.2\dist\extension.js:1:8182)
	at Generator.next (<anonymous>)
	at a (c:\Users\dali\.vscode\extensions\cl.keil-assistant-1.6.2\dist\extension.js:1:4344)
	at process.processTicksAndRejections (node:internal/process/task_queues:96:5)]
[TypeError: Cannot read properties of undefined (reading 'C51')
	at b.getIncString (c:\Users\dali\.vscode\extensions\cl.keil-assistant-1.6.2\dist\extension.js:1:13625)
	at b.<anonymous> (c:\Users\dali\.vscode\extensions\cl.keil-assistant-1.6.2\dist\extension.js:1:10429)
	at Generator.next (<anonymous>)
	at c:\Users\dali\.vscode\extensions\cl.keil-assistant-1.6.2\dist\extension.js:1:4542
	at new Promise (<anonymous>)
	at r (c:\Users\dali\.vscode\extensions\cl.keil-assistant-1.6.2\dist\extension.js:1:4287)
	at b.load (c:\Users\dali\.vscode\extensions\cl.keil-assistant-1.6.2\dist\extension.js:1:10382)
	at x.<anonymous> (c:\Users\dali\.vscode\extensions\cl.keil-assistant-1.6.2\dist\extension.js:1:8182)
	at Generator.next (<anonymous>)
	at a (c:\Users\dali\.vscode\extensions\cl.keil-assistant-1.6.2\dist\extension.js:1:4344)
	at process.processTicksAndRejections (node:internal/process/task_queues:96:5)]
[TypeError: Cannot read properties of undefined (reading 'C51')
	at b.getIncString (c:\Users\dali\.vscode\extensions\cl.keil-assistant-1.6.2\dist\extension.js:1:13625)
	at b.<anonymous> (c:\Users\dali\.vscode\extensions\cl.keil-assistant-1.6.2\dist\extension.js:1:10429)
	at Generator.next (<anonymous>)
	at c:\Users\dali\.vscode\extensions\cl.keil-assistant-1.6.2\dist\extension.js:1:4542
	at new Promise (<anonymous>)
	at r (c:\Users\dali\.vscode\extensions\cl.keil-assistant-1.6.2\dist\extension.js:1:4287)
	at b.load (c:\Users\dali\.vscode\extensions\cl.keil-assistant-1.6.2\dist\extension.js:1:10382)
	at x.<anonymous> (c:\Users\dali\.vscode\extensions\cl.keil-assistant-1.6.2\dist\extension.js:1:8182)
	at Generator.next (<anonymous>)
	at a (c:\Users\dali\.vscode\extensions\cl.keil-assistant-1.6.2\dist\extension.js:1:4344)
	at process.processTicksAndRejections (node:internal/process/task_queues:96:5)]
[TypeError: Cannot read properties of undefined (reading 'C51')
	at b.getIncString (c:\Users\dali\.vscode\extensions\cl.keil-assistant-1.6.2\dist\extension.js:1:13625)
	at b.<anonymous> (c:\Users\dali\.vscode\extensions\cl.keil-assistant-1.6.2\dist\extension.js:1:10429)
	at Generator.next (<anonymous>)
	at c:\Users\dali\.vscode\extensions\cl.keil-assistant-1.6.2\dist\extension.js:1:4542
	at new Promise (<anonymous>)
	at r (c:\Users\dali\.vscode\extensions\cl.keil-assistant-1.6.2\dist\extension.js:1:4287)
	at b.load (c:\Users\dali\.vscode\extensions\cl.keil-assistant-1.6.2\dist\extension.js:1:10382)
	at x.<anonymous> (c:\Users\dali\.vscode\extensions\cl.keil-assistant-1.6.2\dist\extension.js:1:8182)
	at Generator.next (<anonymous>)
	at a (c:\Users\dali\.vscode\extensions\cl.keil-assistant-1.6.2\dist\extension.js:1:4344)
	at process.processTicksAndRejections (node:internal/process/task_queues:96:5)]
[TypeError: Cannot read properties of undefined (reading 'C51')
	at b.getIncString (c:\Users\dali\.vscode\extensions\cl.keil-assistant-1.6.2\dist\extension.js:1:13625)
	at b.<anonymous> (c:\Users\dali\.vscode\extensions\cl.keil-assistant-1.6.2\dist\extension.js:1:10429)
	at Generator.next (<anonymous>)
	at c:\Users\dali\.vscode\extensions\cl.keil-assistant-1.6.2\dist\extension.js:1:4542
	at new Promise (<anonymous>)
	at r (c:\Users\dali\.vscode\extensions\cl.keil-assistant-1.6.2\dist\extension.js:1:4287)
	at b.load (c:\Users\dali\.vscode\extensions\cl.keil-assistant-1.6.2\dist\extension.js:1:10382)
	at x.<anonymous> (c:\Users\dali\.vscode\extensions\cl.keil-assistant-1.6.2\dist\extension.js:1:8182)
	at Generator.next (<anonymous>)
	at a (c:\Users\dali\.vscode\extensions\cl.keil-assistant-1.6.2\dist\extension.js:1:4344)
	at process.processTicksAndRejections (node:internal/process/task_queues:96:5)]
[TypeError: Cannot read properties of undefined (reading 'C51')
	at b.getIncString (c:\Users\dali\.vscode\extensions\cl.keil-assistant-1.6.2\dist\extension.js:1:13625)
	at b.<anonymous> (c:\Users\dali\.vscode\extensions\cl.keil-assistant-1.6.2\dist\extension.js:1:10429)
	at Generator.next (<anonymous>)
	at c:\Users\dali\.vscode\extensions\cl.keil-assistant-1.6.2\dist\extension.js:1:4542
	at new Promise (<anonymous>)
	at r (c:\Users\dali\.vscode\extensions\cl.keil-assistant-1.6.2\dist\extension.js:1:4287)
	at b.load (c:\Users\dali\.vscode\extensions\cl.keil-assistant-1.6.2\dist\extension.js:1:10382)
	at x.<anonymous> (c:\Users\dali\.vscode\extensions\cl.keil-assistant-1.6.2\dist\extension.js:1:8182)
	at Generator.next (<anonymous>)
	at a (c:\Users\dali\.vscode\extensions\cl.keil-assistant-1.6.2\dist\extension.js:1:4344)
	at process.processTicksAndRejections (node:internal/process/task_queues:96:5)]
[TypeError: Cannot read properties of undefined (reading 'C51')
	at b.getIncString (c:\Users\dali\.vscode\extensions\cl.keil-assistant-1.6.2\dist\extension.js:1:13625)
	at b.<anonymous> (c:\Users\dali\.vscode\extensions\cl.keil-assistant-1.6.2\dist\extension.js:1:10429)
	at Generator.next (<anonymous>)
	at c:\Users\dali\.vscode\extensions\cl.keil-assistant-1.6.2\dist\extension.js:1:4542
	at new Promise (<anonymous>)
	at r (c:\Users\dali\.vscode\extensions\cl.keil-assistant-1.6.2\dist\extension.js:1:4287)
	at b.load (c:\Users\dali\.vscode\extensions\cl.keil-assistant-1.6.2\dist\extension.js:1:10382)
	at x.<anonymous> (c:\Users\dali\.vscode\extensions\cl.keil-assistant-1.6.2\dist\extension.js:1:8182)
	at Generator.next (<anonymous>)
	at a (c:\Users\dali\.vscode\extensions\cl.keil-assistant-1.6.2\dist\extension.js:1:4344)
	at process.processTicksAndRejections (node:internal/process/task_queues:96:5)]
[TypeError: Cannot read properties of undefined (reading 'C51')
	at b.getIncString (c:\Users\dali\.vscode\extensions\cl.keil-assistant-1.6.2\dist\extension.js:1:13625)
	at b.<anonymous> (c:\Users\dali\.vscode\extensions\cl.keil-assistant-1.6.2\dist\extension.js:1:10429)
	at Generator.next (<anonymous>)
	at c:\Users\dali\.vscode\extensions\cl.keil-assistant-1.6.2\dist\extension.js:1:4542
	at new Promise (<anonymous>)
	at r (c:\Users\dali\.vscode\extensions\cl.keil-assistant-1.6.2\dist\extension.js:1:4287)
	at b.load (c:\Users\dali\.vscode\extensions\cl.keil-assistant-1.6.2\dist\extension.js:1:10382)
	at x.<anonymous> (c:\Users\dali\.vscode\extensions\cl.keil-assistant-1.6.2\dist\extension.js:1:8182)
	at Generator.next (<anonymous>)
	at a (c:\Users\dali\.vscode\extensions\cl.keil-assistant-1.6.2\dist\extension.js:1:4344)
	at process.processTicksAndRejections (node:internal/process/task_queues:96:5)]
[TypeError: Cannot read properties of undefined (reading 'C51')
	at b.getIncString (c:\Users\dali\.vscode\extensions\cl.keil-assistant-1.6.2\dist\extension.js:1:13625)
	at b.<anonymous> (c:\Users\dali\.vscode\extensions\cl.keil-assistant-1.6.2\dist\extension.js:1:10429)
	at Generator.next (<anonymous>)
	at c:\Users\dali\.vscode\extensions\cl.keil-assistant-1.6.2\dist\extension.js:1:4542
	at new Promise (<anonymous>)
	at r (c:\Users\dali\.vscode\extensions\cl.keil-assistant-1.6.2\dist\extension.js:1:4287)
	at b.load (c:\Users\dali\.vscode\extensions\cl.keil-assistant-1.6.2\dist\extension.js:1:10382)
	at x.<anonymous> (c:\Users\dali\.vscode\extensions\cl.keil-assistant-1.6.2\dist\extension.js:1:8182)
	at Generator.next (<anonymous>)
	at a (c:\Users\dali\.vscode\extensions\cl.keil-assistant-1.6.2\dist\extension.js:1:4344)
	at process.processTicksAndRejections (node:internal/process/task_queues:96:5)]
[TypeError: Cannot read properties of undefined (reading 'C51')
	at b.getIncString (c:\Users\dali\.vscode\extensions\cl.keil-assistant-1.6.2\dist\extension.js:1:13625)
	at b.<anonymous> (c:\Users\dali\.vscode\extensions\cl.keil-assistant-1.6.2\dist\extension.js:1:10429)
	at Generator.next (<anonymous>)
	at c:\Users\dali\.vscode\extensions\cl.keil-assistant-1.6.2\dist\extension.js:1:4542
	at new Promise (<anonymous>)
	at r (c:\Users\dali\.vscode\extensions\cl.keil-assistant-1.6.2\dist\extension.js:1:4287)
	at b.load (c:\Users\dali\.vscode\extensions\cl.keil-assistant-1.6.2\dist\extension.js:1:10382)
	at x.<anonymous> (c:\Users\dali\.vscode\extensions\cl.keil-assistant-1.6.2\dist\extension.js:1:8182)
	at Generator.next (<anonymous>)
	at a (c:\Users\dali\.vscode\extensions\cl.keil-assistant-1.6.2\dist\extension.js:1:4344)
	at process.processTicksAndRejections (node:internal/process/task_queues:96:5)]
Log at : 2023/8/6|17:19:21|GMT+0800

[TypeError: Cannot read properties of undefined (reading 'C51')
	at b.getIncString (c:\Users\dali\.vscode\extensions\cl.keil-assistant-1.6.2\dist\extension.js:1:13625)
	at b.<anonymous> (c:\Users\dali\.vscode\extensions\cl.keil-assistant-1.6.2\dist\extension.js:1:10429)
	at Generator.next (<anonymous>)
	at c:\Users\dali\.vscode\extensions\cl.keil-assistant-1.6.2\dist\extension.js:1:4542
	at new Promise (<anonymous>)
	at r (c:\Users\dali\.vscode\extensions\cl.keil-assistant-1.6.2\dist\extension.js:1:4287)
	at b.load (c:\Users\dali\.vscode\extensions\cl.keil-assistant-1.6.2\dist\extension.js:1:10382)
	at x.<anonymous> (c:\Users\dali\.vscode\extensions\cl.keil-assistant-1.6.2\dist\extension.js:1:8182)
	at Generator.next (<anonymous>)
	at a (c:\Users\dali\.vscode\extensions\cl.keil-assistant-1.6.2\dist\extension.js:1:4344)]
Log at : 2023/8/6|17:26:12|GMT+0800

[TypeError: Cannot read properties of undefined (reading 'C51')
	at b.getIncString (c:\Users\dali\.vscode\extensions\cl.keil-assistant-1.6.2\dist\extension.js:1:13625)
	at b.<anonymous> (c:\Users\dali\.vscode\extensions\cl.keil-assistant-1.6.2\dist\extension.js:1:10429)
	at Generator.next (<anonymous>)
	at c:\Users\dali\.vscode\extensions\cl.keil-assistant-1.6.2\dist\extension.js:1:4542
	at new Promise (<anonymous>)
	at r (c:\Users\dali\.vscode\extensions\cl.keil-assistant-1.6.2\dist\extension.js:1:4287)
	at b.load (c:\Users\dali\.vscode\extensions\cl.keil-assistant-1.6.2\dist\extension.js:1:10382)
	at x.<anonymous> (c:\Users\dali\.vscode\extensions\cl.keil-assistant-1.6.2\dist\extension.js:1:8182)
	at Generator.next (<anonymous>)
	at a (c:\Users\dali\.vscode\extensions\cl.keil-assistant-1.6.2\dist\extension.js:1:4344)]
Log at : 2023/8/6|17:39:30|GMT+0800

[TypeError: Cannot read properties of undefined (reading 'C51')
	at b.getIncString (c:\Users\dali\.vscode\extensions\cl.keil-assistant-1.6.2\dist\extension.js:1:13625)
	at b.<anonymous> (c:\Users\dali\.vscode\extensions\cl.keil-assistant-1.6.2\dist\extension.js:1:10429)
	at Generator.next (<anonymous>)
	at c:\Users\dali\.vscode\extensions\cl.keil-assistant-1.6.2\dist\extension.js:1:4542
	at new Promise (<anonymous>)
	at r (c:\Users\dali\.vscode\extensions\cl.keil-assistant-1.6.2\dist\extension.js:1:4287)
	at b.load (c:\Users\dali\.vscode\extensions\cl.keil-assistant-1.6.2\dist\extension.js:1:10382)
	at x.<anonymous> (c:\Users\dali\.vscode\extensions\cl.keil-assistant-1.6.2\dist\extension.js:1:8182)
	at Generator.next (<anonymous>)
	at a (c:\Users\dali\.vscode\extensions\cl.keil-assistant-1.6.2\dist\extension.js:1:4344)]
Log at : 2023/8/7|20:22:20|GMT+0800

[TypeError: Cannot read properties of undefined (reading 'C51')
	at b.getIncString (c:\Users\dali\.vscode\extensions\cl.keil-assistant-1.6.2\dist\extension.js:1:13625)
	at b.<anonymous> (c:\Users\dali\.vscode\extensions\cl.keil-assistant-1.6.2\dist\extension.js:1:10429)
	at Generator.next (<anonymous>)
	at c:\Users\dali\.vscode\extensions\cl.keil-assistant-1.6.2\dist\extension.js:1:4542
	at new Promise (<anonymous>)
	at r (c:\Users\dali\.vscode\extensions\cl.keil-assistant-1.6.2\dist\extension.js:1:4287)
	at b.load (c:\Users\dali\.vscode\extensions\cl.keil-assistant-1.6.2\dist\extension.js:1:10382)
	at x.<anonymous> (c:\Users\dali\.vscode\extensions\cl.keil-assistant-1.6.2\dist\extension.js:1:8182)
	at Generator.next (<anonymous>)
	at a (c:\Users\dali\.vscode\extensions\cl.keil-assistant-1.6.2\dist\extension.js:1:4344)]
[TypeError: Cannot read properties of undefined (reading 'C51')
	at b.getIncString (c:\Users\dali\.vscode\extensions\cl.keil-assistant-1.6.2\dist\extension.js:1:13625)
	at b.<anonymous> (c:\Users\dali\.vscode\extensions\cl.keil-assistant-1.6.2\dist\extension.js:1:10429)
	at Generator.next (<anonymous>)
	at c:\Users\dali\.vscode\extensions\cl.keil-assistant-1.6.2\dist\extension.js:1:4542
	at new Promise (<anonymous>)
	at r (c:\Users\dali\.vscode\extensions\cl.keil-assistant-1.6.2\dist\extension.js:1:4287)
	at b.load (c:\Users\dali\.vscode\extensions\cl.keil-assistant-1.6.2\dist\extension.js:1:10382)
	at x.<anonymous> (c:\Users\dali\.vscode\extensions\cl.keil-assistant-1.6.2\dist\extension.js:1:8182)
	at Generator.next (<anonymous>)
	at a (c:\Users\dali\.vscode\extensions\cl.keil-assistant-1.6.2\dist\extension.js:1:4344)
	at process.processTicksAndRejections (node:internal/process/task_queues:96:5)]
[TypeError: Cannot read properties of undefined (reading 'C51')
	at b.getIncString (c:\Users\dali\.vscode\extensions\cl.keil-assistant-1.6.2\dist\extension.js:1:13625)
	at b.<anonymous> (c:\Users\dali\.vscode\extensions\cl.keil-assistant-1.6.2\dist\extension.js:1:10429)
	at Generator.next (<anonymous>)
	at c:\Users\dali\.vscode\extensions\cl.keil-assistant-1.6.2\dist\extension.js:1:4542
	at new Promise (<anonymous>)
	at r (c:\Users\dali\.vscode\extensions\cl.keil-assistant-1.6.2\dist\extension.js:1:4287)
	at b.load (c:\Users\dali\.vscode\extensions\cl.keil-assistant-1.6.2\dist\extension.js:1:10382)
	at x.<anonymous> (c:\Users\dali\.vscode\extensions\cl.keil-assistant-1.6.2\dist\extension.js:1:8182)
	at Generator.next (<anonymous>)
	at a (c:\Users\dali\.vscode\extensions\cl.keil-assistant-1.6.2\dist\extension.js:1:4344)
	at process.processTicksAndRejections (node:internal/process/task_queues:96:5)]
[TypeError: Cannot read properties of undefined (reading 'C51')
	at b.getIncString (c:\Users\dali\.vscode\extensions\cl.keil-assistant-1.6.2\dist\extension.js:1:13625)
	at b.<anonymous> (c:\Users\dali\.vscode\extensions\cl.keil-assistant-1.6.2\dist\extension.js:1:10429)
	at Generator.next (<anonymous>)
	at c:\Users\dali\.vscode\extensions\cl.keil-assistant-1.6.2\dist\extension.js:1:4542
	at new Promise (<anonymous>)
	at r (c:\Users\dali\.vscode\extensions\cl.keil-assistant-1.6.2\dist\extension.js:1:4287)
	at b.load (c:\Users\dali\.vscode\extensions\cl.keil-assistant-1.6.2\dist\extension.js:1:10382)
	at x.<anonymous> (c:\Users\dali\.vscode\extensions\cl.keil-assistant-1.6.2\dist\extension.js:1:8182)
	at Generator.next (<anonymous>)
	at a (c:\Users\dali\.vscode\extensions\cl.keil-assistant-1.6.2\dist\extension.js:1:4344)
	at process.processTicksAndRejections (node:internal/process/task_queues:96:5)]
[TypeError: Cannot read properties of undefined (reading 'C51')
	at b.getIncString (c:\Users\dali\.vscode\extensions\cl.keil-assistant-1.6.2\dist\extension.js:1:13625)
	at b.<anonymous> (c:\Users\dali\.vscode\extensions\cl.keil-assistant-1.6.2\dist\extension.js:1:10429)
	at Generator.next (<anonymous>)
	at c:\Users\dali\.vscode\extensions\cl.keil-assistant-1.6.2\dist\extension.js:1:4542
	at new Promise (<anonymous>)
	at r (c:\Users\dali\.vscode\extensions\cl.keil-assistant-1.6.2\dist\extension.js:1:4287)
	at b.load (c:\Users\dali\.vscode\extensions\cl.keil-assistant-1.6.2\dist\extension.js:1:10382)
	at x.<anonymous> (c:\Users\dali\.vscode\extensions\cl.keil-assistant-1.6.2\dist\extension.js:1:8182)
	at Generator.next (<anonymous>)
	at a (c:\Users\dali\.vscode\extensions\cl.keil-assistant-1.6.2\dist\extension.js:1:4344)
	at process.processTicksAndRejections (node:internal/process/task_queues:96:5)]
[TypeError: Cannot read properties of undefined (reading 'C51')
	at b.getIncString (c:\Users\dali\.vscode\extensions\cl.keil-assistant-1.6.2\dist\extension.js:1:13625)
	at b.<anonymous> (c:\Users\dali\.vscode\extensions\cl.keil-assistant-1.6.2\dist\extension.js:1:10429)
	at Generator.next (<anonymous>)
	at c:\Users\dali\.vscode\extensions\cl.keil-assistant-1.6.2\dist\extension.js:1:4542
	at new Promise (<anonymous>)
	at r (c:\Users\dali\.vscode\extensions\cl.keil-assistant-1.6.2\dist\extension.js:1:4287)
	at b.load (c:\Users\dali\.vscode\extensions\cl.keil-assistant-1.6.2\dist\extension.js:1:10382)
	at x.<anonymous> (c:\Users\dali\.vscode\extensions\cl.keil-assistant-1.6.2\dist\extension.js:1:8182)
	at Generator.next (<anonymous>)
	at a (c:\Users\dali\.vscode\extensions\cl.keil-assistant-1.6.2\dist\extension.js:1:4344)
	at process.processTicksAndRejections (node:internal/process/task_queues:96:5)]
